[ 2016-12-09T10:37:09+08:00 ] ::1 /diuba/
INFO: [ app_init ] --START--
INFO: Run Behavior\BuildLiteBehavior [ RunTime:0.000016s ]
INFO: [ app_init ] --END-- [ RunTime:0.000869s ]
INFO: [ app_begin ] --START--
INFO: Run Behavior\ReadHtmlCacheBehavior [ RunTime:0.000964s ]
INFO: [ app_begin ] --END-- [ RunTime:0.001022s ]
INFO: [ view_parse ] --START--
INFO: [ template_filter ] --START--
INFO: Run Behavior\ContentReplaceBehavior [ RunTime:0.000114s ]
INFO: [ template_filter ] --END-- [ RunTime:0.000159s ]
NOTIC: [8] Undefined variable: findnum C:\xampp\htdocs\diuba\App\Runtime\Cache\Home\00e52909bed743ea261af4b6823297ff.php 第 142 行.
NOTIC: [8] Undefined variable: lostnum C:\xampp\htdocs\diuba\App\Runtime\Cache\Home\00e52909bed743ea261af4b6823297ff.php 第 143 行.
NOTIC: [8] Undefined variable: all C:\xampp\htdocs\diuba\App\Runtime\Cache\Home\00e52909bed743ea261af4b6823297ff.php 第 144 行.
NOTIC: [8] Undefined variable: lostlist C:\xampp\htdocs\diuba\App\Runtime\Cache\Home\00e52909bed743ea261af4b6823297ff.php 第 162 行.
NOTIC: [8] Undefined variable: findlist C:\xampp\htdocs\diuba\App\Runtime\Cache\Home\00e52909bed743ea261af4b6823297ff.php 第 190 行.
INFO: Run Behavior\ParseTemplateBehavior [ RunTime:0.018682s ]
INFO: [ view_parse ] --END-- [ RunTime:0.018739s ]
INFO: [ view_filter ] --START--
INFO: Run Behavior\WriteHtmlCacheBehavior [ RunTime:0.000853s ]
INFO: [ view_filter ] --END-- [ RunTime:0.000890s ]
INFO: [ app_end ] --START--
INFO: Run Behavior\ShowPageTraceBehavior [ RunTime:0.001107s ]
INFO: [ app_end ] --END-- [ RunTime:0.001163s ]

[ 2016-12-09T10:37:11+08:00 ] ::1 /diuba/Home/Users/reg.html
INFO: [ app_init ] --START--
INFO: Run Behavior\BuildLiteBehavior [ RunTime:0.000013s ]
INFO: [ app_init ] --END-- [ RunTime:0.000649s ]
INFO: [ app_begin ] --START--
INFO: Run Behavior\ReadHtmlCacheBehavior [ RunTime:0.000731s ]
INFO: [ app_begin ] --END-- [ RunTime:0.000780s ]
INFO: [ view_parse ] --START--
INFO: [ template_filter ] --START--
INFO: Run Behavior\ContentReplaceBehavior [ RunTime:0.000105s ]
INFO: [ template_filter ] --END-- [ RunTime:0.000159s ]
NOTIC: [8] Use of undefined constant register - assumed 'register' C:\xampp\htdocs\diuba\App\Runtime\Cache\Home\cadf8ee5853ee307883d6c8704e48fa4.php 第 135 行.
INFO: Run Behavior\ParseTemplateBehavior [ RunTime:0.011047s ]
INFO: [ view_parse ] --END-- [ RunTime:0.011093s ]
INFO: [ view_filter ] --START--
INFO: Run Behavior\WriteHtmlCacheBehavior [ RunTime:0.000626s ]
INFO: [ view_filter ] --END-- [ RunTime:0.000663s ]
INFO: [ app_end ] --START--
INFO: Run Behavior\ShowPageTraceBehavior [ RunTime:0.000992s ]
INFO: [ app_end ] --END-- [ RunTime:0.001048s ]

[ 2016-12-09T10:37:14+08:00 ] ::1 /diuba/Home/Users/checkTele?t=18941137571
INFO: [ app_init ] --START--
INFO: Run Behavior\BuildLiteBehavior [ RunTime:0.000012s ]
INFO: [ app_init ] --END-- [ RunTime:0.000426s ]
INFO: [ app_begin ] --START--
INFO: Run Behavior\ReadHtmlCacheBehavior [ RunTime:0.000914s ]
INFO: [ app_begin ] --END-- [ RunTime:0.001013s ]
NOTIC: [8] Use of undefined constant I - assumed 'I' C:\xampp\htdocs\diuba\App\Home\Controller\UsersController.class.php 第 119 行.
NOTIC: [2] Illegal string offset 'i' C:\xampp\htdocs\diuba\App\Home\Controller\UsersController.class.php 第 119 行.
NOTIC: [8] Use of undefined constant I - assumed 'I' C:\xampp\htdocs\diuba\App\Home\Controller\UsersController.class.php 第 120 行.
NOTIC: [2] Illegal string offset 't' C:\xampp\htdocs\diuba\App\Home\Controller\UsersController.class.php 第 120 行.
SQL: SHOW COLUMNS FROM `diuba_users` [ RunTime:0.0029s ]
SQL: SELECT * FROM `diuba_users` WHERE ( telephone='I' ) LIMIT 1   [ RunTime:0.0003s ]
INFO: [ app_end ] --START--
INFO: Run Behavior\ShowPageTraceBehavior [ RunTime:0.000890s ]
INFO: [ app_end ] --END-- [ RunTime:0.000932s ]

[ 2016-12-09T10:37:16+08:00 ] ::1 /diuba/Home/Users/checkTele?t=18941137571
INFO: [ app_init ] --START--
INFO: Run Behavior\BuildLiteBehavior [ RunTime:0.000014s ]
INFO: [ app_init ] --END-- [ RunTime:0.000602s ]
INFO: [ app_begin ] --START--
INFO: Run Behavior\ReadHtmlCacheBehavior [ RunTime:0.000801s ]
INFO: [ app_begin ] --END-- [ RunTime:0.000842s ]
NOTIC: [8] Use of undefined constant I - assumed 'I' C:\xampp\htdocs\diuba\App\Home\Controller\UsersController.class.php 第 119 行.
NOTIC: [2] Illegal string offset 'i' C:\xampp\htdocs\diuba\App\Home\Controller\UsersController.class.php 第 119 行.
NOTIC: [8] Use of undefined constant I - assumed 'I' C:\xampp\htdocs\diuba\App\Home\Controller\UsersController.class.php 第 120 行.
NOTIC: [2] Illegal string offset 't' C:\xampp\htdocs\diuba\App\Home\Controller\UsersController.class.php 第 120 行.
SQL: SHOW COLUMNS FROM `diuba_users` [ RunTime:0.0035s ]
SQL: SELECT * FROM `diuba_users` WHERE ( telephone='I' ) LIMIT 1   [ RunTime:0.0003s ]
INFO: [ app_end ] --START--
INFO: Run Behavior\ShowPageTraceBehavior [ RunTime:0.000863s ]
INFO: [ app_end ] --END-- [ RunTime:0.000896s ]

[ 2016-12-09T10:37:20+08:00 ] ::1 /diuba/Home/Users/checkTele?t=18941137576
INFO: [ app_init ] --START--
INFO: Run Behavior\BuildLiteBehavior [ RunTime:0.000013s ]
INFO: [ app_init ] --END-- [ RunTime:0.000599s ]
INFO: [ app_begin ] --START--
INFO: Run Behavior\ReadHtmlCacheBehavior [ RunTime:0.000729s ]
INFO: [ app_begin ] --END-- [ RunTime:0.000771s ]
NOTIC: [8] Use of undefined constant I - assumed 'I' C:\xampp\htdocs\diuba\App\Home\Controller\UsersController.class.php 第 119 行.
NOTIC: [2] Illegal string offset 'i' C:\xampp\htdocs\diuba\App\Home\Controller\UsersController.class.php 第 119 行.
NOTIC: [8] Use of undefined constant I - assumed 'I' C:\xampp\htdocs\diuba\App\Home\Controller\UsersController.class.php 第 120 行.
NOTIC: [2] Illegal string offset 't' C:\xampp\htdocs\diuba\App\Home\Controller\UsersController.class.php 第 120 行.
SQL: SHOW COLUMNS FROM `diuba_users` [ RunTime:0.0025s ]
SQL: SELECT * FROM `diuba_users` WHERE ( telephone='I' ) LIMIT 1   [ RunTime:0.0003s ]
INFO: [ app_end ] --START--
INFO: Run Behavior\ShowPageTraceBehavior [ RunTime:0.000942s ]
INFO: [ app_end ] --END-- [ RunTime:0.000977s ]

[ 2016-12-09T10:39:18+08:00 ] ::1 /diuba/Home/Users/reg.html
INFO: [ app_init ] --START--
INFO: Run Behavior\BuildLiteBehavior [ RunTime:0.000011s ]
INFO: [ app_init ] --END-- [ RunTime:0.000503s ]
INFO: [ app_begin ] --START--
INFO: Run Behavior\ReadHtmlCacheBehavior [ RunTime:0.000699s ]
INFO: [ app_begin ] --END-- [ RunTime:0.000742s ]
INFO: [ view_parse ] --START--
INFO: [ template_filter ] --START--
INFO: Run Behavior\ContentReplaceBehavior [ RunTime:0.000135s ]
INFO: [ template_filter ] --END-- [ RunTime:0.000191s ]
NOTIC: [8] Use of undefined constant register - assumed 'register' C:\xampp\htdocs\diuba\App\Runtime\Cache\Home\cadf8ee5853ee307883d6c8704e48fa4.php 第 135 行.
INFO: Run Behavior\ParseTemplateBehavior [ RunTime:0.009513s ]
INFO: [ view_parse ] --END-- [ RunTime:0.009567s ]
INFO: [ view_filter ] --START--
INFO: Run Behavior\WriteHtmlCacheBehavior [ RunTime:0.000501s ]
INFO: [ view_filter ] --END-- [ RunTime:0.000531s ]
INFO: [ app_end ] --START--
INFO: Run Behavior\ShowPageTraceBehavior [ RunTime:0.000715s ]
INFO: [ app_end ] --END-- [ RunTime:0.000754s ]

[ 2016-12-09T10:39:20+08:00 ] ::1 /diuba/Home/Users/checkTele?t=18941137576
INFO: [ app_init ] --START--
INFO: Run Behavior\BuildLiteBehavior [ RunTime:0.000017s ]
INFO: [ app_init ] --END-- [ RunTime:0.000934s ]
INFO: [ app_begin ] --START--
INFO: Run Behavior\ReadHtmlCacheBehavior [ RunTime:0.000799s ]
INFO: [ app_begin ] --END-- [ RunTime:0.000944s ]
NOTIC: [8] Use of undefined constant I - assumed 'I' C:\xampp\htdocs\diuba\App\Home\Controller\UsersController.class.php 第 119 行.
NOTIC: [2] Illegal string offset 'i' C:\xampp\htdocs\diuba\App\Home\Controller\UsersController.class.php 第 119 行.
NOTIC: [8] Use of undefined constant I - assumed 'I' C:\xampp\htdocs\diuba\App\Home\Controller\UsersController.class.php 第 120 行.
NOTIC: [2] Illegal string offset 't' C:\xampp\htdocs\diuba\App\Home\Controller\UsersController.class.php 第 120 行.
SQL: SHOW COLUMNS FROM `diuba_users` [ RunTime:0.0029s ]
SQL: SELECT * FROM `diuba_users` WHERE ( telephone='I' ) LIMIT 1   [ RunTime:0.0003s ]
INFO: [ app_end ] --START--
INFO: Run Behavior\ShowPageTraceBehavior [ RunTime:0.000959s ]
INFO: [ app_end ] --END-- [ RunTime:0.001010s ]

[ 2016-12-09T10:39:21+08:00 ] ::1 /diuba/Home/Users/checkTele?t=18941137576
INFO: [ app_init ] --START--
INFO: Run Behavior\BuildLiteBehavior [ RunTime:0.000031s ]
INFO: [ app_init ] --END-- [ RunTime:0.000529s ]
INFO: [ app_begin ] --START--
INFO: Run Behavior\ReadHtmlCacheBehavior [ RunTime:0.000849s ]
INFO: [ app_begin ] --END-- [ RunTime:0.000930s ]
NOTIC: [8] Use of undefined constant I - assumed 'I' C:\xampp\htdocs\diuba\App\Home\Controller\UsersController.class.php 第 119 行.
NOTIC: [2] Illegal string offset 'i' C:\xampp\htdocs\diuba\App\Home\Controller\UsersController.class.php 第 119 行.
NOTIC: [8] Use of undefined constant I - assumed 'I' C:\xampp\htdocs\diuba\App\Home\Controller\UsersController.class.php 第 120 行.
NOTIC: [2] Illegal string offset 't' C:\xampp\htdocs\diuba\App\Home\Controller\UsersController.class.php 第 120 行.
SQL: SHOW COLUMNS FROM `diuba_users` [ RunTime:0.0041s ]
SQL: SELECT * FROM `diuba_users` WHERE ( telephone='I' ) LIMIT 1   [ RunTime:0.0005s ]
INFO: [ app_end ] --START--
INFO: Run Behavior\ShowPageTraceBehavior [ RunTime:0.001704s ]
INFO: [ app_end ] --END-- [ RunTime:0.001767s ]

[ 2016-12-09T10:39:22+08:00 ] ::1 /diuba/Home/Users/checkTele?t=18941137576
INFO: [ app_init ] --START--
INFO: Run Behavior\BuildLiteBehavior [ RunTime:0.000011s ]
INFO: [ app_init ] --END-- [ RunTime:0.000412s ]
INFO: [ app_begin ] --START--
INFO: Run Behavior\ReadHtmlCacheBehavior [ RunTime:0.000904s ]
INFO: [ app_begin ] --END-- [ RunTime:0.000985s ]
NOTIC: [8] Use of undefined constant I - assumed 'I' C:\xampp\htdocs\diuba\App\Home\Controller\UsersController.class.php 第 119 行.
NOTIC: [2] Illegal string offset 'i' C:\xampp\htdocs\diuba\App\Home\Controller\UsersController.class.php 第 119 行.
NOTIC: [8] Use of undefined constant I - assumed 'I' C:\xampp\htdocs\diuba\App\Home\Controller\UsersController.class.php 第 120 行.
NOTIC: [2] Illegal string offset 't' C:\xampp\htdocs\diuba\App\Home\Controller\UsersController.class.php 第 120 行.
SQL: SHOW COLUMNS FROM `diuba_users` [ RunTime:0.0044s ]
SQL: SELECT * FROM `diuba_users` WHERE ( telephone='I' ) LIMIT 1   [ RunTime:0.0007s ]
INFO: [ app_end ] --START--
INFO: Run Behavior\ShowPageTraceBehavior [ RunTime:0.000935s ]
INFO: [ app_end ] --END-- [ RunTime:0.000980s ]

[ 2016-12-09T10:39:23+08:00 ] ::1 /diuba/Home/Users/checkTele?t=18941137576
INFO: [ app_init ] --START--
INFO: Run Behavior\BuildLiteBehavior [ RunTime:0.000012s ]
INFO: [ app_init ] --END-- [ RunTime:0.000498s ]
INFO: [ app_begin ] --START--
INFO: Run Behavior\ReadHtmlCacheBehavior [ RunTime:0.000627s ]
INFO: [ app_begin ] --END-- [ RunTime:0.000669s ]
NOTIC: [8] Use of undefined constant I - assumed 'I' C:\xampp\htdocs\diuba\App\Home\Controller\UsersController.class.php 第 119 行.
NOTIC: [2] Illegal string offset 'i' C:\xampp\htdocs\diuba\App\Home\Controller\UsersController.class.php 第 119 行.
NOTIC: [8] Use of undefined constant I - assumed 'I' C:\xampp\htdocs\diuba\App\Home\Controller\UsersController.class.php 第 120 行.
NOTIC: [2] Illegal string offset 't' C:\xampp\htdocs\diuba\App\Home\Controller\UsersController.class.php 第 120 行.
SQL: SHOW COLUMNS FROM `diuba_users` [ RunTime:0.0037s ]
SQL: SELECT * FROM `diuba_users` WHERE ( telephone='I' ) LIMIT 1   [ RunTime:0.0003s ]
INFO: [ app_end ] --START--
INFO: Run Behavior\ShowPageTraceBehavior [ RunTime:0.000727s ]
INFO: [ app_end ] --END-- [ RunTime:0.000776s ]

[ 2016-12-09T10:39:23+08:00 ] ::1 /diuba/Home/Users/checkTele?t=18941137576
INFO: [ app_init ] --START--
INFO: Run Behavior\BuildLiteBehavior [ RunTime:0.000011s ]
INFO: [ app_init ] --END-- [ RunTime:0.000475s ]
INFO: [ app_begin ] --START--
INFO: Run Behavior\ReadHtmlCacheBehavior [ RunTime:0.000634s ]
INFO: [ app_begin ] --END-- [ RunTime:0.000676s ]
NOTIC: [8] Use of undefined constant I - assumed 'I' C:\xampp\htdocs\diuba\App\Home\Controller\UsersController.class.php 第 119 行.
NOTIC: [2] Illegal string offset 'i' C:\xampp\htdocs\diuba\App\Home\Controller\UsersController.class.php 第 119 行.
NOTIC: [8] Use of undefined constant I - assumed 'I' C:\xampp\htdocs\diuba\App\Home\Controller\UsersController.class.php 第 120 行.
NOTIC: [2] Illegal string offset 't' C:\xampp\htdocs\diuba\App\Home\Controller\UsersController.class.php 第 120 行.
SQL: SHOW COLUMNS FROM `diuba_users` [ RunTime:0.0026s ]
SQL: SELECT * FROM `diuba_users` WHERE ( telephone='I' ) LIMIT 1   [ RunTime:0.0003s ]
INFO: [ app_end ] --START--
INFO: Run Behavior\ShowPageTraceBehavior [ RunTime:0.000995s ]
INFO: [ app_end ] --END-- [ RunTime:0.001041s ]

[ 2016-12-09T10:39:58+08:00 ] ::1 /diuba/Home/Users/reg.html
INFO: [ app_init ] --START--
INFO: Run Behavior\BuildLiteBehavior [ RunTime:0.000014s ]
INFO: [ app_init ] --END-- [ RunTime:0.000549s ]
INFO: [ app_begin ] --START--
INFO: Run Behavior\ReadHtmlCacheBehavior [ RunTime:0.000867s ]
INFO: [ app_begin ] --END-- [ RunTime:0.000923s ]
INFO: [ view_parse ] --START--
INFO: [ template_filter ] --START--
INFO: Run Behavior\ContentReplaceBehavior [ RunTime:0.000093s ]
INFO: [ template_filter ] --END-- [ RunTime:0.000134s ]
NOTIC: [8] Use of undefined constant register - assumed 'register' C:\xampp\htdocs\diuba\App\Runtime\Cache\Home\cadf8ee5853ee307883d6c8704e48fa4.php 第 135 行.
INFO: Run Behavior\ParseTemplateBehavior [ RunTime:0.007843s ]
INFO: [ view_parse ] --END-- [ RunTime:0.007893s ]
INFO: [ view_filter ] --START--
INFO: Run Behavior\WriteHtmlCacheBehavior [ RunTime:0.001417s ]
INFO: [ view_filter ] --END-- [ RunTime:0.001528s ]
INFO: [ app_end ] --START--
INFO: Run Behavior\ShowPageTraceBehavior [ RunTime:0.000886s ]
INFO: [ app_end ] --END-- [ RunTime:0.000945s ]

[ 2016-12-09T10:40:00+08:00 ] ::1 /diuba/Home/Users/checkTele?t=18941137576
INFO: [ app_init ] --START--
INFO: Run Behavior\BuildLiteBehavior [ RunTime:0.000024s ]
INFO: [ app_init ] --END-- [ RunTime:0.000543s ]
INFO: [ app_begin ] --START--
INFO: Run Behavior\ReadHtmlCacheBehavior [ RunTime:0.000692s ]
INFO: [ app_begin ] --END-- [ RunTime:0.000742s ]
NOTIC: [8] Use of undefined constant I - assumed 'I' C:\xampp\htdocs\diuba\App\Home\Controller\UsersController.class.php 第 119 行.
NOTIC: [2] Illegal string offset 't' C:\xampp\htdocs\diuba\App\Home\Controller\UsersController.class.php 第 119 行.
SQL: SHOW COLUMNS FROM `diuba_users` [ RunTime:0.0030s ]
SQL: SELECT * FROM `diuba_users` WHERE ( telephone='I' ) LIMIT 1   [ RunTime:0.0003s ]
INFO: [ app_end ] --START--
INFO: Run Behavior\ShowPageTraceBehavior [ RunTime:0.000781s ]
INFO: [ app_end ] --END-- [ RunTime:0.000823s ]

[ 2016-12-09T10:40:01+08:00 ] ::1 /diuba/Home/Users/checkTele?t=18941137576
INFO: [ app_init ] --START--
INFO: Run Behavior\BuildLiteBehavior [ RunTime:0.000012s ]
INFO: [ app_init ] --END-- [ RunTime:0.000532s ]
INFO: [ app_begin ] --START--
INFO: Run Behavior\ReadHtmlCacheBehavior [ RunTime:0.000652s ]
INFO: [ app_begin ] --END-- [ RunTime:0.000703s ]
NOTIC: [8] Use of undefined constant I - assumed 'I' C:\xampp\htdocs\diuba\App\Home\Controller\UsersController.class.php 第 119 行.
NOTIC: [2] Illegal string offset 't' C:\xampp\htdocs\diuba\App\Home\Controller\UsersController.class.php 第 119 行.
SQL: SHOW COLUMNS FROM `diuba_users` [ RunTime:0.0043s ]
SQL: SELECT * FROM `diuba_users` WHERE ( telephone='I' ) LIMIT 1   [ RunTime:0.0005s ]
INFO: [ app_end ] --START--
INFO: Run Behavior\ShowPageTraceBehavior [ RunTime:0.001054s ]
INFO: [ app_end ] --END-- [ RunTime:0.001115s ]

[ 2016-12-09T10:40:02+08:00 ] ::1 /diuba/Home/Users/checkTele?t=18941137576
INFO: [ app_init ] --START--
INFO: Run Behavior\BuildLiteBehavior [ RunTime:0.000010s ]
INFO: [ app_init ] --END-- [ RunTime:0.000498s ]
INFO: [ app_begin ] --START--
INFO: Run Behavior\ReadHtmlCacheBehavior [ RunTime:0.000623s ]
INFO: [ app_begin ] --END-- [ RunTime:0.000676s ]
NOTIC: [8] Use of undefined constant I - assumed 'I' C:\xampp\htdocs\diuba\App\Home\Controller\UsersController.class.php 第 119 行.
NOTIC: [2] Illegal string offset 't' C:\xampp\htdocs\diuba\App\Home\Controller\UsersController.class.php 第 119 行.
SQL: SHOW COLUMNS FROM `diuba_users` [ RunTime:0.0034s ]
SQL: SELECT * FROM `diuba_users` WHERE ( telephone='I' ) LIMIT 1   [ RunTime:0.0004s ]
INFO: [ app_end ] --START--
INFO: Run Behavior\ShowPageTraceBehavior [ RunTime:0.001034s ]
INFO: [ app_end ] --END-- [ RunTime:0.001094s ]

[ 2016-12-09T10:40:02+08:00 ] ::1 /diuba/Home/Users/checkTele?t=18941137576
INFO: [ app_init ] --START--
INFO: Run Behavior\BuildLiteBehavior [ RunTime:0.000013s ]
INFO: [ app_init ] --END-- [ RunTime:0.000569s ]
INFO: [ app_begin ] --START--
INFO: Run Behavior\ReadHtmlCacheBehavior [ RunTime:0.000663s ]
INFO: [ app_begin ] --END-- [ RunTime:0.000704s ]
NOTIC: [8] Use of undefined constant I - assumed 'I' C:\xampp\htdocs\diuba\App\Home\Controller\UsersController.class.php 第 119 行.
NOTIC: [2] Illegal string offset 't' C:\xampp\htdocs\diuba\App\Home\Controller\UsersController.class.php 第 119 行.
SQL: SHOW COLUMNS FROM `diuba_users` [ RunTime:0.0025s ]
SQL: SELECT * FROM `diuba_users` WHERE ( telephone='I' ) LIMIT 1   [ RunTime:0.0002s ]
INFO: [ app_end ] --START--
INFO: Run Behavior\ShowPageTraceBehavior [ RunTime:0.000913s ]
INFO: [ app_end ] --END-- [ RunTime:0.000953s ]

[ 2016-12-09T10:40:03+08:00 ] ::1 /diuba/Home/Users/checkTele?t=18941137576
INFO: [ app_init ] --START--
INFO: Run Behavior\BuildLiteBehavior [ RunTime:0.000010s ]
INFO: [ app_init ] --END-- [ RunTime:0.000469s ]
INFO: [ app_begin ] --START--
INFO: Run Behavior\ReadHtmlCacheBehavior [ RunTime:0.000619s ]
INFO: [ app_begin ] --END-- [ RunTime:0.000658s ]
NOTIC: [8] Use of undefined constant I - assumed 'I' C:\xampp\htdocs\diuba\App\Home\Controller\UsersController.class.php 第 119 行.
NOTIC: [2] Illegal string offset 't' C:\xampp\htdocs\diuba\App\Home\Controller\UsersController.class.php 第 119 行.
SQL: SHOW COLUMNS FROM `diuba_users` [ RunTime:0.0025s ]
SQL: SELECT * FROM `diuba_users` WHERE ( telephone='I' ) LIMIT 1   [ RunTime:0.0003s ]
INFO: [ app_end ] --START--
INFO: Run Behavior\ShowPageTraceBehavior [ RunTime:0.000818s ]
INFO: [ app_end ] --END-- [ RunTime:0.000858s ]

[ 2016-12-09T10:44:18+08:00 ] ::1 /diuba/Home/Users/checkTele?t=18941137576
INFO: [ app_init ] --START--
INFO: Run Behavior\BuildLiteBehavior [ RunTime:0.000011s ]
INFO: [ app_init ] --END-- [ RunTime:0.000463s ]
INFO: [ app_begin ] --START--
INFO: Run Behavior\ReadHtmlCacheBehavior [ RunTime:0.000660s ]
INFO: [ app_begin ] --END-- [ RunTime:0.000698s ]
NOTIC: [8] Use of undefined constant I - assumed 'I' C:\xampp\htdocs\diuba\App\Home\Controller\UsersController.class.php 第 119 行.
NOTIC: [2] Illegal string offset 't' C:\xampp\htdocs\diuba\App\Home\Controller\UsersController.class.php 第 119 行.
SQL: SHOW COLUMNS FROM `diuba_users` [ RunTime:0.0031s ]
SQL: SELECT * FROM `diuba_users` WHERE ( telephone='I' ) LIMIT 1   [ RunTime:0.0003s ]
INFO: [ app_end ] --START--
INFO: Run Behavior\ShowPageTraceBehavior [ RunTime:0.001330s ]
INFO: [ app_end ] --END-- [ RunTime:0.001380s ]

[ 2016-12-09T10:51:02+08:00 ] ::1 /diuba/Home/Users/checkTele?t=18941137576
INFO: [ app_init ] --START--
INFO: Run Behavior\BuildLiteBehavior [ RunTime:0.000011s ]
INFO: [ app_init ] --END-- [ RunTime:0.000414s ]
INFO: [ app_begin ] --START--
INFO: Run Behavior\ReadHtmlCacheBehavior [ RunTime:0.000670s ]
INFO: [ app_begin ] --END-- [ RunTime:0.000726s ]
NOTIC: [8] Use of undefined constant I - assumed 'I' C:\xampp\htdocs\diuba\App\Home\Controller\UsersController.class.php 第 119 行.
NOTIC: [2] Illegal string offset 't' C:\xampp\htdocs\diuba\App\Home\Controller\UsersController.class.php 第 119 行.
SQL: SHOW COLUMNS FROM `diuba_users` [ RunTime:0.0025s ]
SQL: SELECT * FROM `diuba_users` WHERE ( telephone='I' ) LIMIT 1   [ RunTime:0.0003s ]
INFO: [ app_end ] --START--
INFO: Run Behavior\ShowPageTraceBehavior [ RunTime:0.000871s ]
INFO: [ app_end ] --END-- [ RunTime:0.000924s ]

[ 2016-12-09T10:53:56+08:00 ] ::1 /diuba/Home/Index/login.html
INFO: [ app_init ] --START--
INFO: Run Behavior\BuildLiteBehavior [ RunTime:0.000010s ]
INFO: [ app_init ] --END-- [ RunTime:0.000477s ]
INFO: [ app_begin ] --START--
INFO: Run Behavior\ReadHtmlCacheBehavior [ RunTime:0.000639s ]
INFO: [ app_begin ] --END-- [ RunTime:0.000684s ]
INFO: [ view_parse ] --START--
INFO: [ template_filter ] --START--
INFO: Run Behavior\ContentReplaceBehavior [ RunTime:0.000117s ]
INFO: [ template_filter ] --END-- [ RunTime:0.000171s ]
NOTIC: [8] Use of undefined constant checkLogin - assumed 'checkLogin' C:\xampp\htdocs\diuba\App\Runtime\Cache\Home\b85c7d4521605c805b2409b4b881b8b6.php 第 90 行.
INFO: Run Behavior\ParseTemplateBehavior [ RunTime:0.008743s ]
INFO: [ view_parse ] --END-- [ RunTime:0.008816s ]
INFO: [ view_filter ] --START--
INFO: Run Behavior\WriteHtmlCacheBehavior [ RunTime:0.000695s ]
INFO: [ view_filter ] --END-- [ RunTime:0.000739s ]
INFO: [ app_end ] --START--
INFO: Run Behavior\ShowPageTraceBehavior [ RunTime:0.000918s ]
INFO: [ app_end ] --END-- [ RunTime:0.000997s ]

[ 2016-12-09T10:53:56+08:00 ] ::1 /diuba/Home/Index/verify.html
INFO: [ app_init ] --START--
INFO: Run Behavior\BuildLiteBehavior [ RunTime:0.000011s ]
INFO: [ app_init ] --END-- [ RunTime:0.000421s ]
INFO: [ app_begin ] --START--
INFO: Run Behavior\ReadHtmlCacheBehavior [ RunTime:0.000659s ]
INFO: [ app_begin ] --END-- [ RunTime:0.000708s ]
INFO: [ app_end ] --START--
INFO: Run Behavior\ShowPageTraceBehavior [ RunTime:0.000728s ]
INFO: [ app_end ] --END-- [ RunTime:0.000790s ]

[ 2016-12-09T10:54:02+08:00 ] ::1 /diuba/Home/Index/verify.html
INFO: [ app_init ] --START--
INFO: Run Behavior\BuildLiteBehavior [ RunTime:0.000011s ]
INFO: [ app_init ] --END-- [ RunTime:0.000464s ]
INFO: [ app_begin ] --START--
INFO: Run Behavior\ReadHtmlCacheBehavior [ RunTime:0.000600s ]
INFO: [ app_begin ] --END-- [ RunTime:0.000639s ]
INFO: [ app_end ] --START--
INFO: Run Behavior\ShowPageTraceBehavior [ RunTime:0.001115s ]
INFO: [ app_end ] --END-- [ RunTime:0.001216s ]

[ 2016-12-09T10:54:05+08:00 ] ::1 /diuba/Home/Index/checkLogin.html
INFO: [ app_init ] --START--
INFO: Run Behavior\BuildLiteBehavior [ RunTime:0.000011s ]
INFO: [ app_init ] --END-- [ RunTime:0.000441s ]
INFO: [ app_begin ] --START--
INFO: Run Behavior\ReadHtmlCacheBehavior [ RunTime:0.000509s ]
INFO: [ app_begin ] --END-- [ RunTime:0.000547s ]
SQL: SHOW COLUMNS FROM `diuba_users` [ RunTime:0.0038s ]
SQL: SELECT * FROM `diuba_users` WHERE `telephone` = '18941137576' AND `password` = '202cb962ac59075b964b07152d234b70'  [ RunTime:0.0004s ]

[ 2016-12-09T10:54:05+08:00 ] ::1 /diuba/Home/Goods/goods.html
INFO: [ app_init ] --START--
INFO: Run Behavior\BuildLiteBehavior [ RunTime:0.000013s ]
INFO: [ app_init ] --END-- [ RunTime:0.000472s ]
INFO: [ app_begin ] --START--
INFO: Run Behavior\ReadHtmlCacheBehavior [ RunTime:0.000535s ]
INFO: [ app_begin ] --END-- [ RunTime:0.000577s ]
SQL: SHOW COLUMNS FROM `diuba_users` [ RunTime:0.0031s ]
SQL: SELECT * FROM `diuba_users` WHERE `telephone` = '18941137576' LIMIT 1   [ RunTime:0.0003s ]
SQL: SHOW COLUMNS FROM `diuba_goods` [ RunTime:0.0023s ]
SQL: SELECT COUNT(*) AS tp_count FROM `diuba_goods` LIMIT 1   [ RunTime:0.0005s ]
NOTIC: [8] Undefined variable: pageSize C:\xampp\htdocs\diuba\App\Home\Controller\GoodsController.class.php 第 19 行.
NOTIC: [8] Undefined variable: records C:\xampp\htdocs\diuba\App\Home\Controller\GoodsController.class.php 第 19 行.
NOTIC: [2] Division by zero C:\xampp\htdocs\diuba\App\Home\Controller\GoodsController.class.php 第 19 行.
SQL: SELECT * FROM `diuba_goods` ORDER BY id desc LIMIT 0,1   [ RunTime:0.0006s ]
INFO: [ view_parse ] --START--
INFO: [ template_filter ] --START--
INFO: Run Behavior\ContentReplaceBehavior [ RunTime:0.000108s ]
INFO: [ template_filter ] --END-- [ RunTime:0.000152s ]
NOTIC: [8] Use of undefined constant goodsadd - assumed 'goodsadd' C:\xampp\htdocs\diuba\App\Runtime\Cache\Home\b6ee958afc6bab35b4ef7aed02f4caf6.php 第 168 行.
NOTIC: [8] Use of undefined constant printQrcode - assumed 'printQrcode' C:\xampp\htdocs\diuba\App\Runtime\Cache\Home\b6ee958afc6bab35b4ef7aed02f4caf6.php 第 185 行.
NOTIC: [8] Undefined index: username C:\xampp\htdocs\diuba\App\Runtime\Cache\Home\b6ee958afc6bab35b4ef7aed02f4caf6.php 第 216 行.
INFO: Run Behavior\ParseTemplateBehavior [ RunTime:0.013147s ]
INFO: [ view_parse ] --END-- [ RunTime:0.013220s ]
INFO: [ view_filter ] --START--
INFO: Run Behavior\WriteHtmlCacheBehavior [ RunTime:0.000504s ]
INFO: [ view_filter ] --END-- [ RunTime:0.000541s ]
INFO: [ app_end ] --START--
INFO: Run Behavior\ShowPageTraceBehavior [ RunTime:0.000642s ]
INFO: [ app_end ] --END-- [ RunTime:0.000706s ]

[ 2016-12-09T10:54:14+08:00 ] ::1 /diuba/Home/Goods/goods/p/2.html
INFO: [ app_init ] --START--
INFO: Run Behavior\BuildLiteBehavior [ RunTime:0.000009s ]
INFO: [ app_init ] --END-- [ RunTime:0.000446s ]
INFO: [ app_begin ] --START--
INFO: Run Behavior\ReadHtmlCacheBehavior [ RunTime:0.000511s ]
INFO: [ app_begin ] --END-- [ RunTime:0.000551s ]
SQL: SHOW COLUMNS FROM `diuba_users` [ RunTime:0.0033s ]
SQL: SELECT * FROM `diuba_users` WHERE `telephone` = '18941137576' LIMIT 1   [ RunTime:0.0005s ]
SQL: SHOW COLUMNS FROM `diuba_goods` [ RunTime:0.0036s ]
SQL: SELECT COUNT(*) AS tp_count FROM `diuba_goods` LIMIT 1   [ RunTime:0.0002s ]
NOTIC: [8] Undefined variable: pageSize C:\xampp\htdocs\diuba\App\Home\Controller\GoodsController.class.php 第 19 行.
NOTIC: [8] Undefined variable: records C:\xampp\htdocs\diuba\App\Home\Controller\GoodsController.class.php 第 19 行.
NOTIC: [2] Division by zero C:\xampp\htdocs\diuba\App\Home\Controller\GoodsController.class.php 第 19 行.
SQL: SELECT * FROM `diuba_goods` ORDER BY id desc LIMIT 1,1   [ RunTime:0.0003s ]
INFO: [ view_parse ] --START--
INFO: [ template_filter ] --START--
INFO: Run Behavior\ContentReplaceBehavior [ RunTime:0.000146s ]
INFO: [ template_filter ] --END-- [ RunTime:0.000254s ]
NOTIC: [8] Use of undefined constant goodsadd - assumed 'goodsadd' C:\xampp\htdocs\diuba\App\Runtime\Cache\Home\b6ee958afc6bab35b4ef7aed02f4caf6.php 第 168 行.
NOTIC: [8] Use of undefined constant printQrcode - assumed 'printQrcode' C:\xampp\htdocs\diuba\App\Runtime\Cache\Home\b6ee958afc6bab35b4ef7aed02f4caf6.php 第 185 行.
NOTIC: [8] Undefined index: username C:\xampp\htdocs\diuba\App\Runtime\Cache\Home\b6ee958afc6bab35b4ef7aed02f4caf6.php 第 216 行.
INFO: Run Behavior\ParseTemplateBehavior [ RunTime:0.010615s ]
INFO: [ view_parse ] --END-- [ RunTime:0.010704s ]
INFO: [ view_filter ] --START--
INFO: Run Behavior\WriteHtmlCacheBehavior [ RunTime:0.000628s ]
INFO: [ view_filter ] --END-- [ RunTime:0.000701s ]
INFO: [ app_end ] --START--
INFO: Run Behavior\ShowPageTraceBehavior [ RunTime:0.001860s ]
INFO: [ app_end ] --END-- [ RunTime:0.001935s ]

[ 2016-12-09T10:54:15+08:00 ] ::1 /diuba/Home/Goods/goods/p/3.html
INFO: [ app_init ] --START--
INFO: Run Behavior\BuildLiteBehavior [ RunTime:0.000012s ]
INFO: [ app_init ] --END-- [ RunTime:0.000386s ]
INFO: [ app_begin ] --START--
INFO: Run Behavior\ReadHtmlCacheBehavior [ RunTime:0.000468s ]
INFO: [ app_begin ] --END-- [ RunTime:0.000512s ]
SQL: SHOW COLUMNS FROM `diuba_users` [ RunTime:0.0035s ]
SQL: SELECT * FROM `diuba_users` WHERE `telephone` = '18941137576' LIMIT 1   [ RunTime:0.0004s ]
SQL: SHOW COLUMNS FROM `diuba_goods` [ RunTime:0.0028s ]
SQL: SELECT COUNT(*) AS tp_count FROM `diuba_goods` LIMIT 1   [ RunTime:0.0003s ]
NOTIC: [8] Undefined variable: pageSize C:\xampp\htdocs\diuba\App\Home\Controller\GoodsController.class.php 第 19 行.
NOTIC: [8] Undefined variable: records C:\xampp\htdocs\diuba\App\Home\Controller\GoodsController.class.php 第 19 行.
NOTIC: [2] Division by zero C:\xampp\htdocs\diuba\App\Home\Controller\GoodsController.class.php 第 19 行.
SQL: SELECT * FROM `diuba_goods` ORDER BY id desc LIMIT 2,1   [ RunTime:0.0002s ]
INFO: [ view_parse ] --START--
INFO: [ template_filter ] --START--
INFO: Run Behavior\ContentReplaceBehavior [ RunTime:0.000120s ]
INFO: [ template_filter ] --END-- [ RunTime:0.000165s ]
NOTIC: [8] Use of undefined constant goodsadd - assumed 'goodsadd' C:\xampp\htdocs\diuba\App\Runtime\Cache\Home\b6ee958afc6bab35b4ef7aed02f4caf6.php 第 168 行.
NOTIC: [8] Use of undefined constant printQrcode - assumed 'printQrcode' C:\xampp\htdocs\diuba\App\Runtime\Cache\Home\b6ee958afc6bab35b4ef7aed02f4caf6.php 第 185 行.
NOTIC: [8] Undefined index: username C:\xampp\htdocs\diuba\App\Runtime\Cache\Home\b6ee958afc6bab35b4ef7aed02f4caf6.php 第 216 行.
INFO: Run Behavior\ParseTemplateBehavior [ RunTime:0.009242s ]
INFO: [ view_parse ] --END-- [ RunTime:0.009302s ]
INFO: [ view_filter ] --START--
INFO: Run Behavior\WriteHtmlCacheBehavior [ RunTime:0.000459s ]
INFO: [ view_filter ] --END-- [ RunTime:0.000505s ]
INFO: [ app_end ] --START--
INFO: Run Behavior\ShowPageTraceBehavior [ RunTime:0.000730s ]
INFO: [ app_end ] --END-- [ RunTime:0.000795s ]

[ 2016-12-09T10:54:18+08:00 ] ::1 /diuba/Home/Goods/query_release.html
INFO: [ app_init ] --START--
INFO: Run Behavior\BuildLiteBehavior [ RunTime:0.000012s ]
INFO: [ app_init ] --END-- [ RunTime:0.000449s ]
INFO: [ app_begin ] --START--
INFO: Run Behavior\ReadHtmlCacheBehavior [ RunTime:0.000542s ]
INFO: [ app_begin ] --END-- [ RunTime:0.000582s ]
ERR: 非法操作:query_release

[ 2016-12-09T10:54:21+08:00 ] ::1 /diuba/Home/Goods/release.html
INFO: [ app_init ] --START--
INFO: Run Behavior\BuildLiteBehavior [ RunTime:0.000011s ]
INFO: [ app_init ] --END-- [ RunTime:0.000446s ]
INFO: [ app_begin ] --START--
INFO: Run Behavior\ReadHtmlCacheBehavior [ RunTime:0.000497s ]
INFO: [ app_begin ] --END-- [ RunTime:0.000539s ]
INFO: [ view_parse ] --START--
INFO: [ template_filter ] --START--
INFO: Run Behavior\ContentReplaceBehavior [ RunTime:0.000116s ]
INFO: [ template_filter ] --END-- [ RunTime:0.000156s ]
NOTIC: [8] Undefined variable: lostlist C:\xampp\htdocs\diuba\App\Runtime\Cache\Home\ae236433b8f0acd4b6463ba879547391.php 第 149 行.
NOTIC: [8] Undefined variable: lostlist C:\xampp\htdocs\diuba\App\Runtime\Cache\Home\ae236433b8f0acd4b6463ba879547391.php 第 156 行.
NOTIC: [8] Use of undefined constant dolostrelease - assumed 'dolostrelease' C:\xampp\htdocs\diuba\App\Runtime\Cache\Home\ae236433b8f0acd4b6463ba879547391.php 第 185 行.
NOTIC: [8] Use of undefined constant dofindrelease - assumed 'dofindrelease' C:\xampp\htdocs\diuba\App\Runtime\Cache\Home\ae236433b8f0acd4b6463ba879547391.php 第 234 行.
INFO: Run Behavior\ParseTemplateBehavior [ RunTime:0.008826s ]
INFO: [ view_parse ] --END-- [ RunTime:0.008862s ]
INFO: [ view_filter ] --START--
INFO: Run Behavior\WriteHtmlCacheBehavior [ RunTime:0.000386s ]
INFO: [ view_filter ] --END-- [ RunTime:0.000418s ]
INFO: [ app_end ] --START--
INFO: Run Behavior\ShowPageTraceBehavior [ RunTime:0.000508s ]
INFO: [ app_end ] --END-- [ RunTime:0.000554s ]

[ 2016-12-09T10:54:23+08:00 ] ::1 /diuba/Home/Users/userInfo.html
INFO: [ app_init ] --START--
INFO: Run Behavior\BuildLiteBehavior [ RunTime:0.000012s ]
INFO: [ app_init ] --END-- [ RunTime:0.000738s ]
INFO: [ app_begin ] --START--
INFO: Run Behavior\ReadHtmlCacheBehavior [ RunTime:0.000542s ]
INFO: [ app_begin ] --END-- [ RunTime:0.000585s ]
SQL: SHOW COLUMNS FROM `diuba_users` [ RunTime:0.0025s ]
SQL: SELECT * FROM `diuba_users` WHERE `telephone` = '18941137576' LIMIT 1   [ RunTime:0.0003s ]
SQL: SHOW COLUMNS FROM `diuba_find` [ RunTime:0.0039s ]
SQL: SELECT * FROM `diuba_find` ORDER BY id asc  [ RunTime:0.0003s ]
SQL: SHOW COLUMNS FROM `diuba_lost` [ RunTime:0.0029s ]
SQL: SELECT * FROM `diuba_lost` ORDER BY id asc  [ RunTime:0.0003s ]
SQL: SELECT COUNT(*) AS tp_count FROM `diuba_find` LIMIT 1   [ RunTime:0.0002s ]
NOTIC: [8] Undefined variable: pageSize C:\xampp\htdocs\diuba\App\Home\Controller\UsersController.class.php 第 53 行.
NOTIC: [8] Undefined variable: records C:\xampp\htdocs\diuba\App\Home\Controller\UsersController.class.php 第 53 行.
NOTIC: [2] Division by zero C:\xampp\htdocs\diuba\App\Home\Controller\UsersController.class.php 第 53 行.
SQL: SELECT * FROM `diuba_find` ORDER BY id asc LIMIT 0,1   [ RunTime:0.0003s ]
SQL: SELECT COUNT(*) AS tp_count FROM `diuba_lost` LIMIT 1   [ RunTime:0.0002s ]
NOTIC: [8] Undefined variable: pageSize C:\xampp\htdocs\diuba\App\Home\Controller\UsersController.class.php 第 63 行.
NOTIC: [8] Undefined variable: records C:\xampp\htdocs\diuba\App\Home\Controller\UsersController.class.php 第 63 行.
NOTIC: [2] Division by zero C:\xampp\htdocs\diuba\App\Home\Controller\UsersController.class.php 第 63 行.
SQL: SELECT * FROM `diuba_lost` ORDER BY id asc LIMIT 0,1   [ RunTime:0.0003s ]
INFO: [ view_parse ] --START--
INFO: [ template_filter ] --START--
INFO: Run Behavior\ContentReplaceBehavior [ RunTime:0.000173s ]
INFO: [ template_filter ] --END-- [ RunTime:0.000216s ]
INFO: Run Behavior\ParseTemplateBehavior [ RunTime:0.011947s ]
INFO: [ view_parse ] --END-- [ RunTime:0.012000s ]
INFO: [ view_filter ] --START--
INFO: Run Behavior\WriteHtmlCacheBehavior [ RunTime:0.000407s ]
INFO: [ view_filter ] --END-- [ RunTime:0.000446s ]
INFO: [ app_end ] --START--
INFO: Run Behavior\ShowPageTraceBehavior [ RunTime:0.000562s ]
INFO: [ app_end ] --END-- [ RunTime:0.000616s ]

[ 2016-12-09T10:55:58+08:00 ] ::1 /diuba/Home/Goods/release.html
INFO: [ app_init ] --START--
INFO: Run Behavior\BuildLiteBehavior [ RunTime:0.000020s ]
INFO: [ app_init ] --END-- [ RunTime:0.000513s ]
INFO: [ app_begin ] --START--
INFO: Run Behavior\ReadHtmlCacheBehavior [ RunTime:0.000638s ]
INFO: [ app_begin ] --END-- [ RunTime:0.000686s ]
INFO: [ view_parse ] --START--
INFO: [ template_filter ] --START--
INFO: Run Behavior\ContentReplaceBehavior [ RunTime:0.000143s ]
INFO: [ template_filter ] --END-- [ RunTime:0.000189s ]
NOTIC: [8] Undefined variable: lostlist C:\xampp\htdocs\diuba\App\Runtime\Cache\Home\ae236433b8f0acd4b6463ba879547391.php 第 149 行.
NOTIC: [8] Undefined variable: lostlist C:\xampp\htdocs\diuba\App\Runtime\Cache\Home\ae236433b8f0acd4b6463ba879547391.php 第 156 行.
NOTIC: [8] Use of undefined constant dolostrelease - assumed 'dolostrelease' C:\xampp\htdocs\diuba\App\Runtime\Cache\Home\ae236433b8f0acd4b6463ba879547391.php 第 185 行.
NOTIC: [8] Use of undefined constant dofindrelease - assumed 'dofindrelease' C:\xampp\htdocs\diuba\App\Runtime\Cache\Home\ae236433b8f0acd4b6463ba879547391.php 第 234 行.
INFO: Run Behavior\ParseTemplateBehavior [ RunTime:0.011415s ]
INFO: [ view_parse ] --END-- [ RunTime:0.011455s ]
INFO: [ view_filter ] --START--
INFO: Run Behavior\WriteHtmlCacheBehavior [ RunTime:0.000617s ]
INFO: [ view_filter ] --END-- [ RunTime:0.000654s ]
INFO: [ app_end ] --START--
INFO: Run Behavior\ShowPageTraceBehavior [ RunTime:0.000727s ]
INFO: [ app_end ] --END-- [ RunTime:0.000783s ]

[ 2016-12-09T10:56:00+08:00 ] ::1 /diuba/Home/Goods/lost_query.html
INFO: [ app_init ] --START--
INFO: Run Behavior\BuildLiteBehavior [ RunTime:0.000016s ]
INFO: [ app_init ] --END-- [ RunTime:0.000486s ]
INFO: [ app_begin ] --START--
INFO: Run Behavior\ReadHtmlCacheBehavior [ RunTime:0.000587s ]
INFO: [ app_begin ] --END-- [ RunTime:0.000645s ]
ERR: 非法操作:lost_query

[ 2016-12-09T10:56:03+08:00 ] ::1 /diuba/Home/Index/index.html
INFO: [ app_init ] --START--
INFO: Run Behavior\BuildLiteBehavior [ RunTime:0.000021s ]
INFO: [ app_init ] --END-- [ RunTime:0.000490s ]
INFO: [ app_begin ] --START--
INFO: Run Behavior\ReadHtmlCacheBehavior [ RunTime:0.000599s ]
INFO: [ app_begin ] --END-- [ RunTime:0.000637s ]
INFO: [ view_parse ] --START--
INFO: [ template_filter ] --START--
INFO: Run Behavior\ContentReplaceBehavior [ RunTime:0.000105s ]
INFO: [ template_filter ] --END-- [ RunTime:0.000147s ]
NOTIC: [8] Undefined variable: findnum C:\xampp\htdocs\diuba\App\Runtime\Cache\Home\00e52909bed743ea261af4b6823297ff.php 第 142 行.
NOTIC: [8] Undefined variable: lostnum C:\xampp\htdocs\diuba\App\Runtime\Cache\Home\00e52909bed743ea261af4b6823297ff.php 第 143 行.
NOTIC: [8] Undefined variable: all C:\xampp\htdocs\diuba\App\Runtime\Cache\Home\00e52909bed743ea261af4b6823297ff.php 第 144 行.
NOTIC: [8] Undefined variable: lostlist C:\xampp\htdocs\diuba\App\Runtime\Cache\Home\00e52909bed743ea261af4b6823297ff.php 第 162 行.
NOTIC: [8] Undefined variable: findlist C:\xampp\htdocs\diuba\App\Runtime\Cache\Home\00e52909bed743ea261af4b6823297ff.php 第 190 行.
INFO: Run Behavior\ParseTemplateBehavior [ RunTime:0.009971s ]
INFO: [ view_parse ] --END-- [ RunTime:0.010007s ]
INFO: [ view_filter ] --START--
INFO: Run Behavior\WriteHtmlCacheBehavior [ RunTime:0.000592s ]
INFO: [ view_filter ] --END-- [ RunTime:0.000629s ]
INFO: [ app_end ] --START--
INFO: Run Behavior\ShowPageTraceBehavior [ RunTime:0.000970s ]
INFO: [ app_end ] --END-- [ RunTime:0.001076s ]

[ 2016-12-09T14:18:46+08:00 ] ::1 /diuba/
INFO: [ app_init ] --START--
INFO: Run Behavior\BuildLiteBehavior [ RunTime:0.000013s ]
INFO: [ app_init ] --END-- [ RunTime:0.000972s ]
INFO: [ app_begin ] --START--
INFO: Run Behavior\ReadHtmlCacheBehavior [ RunTime:0.001113s ]
INFO: [ app_begin ] --END-- [ RunTime:0.001170s ]
INFO: [ view_parse ] --START--
INFO: [ template_filter ] --START--
INFO: Run Behavior\ContentReplaceBehavior [ RunTime:0.000775s ]
INFO: [ template_filter ] --END-- [ RunTime:0.000821s ]
NOTIC: [8] Undefined variable: findnum C:\xampp\htdocs\diuba\App\Runtime\Cache\Home\00e52909bed743ea261af4b6823297ff.php 第 142 行.
NOTIC: [8] Undefined variable: lostnum C:\xampp\htdocs\diuba\App\Runtime\Cache\Home\00e52909bed743ea261af4b6823297ff.php 第 143 行.
NOTIC: [8] Undefined variable: all C:\xampp\htdocs\diuba\App\Runtime\Cache\Home\00e52909bed743ea261af4b6823297ff.php 第 144 行.
NOTIC: [8] Undefined variable: lostlist C:\xampp\htdocs\diuba\App\Runtime\Cache\Home\00e52909bed743ea261af4b6823297ff.php 第 162 行.
NOTIC: [8] Undefined variable: findlist C:\xampp\htdocs\diuba\App\Runtime\Cache\Home\00e52909bed743ea261af4b6823297ff.php 第 190 行.
INFO: Run Behavior\ParseTemplateBehavior [ RunTime:0.015731s ]
INFO: [ view_parse ] --END-- [ RunTime:0.015777s ]
INFO: [ view_filter ] --START--
INFO: Run Behavior\WriteHtmlCacheBehavior [ RunTime:0.000921s ]
INFO: [ view_filter ] --END-- [ RunTime:0.000955s ]
INFO: [ app_end ] --START--
INFO: Run Behavior\ShowPageTraceBehavior [ RunTime:0.001453s ]
INFO: [ app_end ] --END-- [ RunTime:0.001523s ]

[ 2016-12-09T14:18:55+08:00 ] ::1 /diuba/Home/Index/login.html
INFO: [ app_init ] --START--
INFO: Run Behavior\BuildLiteBehavior [ RunTime:0.000011s ]
INFO: [ app_init ] --END-- [ RunTime:0.000453s ]
INFO: [ app_begin ] --START--
INFO: Run Behavior\ReadHtmlCacheBehavior [ RunTime:0.000751s ]
INFO: [ app_begin ] --END-- [ RunTime:0.000789s ]
INFO: [ view_parse ] --START--
INFO: [ template_filter ] --START--
INFO: Run Behavior\ContentReplaceBehavior [ RunTime:0.000101s ]
INFO: [ template_filter ] --END-- [ RunTime:0.000154s ]
NOTIC: [8] Use of undefined constant checkLogin - assumed 'checkLogin' C:\xampp\htdocs\diuba\App\Runtime\Cache\Home\b85c7d4521605c805b2409b4b881b8b6.php 第 90 行.
INFO: Run Behavior\ParseTemplateBehavior [ RunTime:0.008911s ]
INFO: [ view_parse ] --END-- [ RunTime:0.008969s ]
INFO: [ view_filter ] --START--
INFO: Run Behavior\WriteHtmlCacheBehavior [ RunTime:0.001201s ]
INFO: [ view_filter ] --END-- [ RunTime:0.001254s ]
INFO: [ app_end ] --START--
INFO: Run Behavior\ShowPageTraceBehavior [ RunTime:0.000916s ]
INFO: [ app_end ] --END-- [ RunTime:0.000973s ]

[ 2016-12-09T14:18:55+08:00 ] ::1 /diuba/Home/Index/verify.html
INFO: [ app_init ] --START--
INFO: Run Behavior\BuildLiteBehavior [ RunTime:0.000013s ]
INFO: [ app_init ] --END-- [ RunTime:0.000448s ]
INFO: [ app_begin ] --START--
INFO: Run Behavior\ReadHtmlCacheBehavior [ RunTime:0.000757s ]
INFO: [ app_begin ] --END-- [ RunTime:0.000805s ]
INFO: [ app_end ] --START--
INFO: Run Behavior\ShowPageTraceBehavior [ RunTime:0.001049s ]
INFO: [ app_end ] --END-- [ RunTime:0.001136s ]

[ 2016-12-09T14:19:10+08:00 ] ::1 /diuba/Home/Index/login.html/checkTele/18941137576
INFO: [ app_init ] --START--
INFO: Run Behavior\BuildLiteBehavior [ RunTime:0.000012s ]
INFO: [ app_init ] --END-- [ RunTime:0.000511s ]
INFO: [ app_begin ] --START--
INFO: Run Behavior\ReadHtmlCacheBehavior [ RunTime:0.000814s ]
INFO: [ app_begin ] --END-- [ RunTime:0.000866s ]
ERR: 非法操作:login.html

[ 2016-12-09T14:19:45+08:00 ] ::1 /diuba/Home/Index/checkTele/18941137576
INFO: [ app_init ] --START--
INFO: Run Behavior\BuildLiteBehavior [ RunTime:0.000019s ]
INFO: [ app_init ] --END-- [ RunTime:0.000745s ]
INFO: [ app_begin ] --START--
INFO: Run Behavior\ReadHtmlCacheBehavior [ RunTime:0.001357s ]
INFO: [ app_begin ] --END-- [ RunTime:0.001417s ]
ERR: 非法操作:checkTele

[ 2016-12-09T14:19:57+08:00 ] ::1 /diuba/Home/User/checkTele/18941137576
INFO: [ app_init ] --START--
INFO: Run Behavior\BuildLiteBehavior [ RunTime:0.000010s ]
INFO: [ app_init ] --END-- [ RunTime:0.000446s ]
INFO: [ app_begin ] --START--
INFO: Run Behavior\ReadHtmlCacheBehavior [ RunTime:0.000791s ]
INFO: [ app_begin ] --END-- [ RunTime:0.000836s ]
ERR: 无法加载控制器:User

[ 2016-12-09T14:20:15+08:00 ] ::1 /diuba/Home/Users/checkTele/18941137576
INFO: [ app_init ] --START--
INFO: Run Behavior\BuildLiteBehavior [ RunTime:0.000010s ]
INFO: [ app_init ] --END-- [ RunTime:0.000475s ]
INFO: [ app_begin ] --START--
INFO: Run Behavior\ReadHtmlCacheBehavior [ RunTime:0.000794s ]
INFO: [ app_begin ] --END-- [ RunTime:0.000832s ]
NOTIC: [8] Use of undefined constant I - assumed 'I' C:\xampp\htdocs\diuba\App\Home\Controller\UsersController.class.php 第 119 行.
NOTIC: [2] Illegal string offset 't' C:\xampp\htdocs\diuba\App\Home\Controller\UsersController.class.php 第 119 行.
SQL: SHOW COLUMNS FROM `diuba_users` [ RunTime:0.0245s ]
SQL: SELECT * FROM `diuba_users` WHERE ( telephone='I' ) LIMIT 1   [ RunTime:0.0047s ]

[ 2016-12-09T14:25:56+08:00 ] ::1 /diuba/Home/users/goods
INFO: [ app_init ] --START--
INFO: Run Behavior\BuildLiteBehavior [ RunTime:0.000026s ]
INFO: [ app_init ] --END-- [ RunTime:0.001071s ]
INFO: [ app_begin ] --START--
INFO: Run Behavior\ReadHtmlCacheBehavior [ RunTime:0.000816s ]
INFO: [ app_begin ] --END-- [ RunTime:0.000869s ]
ERR: 非法操作:goods

[ 2016-12-09T14:26:00+08:00 ] ::1 /diuba/Home
INFO: [ app_init ] --START--
INFO: Run Behavior\BuildLiteBehavior [ RunTime:0.000012s ]
INFO: [ app_init ] --END-- [ RunTime:0.001027s ]
INFO: [ app_begin ] --START--
INFO: Run Behavior\ReadHtmlCacheBehavior [ RunTime:0.000752s ]
INFO: [ app_begin ] --END-- [ RunTime:0.000792s ]
INFO: [ view_parse ] --START--
INFO: [ template_filter ] --START--
INFO: Run Behavior\ContentReplaceBehavior [ RunTime:0.000103s ]
INFO: [ template_filter ] --END-- [ RunTime:0.000146s ]
NOTIC: [8] Undefined variable: findnum C:\xampp\htdocs\diuba\App\Runtime\Cache\Home\00e52909bed743ea261af4b6823297ff.php 第 142 行.
NOTIC: [8] Undefined variable: lostnum C:\xampp\htdocs\diuba\App\Runtime\Cache\Home\00e52909bed743ea261af4b6823297ff.php 第 143 行.
NOTIC: [8] Undefined variable: all C:\xampp\htdocs\diuba\App\Runtime\Cache\Home\00e52909bed743ea261af4b6823297ff.php 第 144 行.
NOTIC: [8] Undefined variable: lostlist C:\xampp\htdocs\diuba\App\Runtime\Cache\Home\00e52909bed743ea261af4b6823297ff.php 第 162 行.
NOTIC: [8] Undefined variable: findlist C:\xampp\htdocs\diuba\App\Runtime\Cache\Home\00e52909bed743ea261af4b6823297ff.php 第 190 行.
INFO: Run Behavior\ParseTemplateBehavior [ RunTime:0.010644s ]
INFO: [ view_parse ] --END-- [ RunTime:0.010678s ]
INFO: [ view_filter ] --START--
INFO: Run Behavior\WriteHtmlCacheBehavior [ RunTime:0.000881s ]
INFO: [ view_filter ] --END-- [ RunTime:0.000922s ]
INFO: [ app_end ] --START--
INFO: Run Behavior\ShowPageTraceBehavior [ RunTime:0.001619s ]
INFO: [ app_end ] --END-- [ RunTime:0.001688s ]

[ 2016-12-09T14:26:01+08:00 ] ::1 /diuba/Home/Index/login.html
INFO: [ app_init ] --START--
INFO: Run Behavior\BuildLiteBehavior [ RunTime:0.000012s ]
INFO: [ app_init ] --END-- [ RunTime:0.000425s ]
INFO: [ app_begin ] --START--
INFO: Run Behavior\ReadHtmlCacheBehavior [ RunTime:0.000898s ]
INFO: [ app_begin ] --END-- [ RunTime:0.000945s ]
INFO: [ view_parse ] --START--
INFO: [ template_filter ] --START--
INFO: Run Behavior\ContentReplaceBehavior [ RunTime:0.000145s ]
INFO: [ template_filter ] --END-- [ RunTime:0.000224s ]
NOTIC: [8] Use of undefined constant checkLogin - assumed 'checkLogin' C:\xampp\htdocs\diuba\App\Runtime\Cache\Home\b85c7d4521605c805b2409b4b881b8b6.php 第 90 行.
INFO: Run Behavior\ParseTemplateBehavior [ RunTime:0.012352s ]
INFO: [ view_parse ] --END-- [ RunTime:0.012417s ]
INFO: [ view_filter ] --START--
INFO: Run Behavior\WriteHtmlCacheBehavior [ RunTime:0.000836s ]
INFO: [ view_filter ] --END-- [ RunTime:0.000892s ]
INFO: [ app_end ] --START--
INFO: Run Behavior\ShowPageTraceBehavior [ RunTime:0.001562s ]
INFO: [ app_end ] --END-- [ RunTime:0.001649s ]

[ 2016-12-09T14:26:01+08:00 ] ::1 /diuba/Home/Index/verify.html
INFO: [ app_init ] --START--
INFO: Run Behavior\BuildLiteBehavior [ RunTime:0.000023s ]
INFO: [ app_init ] --END-- [ RunTime:0.000632s ]
INFO: [ app_begin ] --START--
INFO: Run Behavior\ReadHtmlCacheBehavior [ RunTime:0.001061s ]
INFO: [ app_begin ] --END-- [ RunTime:0.001137s ]
INFO: [ app_end ] --START--
INFO: Run Behavior\ShowPageTraceBehavior [ RunTime:0.001206s ]
INFO: [ app_end ] --END-- [ RunTime:0.001293s ]

[ 2016-12-09T14:26:04+08:00 ] ::1 /diuba/Home/Users/reg.html
INFO: [ app_init ] --START--
INFO: Run Behavior\BuildLiteBehavior [ RunTime:0.000011s ]
INFO: [ app_init ] --END-- [ RunTime:0.000487s ]
INFO: [ app_begin ] --START--
INFO: Run Behavior\ReadHtmlCacheBehavior [ RunTime:0.000742s ]
INFO: [ app_begin ] --END-- [ RunTime:0.000786s ]
INFO: [ view_parse ] --START--
INFO: [ template_filter ] --START--
INFO: Run Behavior\ContentReplaceBehavior [ RunTime:0.000095s ]
INFO: [ template_filter ] --END-- [ RunTime:0.000142s ]
NOTIC: [8] Use of undefined constant register - assumed 'register' C:\xampp\htdocs\diuba\App\Runtime\Cache\Home\cadf8ee5853ee307883d6c8704e48fa4.php 第 135 行.
INFO: Run Behavior\ParseTemplateBehavior [ RunTime:0.010903s ]
INFO: [ view_parse ] --END-- [ RunTime:0.010947s ]
INFO: [ view_filter ] --START--
INFO: Run Behavior\WriteHtmlCacheBehavior [ RunTime:0.000656s ]
INFO: [ view_filter ] --END-- [ RunTime:0.000705s ]
INFO: [ app_end ] --START--
INFO: Run Behavior\ShowPageTraceBehavior [ RunTime:0.001087s ]
INFO: [ app_end ] --END-- [ RunTime:0.001142s ]

[ 2016-12-09T14:26:07+08:00 ] ::1 /diuba/Home/Users/checkTele?t=18941137571
INFO: [ app_init ] --START--
INFO: Run Behavior\BuildLiteBehavior [ RunTime:0.000021s ]
INFO: [ app_init ] --END-- [ RunTime:0.000754s ]
INFO: [ app_begin ] --START--
INFO: Run Behavior\ReadHtmlCacheBehavior [ RunTime:0.001050s ]
INFO: [ app_begin ] --END-- [ RunTime:0.001117s ]
SQL: SHOW COLUMNS FROM `diuba_users` [ RunTime:0.0034s ]
SQL: SELECT * FROM `diuba_users` WHERE ( telephone='18941137571' )  [ RunTime:0.0016s ]

[ 2016-12-09T14:26:14+08:00 ] ::1 /diuba/Home/Users/checkTele?t=18941137571
INFO: [ app_init ] --START--
INFO: Run Behavior\BuildLiteBehavior [ RunTime:0.000057s ]
INFO: [ app_init ] --END-- [ RunTime:0.000488s ]
INFO: [ app_begin ] --START--
INFO: Run Behavior\ReadHtmlCacheBehavior [ RunTime:0.002057s ]
INFO: [ app_begin ] --END-- [ RunTime:0.002305s ]
SQL: SHOW COLUMNS FROM `diuba_users` [ RunTime:0.0057s ]
SQL: SELECT * FROM `diuba_users` WHERE ( telephone='18941137571' )  [ RunTime:0.0003s ]

[ 2016-12-09T14:26:19+08:00 ] ::1 /diuba/Home/Users/checkTele?t=18941137571
INFO: [ app_init ] --START--
INFO: Run Behavior\BuildLiteBehavior [ RunTime:0.000012s ]
INFO: [ app_init ] --END-- [ RunTime:0.000511s ]
INFO: [ app_begin ] --START--
INFO: Run Behavior\ReadHtmlCacheBehavior [ RunTime:0.001799s ]
INFO: [ app_begin ] --END-- [ RunTime:0.001901s ]
SQL: SHOW COLUMNS FROM `diuba_users` [ RunTime:0.0074s ]
SQL: SELECT * FROM `diuba_users` WHERE ( telephone='18941137571' )  [ RunTime:0.0004s ]

[ 2016-12-09T14:26:24+08:00 ] ::1 /diuba/Home/Users/reg.html
INFO: [ app_init ] --START--
INFO: Run Behavior\BuildLiteBehavior [ RunTime:0.000013s ]
INFO: [ app_init ] --END-- [ RunTime:0.000453s ]
INFO: [ app_begin ] --START--
INFO: Run Behavior\ReadHtmlCacheBehavior [ RunTime:0.000739s ]
INFO: [ app_begin ] --END-- [ RunTime:0.000785s ]
INFO: [ view_parse ] --START--
INFO: [ template_filter ] --START--
INFO: Run Behavior\ContentReplaceBehavior [ RunTime:0.000146s ]
INFO: [ template_filter ] --END-- [ RunTime:0.000230s ]
NOTIC: [8] Use of undefined constant register - assumed 'register' C:\xampp\htdocs\diuba\App\Runtime\Cache\Home\cadf8ee5853ee307883d6c8704e48fa4.php 第 135 行.
INFO: Run Behavior\ParseTemplateBehavior [ RunTime:0.011445s ]
INFO: [ view_parse ] --END-- [ RunTime:0.011491s ]
INFO: [ view_filter ] --START--
INFO: Run Behavior\WriteHtmlCacheBehavior [ RunTime:0.000623s ]
INFO: [ view_filter ] --END-- [ RunTime:0.000660s ]
INFO: [ app_end ] --START--
INFO: Run Behavior\ShowPageTraceBehavior [ RunTime:0.001275s ]
INFO: [ app_end ] --END-- [ RunTime:0.001343s ]

[ 2016-12-09T14:26:25+08:00 ] ::1 /diuba/Home/Users/reg.html
INFO: [ app_init ] --START--
INFO: Run Behavior\BuildLiteBehavior [ RunTime:0.000011s ]
INFO: [ app_init ] --END-- [ RunTime:0.000491s ]
INFO: [ app_begin ] --START--
INFO: Run Behavior\ReadHtmlCacheBehavior [ RunTime:0.000716s ]
INFO: [ app_begin ] --END-- [ RunTime:0.000763s ]
INFO: [ view_parse ] --START--
INFO: [ template_filter ] --START--
INFO: Run Behavior\ContentReplaceBehavior [ RunTime:0.000105s ]
INFO: [ template_filter ] --END-- [ RunTime:0.000164s ]
NOTIC: [8] Use of undefined constant register - assumed 'register' C:\xampp\htdocs\diuba\App\Runtime\Cache\Home\cadf8ee5853ee307883d6c8704e48fa4.php 第 135 行.
INFO: Run Behavior\ParseTemplateBehavior [ RunTime:0.007862s ]
INFO: [ view_parse ] --END-- [ RunTime:0.007899s ]
INFO: [ view_filter ] --START--
INFO: Run Behavior\WriteHtmlCacheBehavior [ RunTime:0.000990s ]
INFO: [ view_filter ] --END-- [ RunTime:0.001029s ]
INFO: [ app_end ] --START--
INFO: Run Behavior\ShowPageTraceBehavior [ RunTime:0.001118s ]
INFO: [ app_end ] --END-- [ RunTime:0.001182s ]

[ 2016-12-09T14:26:27+08:00 ] ::1 /diuba/Home/Users/checkTele?t=18941137571
INFO: [ app_init ] --START--
INFO: Run Behavior\BuildLiteBehavior [ RunTime:0.000017s ]
INFO: [ app_init ] --END-- [ RunTime:0.000656s ]
INFO: [ app_begin ] --START--
INFO: Run Behavior\ReadHtmlCacheBehavior [ RunTime:0.001174s ]
INFO: [ app_begin ] --END-- [ RunTime:0.001268s ]
SQL: SHOW COLUMNS FROM `diuba_users` [ RunTime:0.0066s ]
SQL: SELECT * FROM `diuba_users` WHERE ( telephone='18941137571' )  [ RunTime:0.0004s ]
INFO: [ app_end ] --START--
INFO: Run Behavior\ShowPageTraceBehavior [ RunTime:0.001051s ]
INFO: [ app_end ] --END-- [ RunTime:0.001104s ]

[ 2016-12-09T14:26:28+08:00 ] ::1 /diuba/Home/Users/checkTele?t=18941137571
INFO: [ app_init ] --START--
INFO: Run Behavior\BuildLiteBehavior [ RunTime:0.000011s ]
INFO: [ app_init ] --END-- [ RunTime:0.000470s ]
INFO: [ app_begin ] --START--
INFO: Run Behavior\ReadHtmlCacheBehavior [ RunTime:0.000810s ]
INFO: [ app_begin ] --END-- [ RunTime:0.000915s ]
SQL: SHOW COLUMNS FROM `diuba_users` [ RunTime:0.0052s ]
SQL: SELECT * FROM `diuba_users` WHERE ( telephone='18941137571' )  [ RunTime:0.0006s ]
INFO: [ app_end ] --START--
INFO: Run Behavior\ShowPageTraceBehavior [ RunTime:0.000975s ]
INFO: [ app_end ] --END-- [ RunTime:0.001018s ]

[ 2016-12-09T14:26:29+08:00 ] ::1 /diuba/Home/Users/checkTele?t=18941137571
INFO: [ app_init ] --START--
INFO: Run Behavior\BuildLiteBehavior [ RunTime:0.000020s ]
INFO: [ app_init ] --END-- [ RunTime:0.000588s ]
INFO: [ app_begin ] --START--
INFO: Run Behavior\ReadHtmlCacheBehavior [ RunTime:0.001236s ]
INFO: [ app_begin ] --END-- [ RunTime:0.001347s ]
SQL: SHOW COLUMNS FROM `diuba_users` [ RunTime:0.0030s ]
SQL: SELECT * FROM `diuba_users` WHERE ( telephone='18941137571' )  [ RunTime:0.0003s ]
INFO: [ app_end ] --START--
INFO: Run Behavior\ShowPageTraceBehavior [ RunTime:0.001058s ]
INFO: [ app_end ] --END-- [ RunTime:0.001101s ]

[ 2016-12-09T14:26:33+08:00 ] ::1 /diuba/Home/Users/checkTele?t=18941137571
INFO: [ app_init ] --START--
INFO: Run Behavior\BuildLiteBehavior [ RunTime:0.000031s ]
INFO: [ app_init ] --END-- [ RunTime:0.000835s ]
INFO: [ app_begin ] --START--
INFO: Run Behavior\ReadHtmlCacheBehavior [ RunTime:0.000953s ]
INFO: [ app_begin ] --END-- [ RunTime:0.001010s ]
SQL: SHOW COLUMNS FROM `diuba_users` [ RunTime:0.0064s ]
SQL: SELECT * FROM `diuba_users` WHERE ( telephone='18941137571' )  [ RunTime:0.0003s ]
INFO: [ app_end ] --START--
INFO: Run Behavior\ShowPageTraceBehavior [ RunTime:0.001091s ]
INFO: [ app_end ] --END-- [ RunTime:0.001197s ]

[ 2016-12-09T14:26:38+08:00 ] ::1 /diuba/Home/Users/checkTele?t=1894113757
INFO: [ app_init ] --START--
INFO: Run Behavior\BuildLiteBehavior [ RunTime:0.000012s ]
INFO: [ app_init ] --END-- [ RunTime:0.000575s ]
INFO: [ app_begin ] --START--
INFO: Run Behavior\ReadHtmlCacheBehavior [ RunTime:0.000872s ]
INFO: [ app_begin ] --END-- [ RunTime:0.000914s ]
SQL: SHOW COLUMNS FROM `diuba_users` [ RunTime:0.0032s ]
SQL: SELECT * FROM `diuba_users` WHERE ( telephone='1894113757' )  [ RunTime:0.0003s ]
INFO: [ app_end ] --START--
INFO: Run Behavior\ShowPageTraceBehavior [ RunTime:0.001036s ]
INFO: [ app_end ] --END-- [ RunTime:0.001085s ]

[ 2016-12-09T14:26:40+08:00 ] ::1 /diuba/Home/Users/checkTele?t=1894113757
INFO: [ app_init ] --START--
INFO: Run Behavior\BuildLiteBehavior [ RunTime:0.000012s ]
INFO: [ app_init ] --END-- [ RunTime:0.000540s ]
INFO: [ app_begin ] --START--
INFO: Run Behavior\ReadHtmlCacheBehavior [ RunTime:0.000765s ]
INFO: [ app_begin ] --END-- [ RunTime:0.000804s ]
SQL: SHOW COLUMNS FROM `diuba_users` [ RunTime:0.0044s ]
SQL: SELECT * FROM `diuba_users` WHERE ( telephone='1894113757' )  [ RunTime:0.0006s ]
INFO: [ app_end ] --START--
INFO: Run Behavior\ShowPageTraceBehavior [ RunTime:0.001306s ]
INFO: [ app_end ] --END-- [ RunTime:0.001367s ]

[ 2016-12-09T14:26:41+08:00 ] ::1 /diuba/Home/Users/checkTele?t=18941137571
INFO: [ app_init ] --START--
INFO: Run Behavior\BuildLiteBehavior [ RunTime:0.000011s ]
INFO: [ app_init ] --END-- [ RunTime:0.000502s ]
INFO: [ app_begin ] --START--
INFO: Run Behavior\ReadHtmlCacheBehavior [ RunTime:0.000820s ]
INFO: [ app_begin ] --END-- [ RunTime:0.000862s ]
SQL: SHOW COLUMNS FROM `diuba_users` [ RunTime:0.0031s ]
SQL: SELECT * FROM `diuba_users` WHERE ( telephone='18941137571' )  [ RunTime:0.0003s ]
INFO: [ app_end ] --START--
INFO: Run Behavior\ShowPageTraceBehavior [ RunTime:0.000908s ]
INFO: [ app_end ] --END-- [ RunTime:0.000949s ]

[ 2016-12-09T14:26:42+08:00 ] ::1 /diuba/Home/Users/checkTele?t=18941137571
INFO: [ app_init ] --START--
INFO: Run Behavior\BuildLiteBehavior [ RunTime:0.000011s ]
INFO: [ app_init ] --END-- [ RunTime:0.000499s ]
INFO: [ app_begin ] --START--
INFO: Run Behavior\ReadHtmlCacheBehavior [ RunTime:0.000777s ]
INFO: [ app_begin ] --END-- [ RunTime:0.000822s ]
SQL: SHOW COLUMNS FROM `diuba_users` [ RunTime:0.0031s ]
SQL: SELECT * FROM `diuba_users` WHERE ( telephone='18941137571' )  [ RunTime:0.0003s ]
INFO: [ app_end ] --START--
INFO: Run Behavior\ShowPageTraceBehavior [ RunTime:0.000909s ]
INFO: [ app_end ] --END-- [ RunTime:0.000948s ]

[ 2016-12-09T14:34:17+08:00 ] ::1 /diuba/Home/Users/reg.html
INFO: [ app_init ] --START--
INFO: Run Behavior\BuildLiteBehavior [ RunTime:0.000011s ]
INFO: [ app_init ] --END-- [ RunTime:0.000438s ]
INFO: [ app_begin ] --START--
INFO: Run Behavior\ReadHtmlCacheBehavior [ RunTime:0.000755s ]
INFO: [ app_begin ] --END-- [ RunTime:0.000800s ]
INFO: [ view_parse ] --START--
INFO: [ template_filter ] --START--
INFO: Run Behavior\ContentReplaceBehavior [ RunTime:0.000106s ]
INFO: [ template_filter ] --END-- [ RunTime:0.000154s ]
NOTIC: [8] Use of undefined constant register - assumed 'register' C:\xampp\htdocs\diuba\App\Runtime\Cache\Home\cadf8ee5853ee307883d6c8704e48fa4.php 第 144 行.
INFO: Run Behavior\ParseTemplateBehavior [ RunTime:0.010336s ]
INFO: [ view_parse ] --END-- [ RunTime:0.010376s ]
INFO: [ view_filter ] --START--
INFO: Run Behavior\WriteHtmlCacheBehavior [ RunTime:0.000624s ]
INFO: [ view_filter ] --END-- [ RunTime:0.000657s ]
INFO: [ app_end ] --START--
INFO: Run Behavior\ShowPageTraceBehavior [ RunTime:0.001095s ]
INFO: [ app_end ] --END-- [ RunTime:0.001157s ]

[ 2016-12-09T14:34:19+08:00 ] ::1 /diuba/Home/Users/checkTele?para
INFO: [ app_init ] --START--
INFO: Run Behavior\BuildLiteBehavior [ RunTime:0.000013s ]
INFO: [ app_init ] --END-- [ RunTime:0.000417s ]
INFO: [ app_begin ] --START--
INFO: Run Behavior\ReadHtmlCacheBehavior [ RunTime:0.000725s ]
INFO: [ app_begin ] --END-- [ RunTime:0.000767s ]
NOTIC: [8] Undefined index: t C:\xampp\htdocs\diuba\App\Home\Controller\UsersController.class.php 第 119 行.
SQL: SHOW COLUMNS FROM `diuba_users` [ RunTime:0.0046s ]
SQL: SELECT * FROM `diuba_users` WHERE ( telephone='' )  [ RunTime:0.0004s ]
INFO: [ app_end ] --START--
INFO: Run Behavior\ShowPageTraceBehavior [ RunTime:0.001364s ]
INFO: [ app_end ] --END-- [ RunTime:0.001516s ]

[ 2016-12-09T14:34:19+08:00 ] ::1 /diuba/Home/Users/checkTele?para
INFO: [ app_init ] --START--
INFO: Run Behavior\BuildLiteBehavior [ RunTime:0.000012s ]
INFO: [ app_init ] --END-- [ RunTime:0.000492s ]
INFO: [ app_begin ] --START--
INFO: Run Behavior\ReadHtmlCacheBehavior [ RunTime:0.000725s ]
INFO: [ app_begin ] --END-- [ RunTime:0.000759s ]
NOTIC: [8] Undefined index: t C:\xampp\htdocs\diuba\App\Home\Controller\UsersController.class.php 第 119 行.
SQL: SHOW COLUMNS FROM `diuba_users` [ RunTime:0.0030s ]
SQL: SELECT * FROM `diuba_users` WHERE ( telephone='' )  [ RunTime:0.0007s ]
INFO: [ app_end ] --START--
INFO: Run Behavior\ShowPageTraceBehavior [ RunTime:0.001180s ]
INFO: [ app_end ] --END-- [ RunTime:0.001227s ]

[ 2016-12-09T14:34:20+08:00 ] ::1 /diuba/Home/Users/checkTele?para
INFO: [ app_init ] --START--
INFO: Run Behavior\BuildLiteBehavior [ RunTime:0.000012s ]
INFO: [ app_init ] --END-- [ RunTime:0.000628s ]
INFO: [ app_begin ] --START--
INFO: Run Behavior\ReadHtmlCacheBehavior [ RunTime:0.000744s ]
INFO: [ app_begin ] --END-- [ RunTime:0.000780s ]
NOTIC: [8] Undefined index: t C:\xampp\htdocs\diuba\App\Home\Controller\UsersController.class.php 第 119 行.
SQL: SHOW COLUMNS FROM `diuba_users` [ RunTime:0.0044s ]
SQL: SELECT * FROM `diuba_users` WHERE ( telephone='' )  [ RunTime:0.0003s ]
INFO: [ app_end ] --START--
INFO: Run Behavior\ShowPageTraceBehavior [ RunTime:0.000918s ]
INFO: [ app_end ] --END-- [ RunTime:0.000956s ]

[ 2016-12-09T14:34:21+08:00 ] ::1 /diuba/Home/Users/checkTele?para
INFO: [ app_init ] --START--
INFO: Run Behavior\BuildLiteBehavior [ RunTime:0.000011s ]
INFO: [ app_init ] --END-- [ RunTime:0.000470s ]
INFO: [ app_begin ] --START--
INFO: Run Behavior\ReadHtmlCacheBehavior [ RunTime:0.000758s ]
INFO: [ app_begin ] --END-- [ RunTime:0.000794s ]
NOTIC: [8] Undefined index: t C:\xampp\htdocs\diuba\App\Home\Controller\UsersController.class.php 第 119 行.
SQL: SHOW COLUMNS FROM `diuba_users` [ RunTime:0.0032s ]
SQL: SELECT * FROM `diuba_users` WHERE ( telephone='' )  [ RunTime:0.0003s ]
INFO: [ app_end ] --START--
INFO: Run Behavior\ShowPageTraceBehavior [ RunTime:0.001032s ]
INFO: [ app_end ] --END-- [ RunTime:0.001070s ]

[ 2016-12-09T14:34:21+08:00 ] ::1 /diuba/Home/Users/checkTele?para
INFO: [ app_init ] --START--
INFO: Run Behavior\BuildLiteBehavior [ RunTime:0.000013s ]
INFO: [ app_init ] --END-- [ RunTime:0.000739s ]
INFO: [ app_begin ] --START--
INFO: Run Behavior\ReadHtmlCacheBehavior [ RunTime:0.001375s ]
INFO: [ app_begin ] --END-- [ RunTime:0.001429s ]
NOTIC: [8] Undefined index: t C:\xampp\htdocs\diuba\App\Home\Controller\UsersController.class.php 第 119 行.
SQL: SHOW COLUMNS FROM `diuba_users` [ RunTime:0.0047s ]
SQL: SELECT * FROM `diuba_users` WHERE ( telephone='' )  [ RunTime:0.0003s ]
INFO: [ app_end ] --START--
INFO: Run Behavior\ShowPageTraceBehavior [ RunTime:0.000845s ]
INFO: [ app_end ] --END-- [ RunTime:0.000879s ]

[ 2016-12-09T14:34:22+08:00 ] ::1 /diuba/Home/Users/checkTele?para
INFO: [ app_init ] --START--
INFO: Run Behavior\BuildLiteBehavior [ RunTime:0.000020s ]
INFO: [ app_init ] --END-- [ RunTime:0.000666s ]
INFO: [ app_begin ] --START--
INFO: Run Behavior\ReadHtmlCacheBehavior [ RunTime:0.000804s ]
INFO: [ app_begin ] --END-- [ RunTime:0.000851s ]
NOTIC: [8] Undefined index: t C:\xampp\htdocs\diuba\App\Home\Controller\UsersController.class.php 第 119 行.
SQL: SHOW COLUMNS FROM `diuba_users` [ RunTime:0.0047s ]
SQL: SELECT * FROM `diuba_users` WHERE ( telephone='' )  [ RunTime:0.0005s ]
INFO: [ app_end ] --START--
INFO: Run Behavior\ShowPageTraceBehavior [ RunTime:0.001378s ]
INFO: [ app_end ] --END-- [ RunTime:0.001539s ]

[ 2016-12-09T14:34:22+08:00 ] ::1 /diuba/Home/Users/checkTele?para
INFO: [ app_init ] --START--
INFO: Run Behavior\BuildLiteBehavior [ RunTime:0.000011s ]
INFO: [ app_init ] --END-- [ RunTime:0.000499s ]
INFO: [ app_begin ] --START--
INFO: Run Behavior\ReadHtmlCacheBehavior [ RunTime:0.000842s ]
INFO: [ app_begin ] --END-- [ RunTime:0.000891s ]
NOTIC: [8] Undefined index: t C:\xampp\htdocs\diuba\App\Home\Controller\UsersController.class.php 第 119 行.
SQL: SHOW COLUMNS FROM `diuba_users` [ RunTime:0.0048s ]
SQL: SELECT * FROM `diuba_users` WHERE ( telephone='' )  [ RunTime:0.0003s ]
INFO: [ app_end ] --START--
INFO: Run Behavior\ShowPageTraceBehavior [ RunTime:0.001253s ]
INFO: [ app_end ] --END-- [ RunTime:0.001308s ]

[ 2016-12-09T14:34:24+08:00 ] ::1 /diuba/Home/Users/checkTele?para
INFO: [ app_init ] --START--
INFO: Run Behavior\BuildLiteBehavior [ RunTime:0.000024s ]
INFO: [ app_init ] --END-- [ RunTime:0.000460s ]
INFO: [ app_begin ] --START--
INFO: Run Behavior\ReadHtmlCacheBehavior [ RunTime:0.001319s ]
INFO: [ app_begin ] --END-- [ RunTime:0.001505s ]
NOTIC: [8] Undefined index: t C:\xampp\htdocs\diuba\App\Home\Controller\UsersController.class.php 第 119 行.
SQL: SHOW COLUMNS FROM `diuba_users` [ RunTime:0.0048s ]
SQL: SELECT * FROM `diuba_users` WHERE ( telephone='' )  [ RunTime:0.0003s ]
INFO: [ app_end ] --START--
INFO: Run Behavior\ShowPageTraceBehavior [ RunTime:0.001348s ]
INFO: [ app_end ] --END-- [ RunTime:0.001423s ]

[ 2016-12-09T14:34:24+08:00 ] ::1 /diuba/Home/Users/checkTele?para
INFO: [ app_init ] --START--
INFO: Run Behavior\BuildLiteBehavior [ RunTime:0.000011s ]
INFO: [ app_init ] --END-- [ RunTime:0.000430s ]
INFO: [ app_begin ] --START--
INFO: Run Behavior\ReadHtmlCacheBehavior [ RunTime:0.002724s ]
INFO: [ app_begin ] --END-- [ RunTime:0.002914s ]
NOTIC: [8] Undefined index: t C:\xampp\htdocs\diuba\App\Home\Controller\UsersController.class.php 第 119 行.
SQL: SHOW COLUMNS FROM `diuba_users` [ RunTime:0.0041s ]
SQL: SELECT * FROM `diuba_users` WHERE ( telephone='' )  [ RunTime:0.0004s ]
INFO: [ app_end ] --START--
INFO: Run Behavior\ShowPageTraceBehavior [ RunTime:0.001355s ]
INFO: [ app_end ] --END-- [ RunTime:0.001416s ]

[ 2016-12-09T14:36:55+08:00 ] ::1 /diuba/Home/Users/reg.html
INFO: [ app_init ] --START--
INFO: Run Behavior\BuildLiteBehavior [ RunTime:0.000020s ]
INFO: [ app_init ] --END-- [ RunTime:0.000521s ]
INFO: [ app_begin ] --START--
INFO: Run Behavior\ReadHtmlCacheBehavior [ RunTime:0.001767s ]
INFO: [ app_begin ] --END-- [ RunTime:0.001840s ]
INFO: [ view_parse ] --START--
INFO: [ template_filter ] --START--
INFO: Run Behavior\ContentReplaceBehavior [ RunTime:0.000093s ]
INFO: [ template_filter ] --END-- [ RunTime:0.000133s ]
NOTIC: [8] Use of undefined constant register - assumed 'register' C:\xampp\htdocs\diuba\App\Runtime\Cache\Home\cadf8ee5853ee307883d6c8704e48fa4.php 第 144 行.
INFO: Run Behavior\ParseTemplateBehavior [ RunTime:0.008716s ]
INFO: [ view_parse ] --END-- [ RunTime:0.008752s ]
INFO: [ view_filter ] --START--
INFO: Run Behavior\WriteHtmlCacheBehavior [ RunTime:0.000700s ]
INFO: [ view_filter ] --END-- [ RunTime:0.000731s ]
INFO: [ app_end ] --START--
INFO: Run Behavior\ShowPageTraceBehavior [ RunTime:0.001000s ]
INFO: [ app_end ] --END-- [ RunTime:0.001092s ]

[ 2016-12-09T14:37:41+08:00 ] ::1 /diuba/Home/Users/reg.html
INFO: [ app_init ] --START--
INFO: Run Behavior\BuildLiteBehavior [ RunTime:0.000028s ]
INFO: [ app_init ] --END-- [ RunTime:0.000681s ]
INFO: [ app_begin ] --START--
INFO: Run Behavior\ReadHtmlCacheBehavior [ RunTime:0.000768s ]
INFO: [ app_begin ] --END-- [ RunTime:0.000809s ]
INFO: [ view_parse ] --START--
INFO: [ template_filter ] --START--
INFO: Run Behavior\ContentReplaceBehavior [ RunTime:0.000093s ]
INFO: [ template_filter ] --END-- [ RunTime:0.000133s ]
NOTIC: [8] Use of undefined constant register - assumed 'register' C:\xampp\htdocs\diuba\App\Runtime\Cache\Home\cadf8ee5853ee307883d6c8704e48fa4.php 第 144 行.
INFO: Run Behavior\ParseTemplateBehavior [ RunTime:0.008111s ]
INFO: [ view_parse ] --END-- [ RunTime:0.008147s ]
INFO: [ view_filter ] --START--
INFO: Run Behavior\WriteHtmlCacheBehavior [ RunTime:0.000615s ]
INFO: [ view_filter ] --END-- [ RunTime:0.000648s ]
INFO: [ app_end ] --START--
INFO: Run Behavior\ShowPageTraceBehavior [ RunTime:0.001947s ]
INFO: [ app_end ] --END-- [ RunTime:0.002028s ]

[ 2016-12-09T14:37:42+08:00 ] ::1 /diuba/Home/Users/checkTele?t=18941137571
INFO: [ app_init ] --START--
INFO: Run Behavior\BuildLiteBehavior [ RunTime:0.000015s ]
INFO: [ app_init ] --END-- [ RunTime:0.000564s ]
INFO: [ app_begin ] --START--
INFO: Run Behavior\ReadHtmlCacheBehavior [ RunTime:0.001191s ]
INFO: [ app_begin ] --END-- [ RunTime:0.001286s ]
SQL: SHOW COLUMNS FROM `diuba_users` [ RunTime:0.0056s ]
SQL: SELECT * FROM `diuba_users` WHERE ( telephone='18941137571' )  [ RunTime:0.0003s ]
INFO: [ app_end ] --START--
INFO: Run Behavior\ShowPageTraceBehavior [ RunTime:0.001150s ]
INFO: [ app_end ] --END-- [ RunTime:0.001202s ]

[ 2016-12-09T14:38:08+08:00 ] ::1 /diuba/Home/Users/checkTele?t=18941137571
INFO: [ app_init ] --START--
INFO: Run Behavior\BuildLiteBehavior [ RunTime:0.000013s ]
INFO: [ app_init ] --END-- [ RunTime:0.000475s ]
INFO: [ app_begin ] --START--
INFO: Run Behavior\ReadHtmlCacheBehavior [ RunTime:0.000855s ]
INFO: [ app_begin ] --END-- [ RunTime:0.000909s ]
SQL: SHOW COLUMNS FROM `diuba_users` [ RunTime:0.0028s ]
SQL: SELECT * FROM `diuba_users` WHERE ( telephone='18941137571' )  [ RunTime:0.0004s ]
INFO: [ app_end ] --START--
INFO: Run Behavior\ShowPageTraceBehavior [ RunTime:0.001420s ]
INFO: [ app_end ] --END-- [ RunTime:0.001546s ]

[ 2016-12-09T14:51:43+08:00 ] ::1 /diuba/Home/Users/checkTele?t=18941137571
INFO: [ app_init ] --START--
INFO: Run Behavior\BuildLiteBehavior [ RunTime:0.000020s ]
INFO: [ app_init ] --END-- [ RunTime:0.000788s ]
INFO: [ app_begin ] --START--
INFO: Run Behavior\ReadHtmlCacheBehavior [ RunTime:0.000826s ]
INFO: [ app_begin ] --END-- [ RunTime:0.000880s ]
SQL: SHOW COLUMNS FROM `diuba_users` [ RunTime:0.0065s ]
SQL: SELECT * FROM `diuba_users` WHERE ( telephone='18941137571' )  [ RunTime:0.0004s ]
INFO: [ app_end ] --START--
INFO: Run Behavior\ShowPageTraceBehavior [ RunTime:0.001003s ]
INFO: [ app_end ] --END-- [ RunTime:0.001043s ]

[ 2016-12-09T14:53:54+08:00 ] ::1 /diuba/Home/Users/checkTele?t=18941137571
INFO: [ app_init ] --START--
INFO: Run Behavior\BuildLiteBehavior [ RunTime:0.000012s ]
INFO: [ app_init ] --END-- [ RunTime:0.000545s ]
INFO: [ app_begin ] --START--
INFO: Run Behavior\ReadHtmlCacheBehavior [ RunTime:0.000793s ]
INFO: [ app_begin ] --END-- [ RunTime:0.000849s ]
SQL: SHOW COLUMNS FROM `diuba_users` [ RunTime:0.0062s ]
SQL: SELECT * FROM `diuba_users` WHERE ( telephone='18941137571' )  [ RunTime:0.0005s ]
INFO: [ app_end ] --START--
INFO: Run Behavior\ShowPageTraceBehavior [ RunTime:0.001631s ]
INFO: [ app_end ] --END-- [ RunTime:0.001724s ]

[ 2016-12-09T14:53:56+08:00 ] ::1 /diuba/Home/Users/reg.html
INFO: [ app_init ] --START--
INFO: Run Behavior\BuildLiteBehavior [ RunTime:0.000012s ]
INFO: [ app_init ] --END-- [ RunTime:0.000624s ]
INFO: [ app_begin ] --START--
INFO: Run Behavior\ReadHtmlCacheBehavior [ RunTime:0.000769s ]
INFO: [ app_begin ] --END-- [ RunTime:0.000807s ]
INFO: [ view_parse ] --START--
INFO: [ template_filter ] --START--
INFO: Run Behavior\ContentReplaceBehavior [ RunTime:0.000118s ]
INFO: [ template_filter ] --END-- [ RunTime:0.000168s ]
NOTIC: [8] Use of undefined constant register - assumed 'register' C:\xampp\htdocs\diuba\App\Runtime\Cache\Home\cadf8ee5853ee307883d6c8704e48fa4.php 第 153 行.
INFO: Run Behavior\ParseTemplateBehavior [ RunTime:0.010848s ]
INFO: [ view_parse ] --END-- [ RunTime:0.010889s ]
INFO: [ view_filter ] --START--
INFO: Run Behavior\WriteHtmlCacheBehavior [ RunTime:0.000769s ]
INFO: [ view_filter ] --END-- [ RunTime:0.000803s ]
INFO: [ app_end ] --START--
INFO: Run Behavior\ShowPageTraceBehavior [ RunTime:0.001000s ]
INFO: [ app_end ] --END-- [ RunTime:0.001051s ]

[ 2016-12-09T14:54:03+08:00 ] ::1 /diuba/Home/Users/checkAlias?u=u
INFO: [ app_init ] --START--
INFO: Run Behavior\BuildLiteBehavior [ RunTime:0.000011s ]
INFO: [ app_init ] --END-- [ RunTime:0.000495s ]
INFO: [ app_begin ] --START--
INFO: Run Behavior\ReadHtmlCacheBehavior [ RunTime:0.000826s ]
INFO: [ app_begin ] --END-- [ RunTime:0.000866s ]
NOTIC: [8] Use of undefined constant u - assumed 'u' C:\xampp\htdocs\diuba\App\Home\Controller\UsersController.class.php 第 126 行.
SQL: SHOW COLUMNS FROM `diuba_users` [ RunTime:0.0043s ]
SQL: SELECT `aliasname` FROM `diuba_users` WHERE ( aliasname like '%u%' ) LIMIT 4   [ RunTime:0.0063s ]

[ 2016-12-09T14:54:26+08:00 ] ::1 /diuba/Home/Users/checkAlias?u=n
INFO: [ app_init ] --START--
INFO: Run Behavior\BuildLiteBehavior [ RunTime:0.000011s ]
INFO: [ app_init ] --END-- [ RunTime:0.000449s ]
INFO: [ app_begin ] --START--
INFO: Run Behavior\ReadHtmlCacheBehavior [ RunTime:0.000795s ]
INFO: [ app_begin ] --END-- [ RunTime:0.000839s ]
NOTIC: [8] Use of undefined constant u - assumed 'u' C:\xampp\htdocs\diuba\App\Home\Controller\UsersController.class.php 第 126 行.
SQL: SHOW COLUMNS FROM `diuba_users` [ RunTime:0.0034s ]
SQL: SELECT `aliasname` FROM `diuba_users` WHERE ( aliasname like '%n%' ) LIMIT 4   [ RunTime:0.0014s ]

[ 2016-12-09T14:54:46+08:00 ] ::1 /diuba/Home/Users/reg.html
INFO: [ app_init ] --START--
INFO: Run Behavior\BuildLiteBehavior [ RunTime:0.000012s ]
INFO: [ app_init ] --END-- [ RunTime:0.000505s ]
INFO: [ app_begin ] --START--
INFO: Run Behavior\ReadHtmlCacheBehavior [ RunTime:0.000754s ]
INFO: [ app_begin ] --END-- [ RunTime:0.000811s ]
INFO: [ view_parse ] --START--
INFO: [ template_filter ] --START--
INFO: Run Behavior\ContentReplaceBehavior [ RunTime:0.000107s ]
INFO: [ template_filter ] --END-- [ RunTime:0.000170s ]
NOTIC: [8] Use of undefined constant register - assumed 'register' C:\xampp\htdocs\diuba\App\Runtime\Cache\Home\cadf8ee5853ee307883d6c8704e48fa4.php 第 153 行.
INFO: Run Behavior\ParseTemplateBehavior [ RunTime:0.010058s ]
INFO: [ view_parse ] --END-- [ RunTime:0.010120s ]
INFO: [ view_filter ] --START--
INFO: Run Behavior\WriteHtmlCacheBehavior [ RunTime:0.000673s ]
INFO: [ view_filter ] --END-- [ RunTime:0.000707s ]
INFO: [ app_end ] --START--
INFO: Run Behavior\ShowPageTraceBehavior [ RunTime:0.000922s ]
INFO: [ app_end ] --END-- [ RunTime:0.001005s ]

[ 2016-12-09T14:54:49+08:00 ] ::1 /diuba/Home/Users/checkAlias?u=n
INFO: [ app_init ] --START--
INFO: Run Behavior\BuildLiteBehavior [ RunTime:0.000012s ]
INFO: [ app_init ] --END-- [ RunTime:0.000512s ]
INFO: [ app_begin ] --START--
INFO: Run Behavior\ReadHtmlCacheBehavior [ RunTime:0.001180s ]
INFO: [ app_begin ] --END-- [ RunTime:0.001258s ]
SQL: SHOW COLUMNS FROM `diuba_users` [ RunTime:0.0033s ]
SQL: SELECT `aliasname` FROM `diuba_users` WHERE ( aliasname like '%n%' ) LIMIT 4   [ RunTime:0.0003s ]

[ 2016-12-09T14:57:19+08:00 ] ::1 /diuba/Home/Users/reg.html
INFO: [ app_init ] --START--
INFO: Run Behavior\BuildLiteBehavior [ RunTime:0.000021s ]
INFO: [ app_init ] --END-- [ RunTime:0.000800s ]
INFO: [ app_begin ] --START--
INFO: Run Behavior\ReadHtmlCacheBehavior [ RunTime:0.000887s ]
INFO: [ app_begin ] --END-- [ RunTime:0.000955s ]
INFO: [ view_parse ] --START--
INFO: [ template_filter ] --START--
INFO: Run Behavior\ContentReplaceBehavior [ RunTime:0.000117s ]
INFO: [ template_filter ] --END-- [ RunTime:0.000172s ]
NOTIC: [8] Use of undefined constant register - assumed 'register' C:\xampp\htdocs\diuba\App\Runtime\Cache\Home\cadf8ee5853ee307883d6c8704e48fa4.php 第 154 行.
INFO: Run Behavior\ParseTemplateBehavior [ RunTime:0.010964s ]
INFO: [ view_parse ] --END-- [ RunTime:0.011065s ]
INFO: [ view_filter ] --START--
INFO: Run Behavior\WriteHtmlCacheBehavior [ RunTime:0.001027s ]
INFO: [ view_filter ] --END-- [ RunTime:0.001089s ]
INFO: [ app_end ] --START--
INFO: Run Behavior\ShowPageTraceBehavior [ RunTime:0.001353s ]
INFO: [ app_end ] --END-- [ RunTime:0.001428s ]

[ 2016-12-09T14:57:23+08:00 ] ::1 /diuba/Home/Users/checkAlias?u=u
INFO: [ app_init ] --START--
INFO: Run Behavior\BuildLiteBehavior [ RunTime:0.000011s ]
INFO: [ app_init ] --END-- [ RunTime:0.000428s ]
INFO: [ app_begin ] --START--
INFO: Run Behavior\ReadHtmlCacheBehavior [ RunTime:0.000635s ]
INFO: [ app_begin ] --END-- [ RunTime:0.000674s ]
SQL: SHOW COLUMNS FROM `diuba_users` [ RunTime:0.0056s ]
SQL: SELECT `aliasname` FROM `diuba_users` WHERE ( aliasname like '%u%' ) LIMIT 4   [ RunTime:0.0003s ]

[ 2016-12-09T15:16:08+08:00 ] ::1 /diuba/
INFO: [ app_init ] --START--
INFO: Run Behavior\BuildLiteBehavior [ RunTime:0.000016s ]
INFO: [ app_init ] --END-- [ RunTime:0.001508s ]
INFO: [ app_begin ] --START--
INFO: Run Behavior\ReadHtmlCacheBehavior [ RunTime:0.001214s ]
INFO: [ app_begin ] --END-- [ RunTime:0.001272s ]
INFO: [ view_parse ] --START--
INFO: [ template_filter ] --START--
INFO: Run Behavior\ContentReplaceBehavior [ RunTime:0.000851s ]
INFO: [ template_filter ] --END-- [ RunTime:0.000934s ]
NOTIC: [8] Undefined variable: findnum C:\xampp\htdocs\diuba\App\Runtime\Cache\Home\00e52909bed743ea261af4b6823297ff.php 第 142 行.
NOTIC: [8] Undefined variable: lostnum C:\xampp\htdocs\diuba\App\Runtime\Cache\Home\00e52909bed743ea261af4b6823297ff.php 第 143 行.
NOTIC: [8] Undefined variable: all C:\xampp\htdocs\diuba\App\Runtime\Cache\Home\00e52909bed743ea261af4b6823297ff.php 第 144 行.
NOTIC: [8] Undefined variable: lostlist C:\xampp\htdocs\diuba\App\Runtime\Cache\Home\00e52909bed743ea261af4b6823297ff.php 第 162 行.
NOTIC: [8] Undefined variable: findlist C:\xampp\htdocs\diuba\App\Runtime\Cache\Home\00e52909bed743ea261af4b6823297ff.php 第 190 行.
INFO: Run Behavior\ParseTemplateBehavior [ RunTime:0.016546s ]
INFO: [ view_parse ] --END-- [ RunTime:0.016587s ]
INFO: [ view_filter ] --START--
INFO: Run Behavior\WriteHtmlCacheBehavior [ RunTime:0.000849s ]
INFO: [ view_filter ] --END-- [ RunTime:0.000880s ]
INFO: [ app_end ] --START--
INFO: Run Behavior\ShowPageTraceBehavior [ RunTime:0.001088s ]
INFO: [ app_end ] --END-- [ RunTime:0.001145s ]

[ 2016-12-09T16:12:23+08:00 ] ::1 /diuba/
INFO: [ app_init ] --START--
INFO: Run Behavior\BuildLiteBehavior [ RunTime:0.000010s ]
INFO: [ app_init ] --END-- [ RunTime:0.000612s ]
INFO: [ app_begin ] --START--
INFO: Run Behavior\ReadHtmlCacheBehavior [ RunTime:0.001122s ]
INFO: [ app_begin ] --END-- [ RunTime:0.001193s ]
INFO: [ view_parse ] --START--
INFO: [ template_filter ] --START--
INFO: Run Behavior\ContentReplaceBehavior [ RunTime:0.000105s ]
INFO: [ template_filter ] --END-- [ RunTime:0.000148s ]
NOTIC: [8] Undefined variable: findnum C:\xampp\htdocs\diuba\App\Runtime\Cache\Home\00e52909bed743ea261af4b6823297ff.php 第 142 行.
NOTIC: [8] Undefined variable: lostnum C:\xampp\htdocs\diuba\App\Runtime\Cache\Home\00e52909bed743ea261af4b6823297ff.php 第 143 行.
NOTIC: [8] Undefined variable: all C:\xampp\htdocs\diuba\App\Runtime\Cache\Home\00e52909bed743ea261af4b6823297ff.php 第 144 行.
NOTIC: [8] Undefined variable: lostlist C:\xampp\htdocs\diuba\App\Runtime\Cache\Home\00e52909bed743ea261af4b6823297ff.php 第 162 行.
NOTIC: [8] Undefined variable: findlist C:\xampp\htdocs\diuba\App\Runtime\Cache\Home\00e52909bed743ea261af4b6823297ff.php 第 190 行.
INFO: Run Behavior\ParseTemplateBehavior [ RunTime:0.011208s ]
INFO: [ view_parse ] --END-- [ RunTime:0.011246s ]
INFO: [ view_filter ] --START--
INFO: Run Behavior\WriteHtmlCacheBehavior [ RunTime:0.000703s ]
INFO: [ view_filter ] --END-- [ RunTime:0.000743s ]
INFO: [ app_end ] --START--
INFO: Run Behavior\ShowPageTraceBehavior [ RunTime:0.002494s ]
INFO: [ app_end ] --END-- [ RunTime:0.002717s ]

[ 2016-12-09T16:12:24+08:00 ] ::1 /diuba/Home/Index/login.html
INFO: [ app_init ] --START--
INFO: Run Behavior\BuildLiteBehavior [ RunTime:0.000013s ]
INFO: [ app_init ] --END-- [ RunTime:0.000516s ]
INFO: [ app_begin ] --START--
INFO: Run Behavior\ReadHtmlCacheBehavior [ RunTime:0.000828s ]
INFO: [ app_begin ] --END-- [ RunTime:0.000866s ]
INFO: [ view_parse ] --START--
INFO: [ template_filter ] --START--
INFO: Run Behavior\ContentReplaceBehavior [ RunTime:0.000085s ]
INFO: [ template_filter ] --END-- [ RunTime:0.000131s ]
NOTIC: [8] Use of undefined constant checkLogin - assumed 'checkLogin' C:\xampp\htdocs\diuba\App\Runtime\Cache\Home\b85c7d4521605c805b2409b4b881b8b6.php 第 90 行.
INFO: Run Behavior\ParseTemplateBehavior [ RunTime:0.009732s ]
INFO: [ view_parse ] --END-- [ RunTime:0.009779s ]
INFO: [ view_filter ] --START--
INFO: Run Behavior\WriteHtmlCacheBehavior [ RunTime:0.000804s ]
INFO: [ view_filter ] --END-- [ RunTime:0.000838s ]
INFO: [ app_end ] --START--
INFO: Run Behavior\ShowPageTraceBehavior [ RunTime:0.001023s ]
INFO: [ app_end ] --END-- [ RunTime:0.001064s ]

[ 2016-12-09T16:12:24+08:00 ] ::1 /diuba/Home/Index/verify.html
INFO: [ app_init ] --START--
INFO: Run Behavior\BuildLiteBehavior [ RunTime:0.000014s ]
INFO: [ app_init ] --END-- [ RunTime:0.000614s ]
INFO: [ app_begin ] --START--
INFO: Run Behavior\ReadHtmlCacheBehavior [ RunTime:0.000844s ]
INFO: [ app_begin ] --END-- [ RunTime:0.000892s ]
INFO: [ app_end ] --START--
INFO: Run Behavior\ShowPageTraceBehavior [ RunTime:0.000943s ]
INFO: [ app_end ] --END-- [ RunTime:0.000999s ]

[ 2016-12-09T16:12:30+08:00 ] ::1 /diuba/Home/Index/login.html
INFO: [ app_init ] --START--
INFO: Run Behavior\BuildLiteBehavior [ RunTime:0.000015s ]
INFO: [ app_init ] --END-- [ RunTime:0.000511s ]
INFO: [ app_begin ] --START--
INFO: Run Behavior\ReadHtmlCacheBehavior [ RunTime:0.001506s ]
INFO: [ app_begin ] --END-- [ RunTime:0.001568s ]
INFO: [ view_parse ] --START--
INFO: [ template_filter ] --START--
INFO: Run Behavior\ContentReplaceBehavior [ RunTime:0.000093s ]
INFO: [ template_filter ] --END-- [ RunTime:0.000135s ]
NOTIC: [8] Use of undefined constant checkLogin - assumed 'checkLogin' C:\xampp\htdocs\diuba\App\Runtime\Cache\Home\b85c7d4521605c805b2409b4b881b8b6.php 第 90 行.
INFO: Run Behavior\ParseTemplateBehavior [ RunTime:0.008148s ]
INFO: [ view_parse ] --END-- [ RunTime:0.008190s ]
INFO: [ view_filter ] --START--
INFO: Run Behavior\WriteHtmlCacheBehavior [ RunTime:0.000619s ]
INFO: [ view_filter ] --END-- [ RunTime:0.000651s ]
INFO: [ app_end ] --START--
INFO: Run Behavior\ShowPageTraceBehavior [ RunTime:0.000874s ]
INFO: [ app_end ] --END-- [ RunTime:0.000939s ]

[ 2016-12-09T16:12:30+08:00 ] ::1 /diuba/Home/Index/verify.html
INFO: [ app_init ] --START--
INFO: Run Behavior\BuildLiteBehavior [ RunTime:0.000012s ]
INFO: [ app_init ] --END-- [ RunTime:0.000516s ]
INFO: [ app_begin ] --START--
INFO: Run Behavior\ReadHtmlCacheBehavior [ RunTime:0.000714s ]
INFO: [ app_begin ] --END-- [ RunTime:0.000755s ]
INFO: [ app_end ] --START--
INFO: Run Behavior\ShowPageTraceBehavior [ RunTime:0.001164s ]
INFO: [ app_end ] --END-- [ RunTime:0.001231s ]

