[ 2016-11-16T15:37:16+08:00 ] ::1 /diuba/
INFO: [ app_init ] --START--
INFO: Run Behavior\BuildLiteBehavior [ RunTime:0.000010s ]
INFO: [ app_init ] --END-- [ RunTime:0.001124s ]
INFO: [ app_begin ] --START--
INFO: Run Behavior\ReadHtmlCacheBehavior [ RunTime:0.000817s ]
INFO: [ app_begin ] --END-- [ RunTime:0.000853s ]
INFO: [ view_parse ] --START--
INFO: [ template_filter ] --START--
INFO: Run Behavior\ContentReplaceBehavior [ RunTime:0.000756s ]
INFO: [ template_filter ] --END-- [ RunTime:0.000798s ]
NOTIC: [8] Undefined variable: findnum C:\xampp\htdocs\diuba\App\Runtime\Cache\Home\00e52909bed743ea261af4b6823297ff.php 第 142 行.
NOTIC: [8] Undefined variable: lostnum C:\xampp\htdocs\diuba\App\Runtime\Cache\Home\00e52909bed743ea261af4b6823297ff.php 第 143 行.
NOTIC: [8] Undefined variable: all C:\xampp\htdocs\diuba\App\Runtime\Cache\Home\00e52909bed743ea261af4b6823297ff.php 第 144 行.
NOTIC: [8] Undefined variable: lostlist C:\xampp\htdocs\diuba\App\Runtime\Cache\Home\00e52909bed743ea261af4b6823297ff.php 第 162 行.
NOTIC: [8] Undefined variable: findlist C:\xampp\htdocs\diuba\App\Runtime\Cache\Home\00e52909bed743ea261af4b6823297ff.php 第 190 行.
INFO: Run Behavior\ParseTemplateBehavior [ RunTime:0.012632s ]
INFO: [ view_parse ] --END-- [ RunTime:0.012669s ]
INFO: [ view_filter ] --START--
INFO: Run Behavior\WriteHtmlCacheBehavior [ RunTime:0.000743s ]
INFO: [ view_filter ] --END-- [ RunTime:0.000777s ]
INFO: [ app_end ] --START--
INFO: Run Behavior\ShowPageTraceBehavior [ RunTime:0.001730s ]
INFO: [ app_end ] --END-- [ RunTime:0.001834s ]

[ 2016-11-16T15:37:19+08:00 ] ::1 /diuba/Home/Index/login.html
INFO: [ app_init ] --START--
INFO: Run Behavior\BuildLiteBehavior [ RunTime:0.000013s ]
INFO: [ app_init ] --END-- [ RunTime:0.000446s ]
INFO: [ app_begin ] --START--
INFO: Run Behavior\ReadHtmlCacheBehavior [ RunTime:0.000611s ]
INFO: [ app_begin ] --END-- [ RunTime:0.000647s ]
INFO: [ view_parse ] --START--
INFO: [ template_filter ] --START--
INFO: Run Behavior\ContentReplaceBehavior [ RunTime:0.000116s ]
INFO: [ template_filter ] --END-- [ RunTime:0.000181s ]
NOTIC: [8] Use of undefined constant checkLogin - assumed 'checkLogin' C:\xampp\htdocs\diuba\App\Runtime\Cache\Home\b85c7d4521605c805b2409b4b881b8b6.php 第 90 行.
INFO: Run Behavior\ParseTemplateBehavior [ RunTime:0.008974s ]
INFO: [ view_parse ] --END-- [ RunTime:0.009032s ]
INFO: [ view_filter ] --START--
INFO: Run Behavior\WriteHtmlCacheBehavior [ RunTime:0.000434s ]
INFO: [ view_filter ] --END-- [ RunTime:0.000466s ]
INFO: [ app_end ] --START--
INFO: Run Behavior\ShowPageTraceBehavior [ RunTime:0.000940s ]
INFO: [ app_end ] --END-- [ RunTime:0.001013s ]

[ 2016-11-16T15:37:19+08:00 ] ::1 /diuba/Home/Index/verify.html
INFO: [ app_init ] --START--
INFO: Run Behavior\BuildLiteBehavior [ RunTime:0.000016s ]
INFO: [ app_init ] --END-- [ RunTime:0.000461s ]
INFO: [ app_begin ] --START--
INFO: Run Behavior\ReadHtmlCacheBehavior [ RunTime:0.000591s ]
INFO: [ app_begin ] --END-- [ RunTime:0.000651s ]
INFO: [ app_end ] --START--
INFO: Run Behavior\ShowPageTraceBehavior [ RunTime:0.000639s ]
INFO: [ app_end ] --END-- [ RunTime:0.000716s ]

[ 2016-11-16T15:37:30+08:00 ] ::1 /diuba/Home/Index/checkLogin.html
INFO: [ app_init ] --START--
INFO: Run Behavior\BuildLiteBehavior [ RunTime:0.000010s ]
INFO: [ app_init ] --END-- [ RunTime:0.000444s ]
INFO: [ app_begin ] --START--
INFO: Run Behavior\ReadHtmlCacheBehavior [ RunTime:0.000844s ]
INFO: [ app_begin ] --END-- [ RunTime:0.000888s ]
SQL: SHOW COLUMNS FROM `diuba_users` [ RunTime:0.0037s ]
INFO: [ view_parse ] --START--
INFO: [ template_filter ] --START--
INFO: Run Behavior\ContentReplaceBehavior [ RunTime:0.000033s ]
INFO: [ template_filter ] --END-- [ RunTime:0.000083s ]
INFO: Run Behavior\ParseTemplateBehavior [ RunTime:0.004898s ]
INFO: [ view_parse ] --END-- [ RunTime:0.004953s ]
INFO: [ view_filter ] --START--
INFO: Run Behavior\WriteHtmlCacheBehavior [ RunTime:0.000364s ]
INFO: [ view_filter ] --END-- [ RunTime:0.000393s ]

[ 2016-11-16T15:37:36+08:00 ] ::1 /diuba/Home/Index/verify.html
INFO: [ app_init ] --START--
INFO: Run Behavior\BuildLiteBehavior [ RunTime:0.000012s ]
INFO: [ app_init ] --END-- [ RunTime:0.000491s ]
INFO: [ app_begin ] --START--
INFO: Run Behavior\ReadHtmlCacheBehavior [ RunTime:0.000590s ]
INFO: [ app_begin ] --END-- [ RunTime:0.000628s ]
INFO: [ app_end ] --START--
INFO: Run Behavior\ShowPageTraceBehavior [ RunTime:0.000717s ]
INFO: [ app_end ] --END-- [ RunTime:0.000765s ]

[ 2016-11-16T15:37:41+08:00 ] ::1 /diuba/Home/Index/checkLogin.html
INFO: [ app_init ] --START--
INFO: Run Behavior\BuildLiteBehavior [ RunTime:0.000012s ]
INFO: [ app_init ] --END-- [ RunTime:0.000372s ]
INFO: [ app_begin ] --START--
INFO: Run Behavior\ReadHtmlCacheBehavior [ RunTime:0.000457s ]
INFO: [ app_begin ] --END-- [ RunTime:0.000498s ]
SQL: SHOW COLUMNS FROM `diuba_users` [ RunTime:0.0048s ]
SQL: SELECT * FROM `diuba_users` WHERE `telephone` = '18941137576' AND `password` = '202cb962ac59075b964b07152d234b70'  [ RunTime:0.0005s ]

[ 2016-11-16T15:37:41+08:00 ] ::1 /diuba/Home/Goods/goods.html
INFO: [ app_init ] --START--
INFO: Run Behavior\BuildLiteBehavior [ RunTime:0.000010s ]
INFO: [ app_init ] --END-- [ RunTime:0.000364s ]
INFO: [ app_begin ] --START--
INFO: Run Behavior\ReadHtmlCacheBehavior [ RunTime:0.000518s ]
INFO: [ app_begin ] --END-- [ RunTime:0.000571s ]
SQL: SHOW COLUMNS FROM `diuba_users` [ RunTime:0.0028s ]
SQL: SELECT * FROM `diuba_users` WHERE `telephone` = '18941137576' LIMIT 1   [ RunTime:0.0003s ]
SQL: SHOW COLUMNS FROM `diuba_goods` [ RunTime:0.0029s ]
SQL: SELECT * FROM `diuba_goods`  [ RunTime:0.0002s ]
SQL: SELECT COUNT(*) AS tp_count FROM `diuba_goods` LIMIT 1   [ RunTime:0.0002s ]
INFO: [ view_parse ] --START--
INFO: [ template_filter ] --START--
INFO: Run Behavior\ContentReplaceBehavior [ RunTime:0.000116s ]
INFO: [ template_filter ] --END-- [ RunTime:0.000161s ]
NOTIC: [8] Use of undefined constant goodsadd - assumed 'goodsadd' C:\xampp\htdocs\diuba\App\Runtime\Cache\Home\b6ee958afc6bab35b4ef7aed02f4caf6.php 第 161 行.
NOTIC: [8] Use of undefined constant printQrcode - assumed 'printQrcode' C:\xampp\htdocs\diuba\App\Runtime\Cache\Home\b6ee958afc6bab35b4ef7aed02f4caf6.php 第 178 行.
INFO: Run Behavior\ParseTemplateBehavior [ RunTime:0.011081s ]
INFO: [ view_parse ] --END-- [ RunTime:0.011129s ]
INFO: [ view_filter ] --START--
INFO: Run Behavior\WriteHtmlCacheBehavior [ RunTime:0.000391s ]
INFO: [ view_filter ] --END-- [ RunTime:0.000422s ]
INFO: [ app_end ] --START--
INFO: Run Behavior\ShowPageTraceBehavior [ RunTime:0.000556s ]
INFO: [ app_end ] --END-- [ RunTime:0.000603s ]

[ 2016-11-16T16:08:20+08:00 ] ::1 /diuba/Home/Goods/goods.html
INFO: [ app_init ] --START--
INFO: Run Behavior\BuildLiteBehavior [ RunTime:0.000011s ]
INFO: [ app_init ] --END-- [ RunTime:0.000513s ]
INFO: [ app_begin ] --START--
INFO: Run Behavior\ReadHtmlCacheBehavior [ RunTime:0.000664s ]
INFO: [ app_begin ] --END-- [ RunTime:0.000726s ]
SQL: SHOW COLUMNS FROM `diuba_users` [ RunTime:0.0032s ]
SQL: SELECT * FROM `diuba_users` WHERE `telephone` = '18941137576' LIMIT 1   [ RunTime:0.0003s ]
SQL: SHOW COLUMNS FROM `diuba_goods` [ RunTime:0.0027s ]
SQL: SELECT COUNT(*) AS tp_count FROM `diuba_goods` LIMIT 1   [ RunTime:0.0003s ]
SQL: SELECT * FROM `diuba_goods` LIMIT 0,2   [ RunTime:0.0002s ]
INFO: [ view_parse ] --START--
INFO: [ template_filter ] --START--
INFO: Run Behavior\ContentReplaceBehavior [ RunTime:0.000152s ]
INFO: [ template_filter ] --END-- [ RunTime:0.000199s ]
NOTIC: [8] Use of undefined constant goodsadd - assumed 'goodsadd' C:\xampp\htdocs\diuba\App\Runtime\Cache\Home\b6ee958afc6bab35b4ef7aed02f4caf6.php 第 161 行.
NOTIC: [8] Use of undefined constant printQrcode - assumed 'printQrcode' C:\xampp\htdocs\diuba\App\Runtime\Cache\Home\b6ee958afc6bab35b4ef7aed02f4caf6.php 第 178 行.
NOTIC: [8] Undefined variable: pageNav C:\xampp\htdocs\diuba\App\Runtime\Cache\Home\b6ee958afc6bab35b4ef7aed02f4caf6.php 第 214 行.
INFO: Run Behavior\ParseTemplateBehavior [ RunTime:0.013308s ]
INFO: [ view_parse ] --END-- [ RunTime:0.013343s ]
INFO: [ view_filter ] --START--
INFO: Run Behavior\WriteHtmlCacheBehavior [ RunTime:0.000511s ]
INFO: [ view_filter ] --END-- [ RunTime:0.000543s ]
INFO: [ app_end ] --START--
INFO: Run Behavior\ShowPageTraceBehavior [ RunTime:0.000954s ]
INFO: [ app_end ] --END-- [ RunTime:0.001030s ]

[ 2016-11-16T16:08:24+08:00 ] ::1 /diuba/Home/Goods/goods.html
INFO: [ app_init ] --START--
INFO: Run Behavior\BuildLiteBehavior [ RunTime:0.000025s ]
INFO: [ app_init ] --END-- [ RunTime:0.000636s ]
INFO: [ app_begin ] --START--
INFO: Run Behavior\ReadHtmlCacheBehavior [ RunTime:0.000970s ]
INFO: [ app_begin ] --END-- [ RunTime:0.001059s ]
SQL: SHOW COLUMNS FROM `diuba_users` [ RunTime:0.0047s ]
SQL: SELECT * FROM `diuba_users` WHERE `telephone` = '18941137576' LIMIT 1   [ RunTime:0.0003s ]
SQL: SHOW COLUMNS FROM `diuba_goods` [ RunTime:0.0027s ]
SQL: SELECT COUNT(*) AS tp_count FROM `diuba_goods` LIMIT 1   [ RunTime:0.0002s ]
SQL: SELECT * FROM `diuba_goods` LIMIT 0,2   [ RunTime:0.0002s ]
INFO: [ view_parse ] --START--
INFO: [ template_filter ] --START--
INFO: Run Behavior\ContentReplaceBehavior [ RunTime:0.000101s ]
INFO: [ template_filter ] --END-- [ RunTime:0.000137s ]
NOTIC: [8] Use of undefined constant goodsadd - assumed 'goodsadd' C:\xampp\htdocs\diuba\App\Runtime\Cache\Home\b6ee958afc6bab35b4ef7aed02f4caf6.php 第 161 行.
NOTIC: [8] Use of undefined constant printQrcode - assumed 'printQrcode' C:\xampp\htdocs\diuba\App\Runtime\Cache\Home\b6ee958afc6bab35b4ef7aed02f4caf6.php 第 178 行.
NOTIC: [8] Undefined variable: pageNav C:\xampp\htdocs\diuba\App\Runtime\Cache\Home\b6ee958afc6bab35b4ef7aed02f4caf6.php 第 214 行.
INFO: Run Behavior\ParseTemplateBehavior [ RunTime:0.008401s ]
INFO: [ view_parse ] --END-- [ RunTime:0.008448s ]
INFO: [ view_filter ] --START--
INFO: Run Behavior\WriteHtmlCacheBehavior [ RunTime:0.000422s ]
INFO: [ view_filter ] --END-- [ RunTime:0.000509s ]
INFO: [ app_end ] --START--
INFO: Run Behavior\ShowPageTraceBehavior [ RunTime:0.000745s ]
INFO: [ app_end ] --END-- [ RunTime:0.000809s ]

[ 2016-11-16T16:08:28+08:00 ] ::1 /diuba/Home/Goods/goods.html
INFO: [ app_init ] --START--
INFO: Run Behavior\BuildLiteBehavior [ RunTime:0.000013s ]
INFO: [ app_init ] --END-- [ RunTime:0.000407s ]
INFO: [ app_begin ] --START--
INFO: Run Behavior\ReadHtmlCacheBehavior [ RunTime:0.000583s ]
INFO: [ app_begin ] --END-- [ RunTime:0.000639s ]
SQL: SHOW COLUMNS FROM `diuba_users` [ RunTime:0.0040s ]
SQL: SELECT * FROM `diuba_users` WHERE `telephone` = '18941137576' LIMIT 1   [ RunTime:0.0003s ]
SQL: SHOW COLUMNS FROM `diuba_goods` [ RunTime:0.0038s ]
SQL: SELECT COUNT(*) AS tp_count FROM `diuba_goods` LIMIT 1   [ RunTime:0.0002s ]
SQL: SELECT * FROM `diuba_goods` LIMIT 0,2   [ RunTime:0.0002s ]
INFO: [ view_parse ] --START--
INFO: [ template_filter ] --START--
INFO: Run Behavior\ContentReplaceBehavior [ RunTime:0.000115s ]
INFO: [ template_filter ] --END-- [ RunTime:0.000163s ]
NOTIC: [8] Use of undefined constant goodsadd - assumed 'goodsadd' C:\xampp\htdocs\diuba\App\Runtime\Cache\Home\b6ee958afc6bab35b4ef7aed02f4caf6.php 第 161 行.
NOTIC: [8] Use of undefined constant printQrcode - assumed 'printQrcode' C:\xampp\htdocs\diuba\App\Runtime\Cache\Home\b6ee958afc6bab35b4ef7aed02f4caf6.php 第 178 行.
NOTIC: [8] Undefined variable: pageNav C:\xampp\htdocs\diuba\App\Runtime\Cache\Home\b6ee958afc6bab35b4ef7aed02f4caf6.php 第 214 行.
INFO: Run Behavior\ParseTemplateBehavior [ RunTime:0.008113s ]
INFO: [ view_parse ] --END-- [ RunTime:0.008148s ]
INFO: [ view_filter ] --START--
INFO: Run Behavior\WriteHtmlCacheBehavior [ RunTime:0.000385s ]
INFO: [ view_filter ] --END-- [ RunTime:0.000414s ]
INFO: [ app_end ] --START--
INFO: Run Behavior\ShowPageTraceBehavior [ RunTime:0.000586s ]
INFO: [ app_end ] --END-- [ RunTime:0.000746s ]

[ 2016-11-16T16:08:55+08:00 ] ::1 /diuba/Home/Goods/goods.html
INFO: [ app_init ] --START--
INFO: Run Behavior\BuildLiteBehavior [ RunTime:0.000020s ]
INFO: [ app_init ] --END-- [ RunTime:0.000827s ]
INFO: [ app_begin ] --START--
INFO: Run Behavior\ReadHtmlCacheBehavior [ RunTime:0.000795s ]
INFO: [ app_begin ] --END-- [ RunTime:0.000885s ]
SQL: SHOW COLUMNS FROM `diuba_users` [ RunTime:0.0051s ]
SQL: SELECT * FROM `diuba_users` WHERE `telephone` = '18941137576' LIMIT 1   [ RunTime:0.0004s ]
SQL: SHOW COLUMNS FROM `diuba_goods` [ RunTime:0.0030s ]
SQL: SELECT COUNT(*) AS tp_count FROM `diuba_goods` LIMIT 1   [ RunTime:0.0003s ]
SQL: SELECT * FROM `diuba_goods` LIMIT 0,2   [ RunTime:0.0002s ]
INFO: [ view_parse ] --START--
INFO: [ template_filter ] --START--
INFO: Run Behavior\ContentReplaceBehavior [ RunTime:0.000128s ]
INFO: [ template_filter ] --END-- [ RunTime:0.000193s ]
NOTIC: [8] Use of undefined constant goodsadd - assumed 'goodsadd' C:\xampp\htdocs\diuba\App\Runtime\Cache\Home\b6ee958afc6bab35b4ef7aed02f4caf6.php 第 161 行.
NOTIC: [8] Use of undefined constant printQrcode - assumed 'printQrcode' C:\xampp\htdocs\diuba\App\Runtime\Cache\Home\b6ee958afc6bab35b4ef7aed02f4caf6.php 第 178 行.
NOTIC: [8] Undefined variable: pageNav C:\xampp\htdocs\diuba\App\Runtime\Cache\Home\b6ee958afc6bab35b4ef7aed02f4caf6.php 第 219 行.
INFO: Run Behavior\ParseTemplateBehavior [ RunTime:0.010415s ]
INFO: [ view_parse ] --END-- [ RunTime:0.010475s ]
INFO: [ view_filter ] --START--
INFO: Run Behavior\WriteHtmlCacheBehavior [ RunTime:0.000696s ]
INFO: [ view_filter ] --END-- [ RunTime:0.000757s ]
INFO: [ app_end ] --START--
INFO: Run Behavior\ShowPageTraceBehavior [ RunTime:0.001031s ]
INFO: [ app_end ] --END-- [ RunTime:0.001111s ]

[ 2016-11-16T16:10:18+08:00 ] ::1 /diuba/Home/Goods/goods.html
INFO: [ app_init ] --START--
INFO: Run Behavior\BuildLiteBehavior [ RunTime:0.000011s ]
INFO: [ app_init ] --END-- [ RunTime:0.000455s ]
INFO: [ app_begin ] --START--
INFO: Run Behavior\ReadHtmlCacheBehavior [ RunTime:0.000528s ]
INFO: [ app_begin ] --END-- [ RunTime:0.000565s ]
SQL: SHOW COLUMNS FROM `diuba_users` [ RunTime:0.0038s ]
SQL: SELECT * FROM `diuba_users` WHERE `telephone` = '18941137576' LIMIT 1   [ RunTime:0.0004s ]
SQL: SHOW COLUMNS FROM `diuba_goods` [ RunTime:0.0036s ]
SQL: SELECT COUNT(*) AS tp_count FROM `diuba_goods` LIMIT 1   [ RunTime:0.0002s ]
SQL: SELECT * FROM `diuba_goods` LIMIT 0,2   [ RunTime:0.0002s ]
INFO: [ view_parse ] --START--
INFO: [ template_filter ] --START--
INFO: Run Behavior\ContentReplaceBehavior [ RunTime:0.000107s ]
INFO: [ template_filter ] --END-- [ RunTime:0.000155s ]
NOTIC: [8] Use of undefined constant goodsadd - assumed 'goodsadd' C:\xampp\htdocs\diuba\App\Runtime\Cache\Home\b6ee958afc6bab35b4ef7aed02f4caf6.php 第 161 行.
NOTIC: [8] Use of undefined constant printQrcode - assumed 'printQrcode' C:\xampp\htdocs\diuba\App\Runtime\Cache\Home\b6ee958afc6bab35b4ef7aed02f4caf6.php 第 178 行.
NOTIC: [8] Undefined variable: pageNav C:\xampp\htdocs\diuba\App\Runtime\Cache\Home\b6ee958afc6bab35b4ef7aed02f4caf6.php 第 219 行.
INFO: Run Behavior\ParseTemplateBehavior [ RunTime:0.008261s ]
INFO: [ view_parse ] --END-- [ RunTime:0.008296s ]
INFO: [ view_filter ] --START--
INFO: Run Behavior\WriteHtmlCacheBehavior [ RunTime:0.000406s ]
INFO: [ view_filter ] --END-- [ RunTime:0.000436s ]
INFO: [ app_end ] --START--
INFO: Run Behavior\ShowPageTraceBehavior [ RunTime:0.000677s ]
INFO: [ app_end ] --END-- [ RunTime:0.000739s ]

[ 2016-11-16T16:10:20+08:00 ] ::1 /diuba/Home/Goods/goods/page/2.html
INFO: [ app_init ] --START--
INFO: Run Behavior\BuildLiteBehavior [ RunTime:0.000011s ]
INFO: [ app_init ] --END-- [ RunTime:0.000419s ]
INFO: [ app_begin ] --START--
INFO: Run Behavior\ReadHtmlCacheBehavior [ RunTime:0.000484s ]
INFO: [ app_begin ] --END-- [ RunTime:0.000521s ]
SQL: SHOW COLUMNS FROM `diuba_users` [ RunTime:0.0035s ]
SQL: SELECT * FROM `diuba_users` WHERE `telephone` = '18941137576' LIMIT 1   [ RunTime:0.0003s ]
SQL: SHOW COLUMNS FROM `diuba_goods` [ RunTime:0.0028s ]
SQL: SELECT COUNT(*) AS tp_count FROM `diuba_goods` LIMIT 1   [ RunTime:0.0002s ]
SQL: SELECT * FROM `diuba_goods` LIMIT 2,2   [ RunTime:0.0002s ]
INFO: [ view_parse ] --START--
INFO: [ template_filter ] --START--
INFO: Run Behavior\ContentReplaceBehavior [ RunTime:0.000104s ]
INFO: [ template_filter ] --END-- [ RunTime:0.000152s ]
NOTIC: [8] Use of undefined constant goodsadd - assumed 'goodsadd' C:\xampp\htdocs\diuba\App\Runtime\Cache\Home\b6ee958afc6bab35b4ef7aed02f4caf6.php 第 161 行.
NOTIC: [8] Use of undefined constant printQrcode - assumed 'printQrcode' C:\xampp\htdocs\diuba\App\Runtime\Cache\Home\b6ee958afc6bab35b4ef7aed02f4caf6.php 第 178 行.
NOTIC: [8] Undefined variable: pageNav C:\xampp\htdocs\diuba\App\Runtime\Cache\Home\b6ee958afc6bab35b4ef7aed02f4caf6.php 第 219 行.
INFO: Run Behavior\ParseTemplateBehavior [ RunTime:0.008500s ]
INFO: [ view_parse ] --END-- [ RunTime:0.008544s ]
INFO: [ view_filter ] --START--
INFO: Run Behavior\WriteHtmlCacheBehavior [ RunTime:0.000404s ]
INFO: [ view_filter ] --END-- [ RunTime:0.000446s ]
INFO: [ app_end ] --START--
INFO: Run Behavior\ShowPageTraceBehavior [ RunTime:0.000483s ]
INFO: [ app_end ] --END-- [ RunTime:0.000528s ]

[ 2016-11-16T16:10:21+08:00 ] ::1 /diuba/Home/Goods/goods/page/1.html
INFO: [ app_init ] --START--
INFO: Run Behavior\BuildLiteBehavior [ RunTime:0.000011s ]
INFO: [ app_init ] --END-- [ RunTime:0.000502s ]
INFO: [ app_begin ] --START--
INFO: Run Behavior\ReadHtmlCacheBehavior [ RunTime:0.000595s ]
INFO: [ app_begin ] --END-- [ RunTime:0.000630s ]
SQL: SHOW COLUMNS FROM `diuba_users` [ RunTime:0.0042s ]
SQL: SELECT * FROM `diuba_users` WHERE `telephone` = '18941137576' LIMIT 1   [ RunTime:0.0003s ]
SQL: SHOW COLUMNS FROM `diuba_goods` [ RunTime:0.0029s ]
SQL: SELECT COUNT(*) AS tp_count FROM `diuba_goods` LIMIT 1   [ RunTime:0.0002s ]
SQL: SELECT * FROM `diuba_goods` LIMIT 0,2   [ RunTime:0.0002s ]
INFO: [ view_parse ] --START--
INFO: [ template_filter ] --START--
INFO: Run Behavior\ContentReplaceBehavior [ RunTime:0.000102s ]
INFO: [ template_filter ] --END-- [ RunTime:0.000134s ]
NOTIC: [8] Use of undefined constant goodsadd - assumed 'goodsadd' C:\xampp\htdocs\diuba\App\Runtime\Cache\Home\b6ee958afc6bab35b4ef7aed02f4caf6.php 第 161 行.
NOTIC: [8] Use of undefined constant printQrcode - assumed 'printQrcode' C:\xampp\htdocs\diuba\App\Runtime\Cache\Home\b6ee958afc6bab35b4ef7aed02f4caf6.php 第 178 行.
NOTIC: [8] Undefined variable: pageNav C:\xampp\htdocs\diuba\App\Runtime\Cache\Home\b6ee958afc6bab35b4ef7aed02f4caf6.php 第 219 行.
INFO: Run Behavior\ParseTemplateBehavior [ RunTime:0.008951s ]
INFO: [ view_parse ] --END-- [ RunTime:0.008995s ]
INFO: [ view_filter ] --START--
INFO: Run Behavior\WriteHtmlCacheBehavior [ RunTime:0.000482s ]
INFO: [ view_filter ] --END-- [ RunTime:0.000515s ]
INFO: [ app_end ] --START--
INFO: Run Behavior\ShowPageTraceBehavior [ RunTime:0.002618s ]
INFO: [ app_end ] --END-- [ RunTime:0.002751s ]

[ 2016-11-16T16:11:02+08:00 ] ::1 /diuba/Home/Goods/goods/page/1.html
INFO: [ app_init ] --START--
INFO: Run Behavior\BuildLiteBehavior [ RunTime:0.000020s ]
INFO: [ app_init ] --END-- [ RunTime:0.000502s ]
INFO: [ app_begin ] --START--
INFO: Run Behavior\ReadHtmlCacheBehavior [ RunTime:0.001021s ]
INFO: [ app_begin ] --END-- [ RunTime:0.001108s ]
SQL: SHOW COLUMNS FROM `diuba_users` [ RunTime:0.0044s ]
SQL: SELECT * FROM `diuba_users` WHERE `telephone` = '18941137576' LIMIT 1   [ RunTime:0.0005s ]
SQL: SHOW COLUMNS FROM `diuba_goods` [ RunTime:0.0030s ]
SQL: SELECT COUNT(*) AS tp_count FROM `diuba_goods` LIMIT 1   [ RunTime:0.0002s ]
SQL: SELECT * FROM `diuba_goods` LIMIT 0,2   [ RunTime:0.0003s ]
INFO: [ view_parse ] --START--
INFO: [ template_filter ] --START--
INFO: Run Behavior\ContentReplaceBehavior [ RunTime:0.000129s ]
INFO: [ template_filter ] --END-- [ RunTime:0.000165s ]
NOTIC: [8] Use of undefined constant goodsadd - assumed 'goodsadd' C:\xampp\htdocs\diuba\App\Runtime\Cache\Home\b6ee958afc6bab35b4ef7aed02f4caf6.php 第 161 行.
NOTIC: [8] Use of undefined constant printQrcode - assumed 'printQrcode' C:\xampp\htdocs\diuba\App\Runtime\Cache\Home\b6ee958afc6bab35b4ef7aed02f4caf6.php 第 178 行.
NOTIC: [8] Undefined variable: pageNav C:\xampp\htdocs\diuba\App\Runtime\Cache\Home\b6ee958afc6bab35b4ef7aed02f4caf6.php 第 219 行.
INFO: Run Behavior\ParseTemplateBehavior [ RunTime:0.008420s ]
INFO: [ view_parse ] --END-- [ RunTime:0.008459s ]
INFO: [ view_filter ] --START--
INFO: Run Behavior\WriteHtmlCacheBehavior [ RunTime:0.000371s ]
INFO: [ view_filter ] --END-- [ RunTime:0.000412s ]
INFO: [ app_end ] --START--
INFO: Run Behavior\ShowPageTraceBehavior [ RunTime:0.001245s ]
INFO: [ app_end ] --END-- [ RunTime:0.001697s ]

[ 2016-11-16T16:11:51+08:00 ] ::1 /diuba/Home/Goods/goods/page/1.html
INFO: [ app_init ] --START--
INFO: Run Behavior\BuildLiteBehavior [ RunTime:0.000017s ]
INFO: [ app_init ] --END-- [ RunTime:0.000648s ]
INFO: [ app_begin ] --START--
INFO: Run Behavior\ReadHtmlCacheBehavior [ RunTime:0.000522s ]
INFO: [ app_begin ] --END-- [ RunTime:0.000573s ]
SQL: SHOW COLUMNS FROM `diuba_users` [ RunTime:0.0050s ]
SQL: SELECT * FROM `diuba_users` WHERE `telephone` = '18941137576' LIMIT 1   [ RunTime:0.0009s ]
SQL: SHOW COLUMNS FROM `diuba_goods` [ RunTime:0.0037s ]
SQL: SELECT COUNT(*) AS tp_count FROM `diuba_goods` LIMIT 1   [ RunTime:0.0002s ]
SQL: SELECT * FROM `diuba_goods` LIMIT 0,2   [ RunTime:0.0002s ]
INFO: [ view_parse ] --START--
INFO: [ template_filter ] --START--
INFO: Run Behavior\ContentReplaceBehavior [ RunTime:0.000176s ]
INFO: [ template_filter ] --END-- [ RunTime:0.000212s ]
NOTIC: [8] Use of undefined constant goodsadd - assumed 'goodsadd' C:\xampp\htdocs\diuba\App\Runtime\Cache\Home\b6ee958afc6bab35b4ef7aed02f4caf6.php 第 193 行.
NOTIC: [8] Use of undefined constant printQrcode - assumed 'printQrcode' C:\xampp\htdocs\diuba\App\Runtime\Cache\Home\b6ee958afc6bab35b4ef7aed02f4caf6.php 第 211 行.
NOTIC: [8] Undefined index: username C:\xampp\htdocs\diuba\App\Runtime\Cache\Home\b6ee958afc6bab35b4ef7aed02f4caf6.php 第 242 行.
NOTIC: [8] Undefined index: username C:\xampp\htdocs\diuba\App\Runtime\Cache\Home\b6ee958afc6bab35b4ef7aed02f4caf6.php 第 242 行.
NOTIC: [8] Undefined variable: pageNav C:\xampp\htdocs\diuba\App\Runtime\Cache\Home\b6ee958afc6bab35b4ef7aed02f4caf6.php 第 261 行.
INFO: Run Behavior\ParseTemplateBehavior [ RunTime:0.008583s ]
INFO: [ view_parse ] --END-- [ RunTime:0.008617s ]
INFO: [ view_filter ] --START--
INFO: Run Behavior\WriteHtmlCacheBehavior [ RunTime:0.000403s ]
INFO: [ view_filter ] --END-- [ RunTime:0.000433s ]
INFO: [ app_end ] --START--
INFO: Run Behavior\ShowPageTraceBehavior [ RunTime:0.000564s ]
INFO: [ app_end ] --END-- [ RunTime:0.000612s ]

[ 2016-11-16T16:12:17+08:00 ] ::1 /diuba/Home/Goods/goods/page/1.html
INFO: [ app_init ] --START--
INFO: Run Behavior\BuildLiteBehavior [ RunTime:0.000113s ]
INFO: [ app_init ] --END-- [ RunTime:0.000984s ]
INFO: [ app_begin ] --START--
INFO: Run Behavior\ReadHtmlCacheBehavior [ RunTime:0.001280s ]
INFO: [ app_begin ] --END-- [ RunTime:0.001423s ]
SQL: SHOW COLUMNS FROM `diuba_users` [ RunTime:0.0052s ]
SQL: SELECT * FROM `diuba_users` WHERE `telephone` = '18941137576' LIMIT 1   [ RunTime:0.0003s ]
SQL: SHOW COLUMNS FROM `diuba_goods` [ RunTime:0.0027s ]
SQL: SELECT COUNT(*) AS tp_count FROM `diuba_goods` LIMIT 1   [ RunTime:0.0002s ]
SQL: SELECT * FROM `diuba_goods` LIMIT 0,2   [ RunTime:0.0002s ]
INFO: [ view_parse ] --START--
INFO: [ template_filter ] --START--
INFO: Run Behavior\ContentReplaceBehavior [ RunTime:0.000122s ]
INFO: [ template_filter ] --END-- [ RunTime:0.000171s ]
NOTIC: [8] Use of undefined constant goodsadd - assumed 'goodsadd' C:\xampp\htdocs\diuba\App\Runtime\Cache\Home\b6ee958afc6bab35b4ef7aed02f4caf6.php 第 193 行.
NOTIC: [8] Use of undefined constant printQrcode - assumed 'printQrcode' C:\xampp\htdocs\diuba\App\Runtime\Cache\Home\b6ee958afc6bab35b4ef7aed02f4caf6.php 第 211 行.
NOTIC: [8] Undefined index: username C:\xampp\htdocs\diuba\App\Runtime\Cache\Home\b6ee958afc6bab35b4ef7aed02f4caf6.php 第 242 行.
NOTIC: [8] Undefined index: username C:\xampp\htdocs\diuba\App\Runtime\Cache\Home\b6ee958afc6bab35b4ef7aed02f4caf6.php 第 242 行.
NOTIC: [8] Undefined variable: pageNav C:\xampp\htdocs\diuba\App\Runtime\Cache\Home\b6ee958afc6bab35b4ef7aed02f4caf6.php 第 261 行.
INFO: Run Behavior\ParseTemplateBehavior [ RunTime:0.009988s ]
INFO: [ view_parse ] --END-- [ RunTime:0.010029s ]
INFO: [ view_filter ] --START--
INFO: Run Behavior\WriteHtmlCacheBehavior [ RunTime:0.000539s ]
INFO: [ view_filter ] --END-- [ RunTime:0.000591s ]
INFO: [ app_end ] --START--
INFO: Run Behavior\ShowPageTraceBehavior [ RunTime:0.001058s ]
INFO: [ app_end ] --END-- [ RunTime:0.001118s ]

[ 2016-11-16T16:12:32+08:00 ] ::1 /diuba/Home/Goods/goods/page/1.html
INFO: [ app_init ] --START--
INFO: Run Behavior\BuildLiteBehavior [ RunTime:0.000011s ]
INFO: [ app_init ] --END-- [ RunTime:0.000461s ]
INFO: [ app_begin ] --START--
INFO: Run Behavior\ReadHtmlCacheBehavior [ RunTime:0.000626s ]
INFO: [ app_begin ] --END-- [ RunTime:0.000663s ]
SQL: SHOW COLUMNS FROM `diuba_users` [ RunTime:0.0028s ]
SQL: SELECT * FROM `diuba_users` WHERE `telephone` = '18941137576' LIMIT 1   [ RunTime:0.0003s ]
SQL: SHOW COLUMNS FROM `diuba_goods` [ RunTime:0.0031s ]
SQL: SELECT COUNT(*) AS tp_count FROM `diuba_goods` LIMIT 1   [ RunTime:0.0002s ]
SQL: SELECT * FROM `diuba_goods` LIMIT 0,2   [ RunTime:0.0002s ]
INFO: [ view_parse ] --START--
INFO: [ template_filter ] --START--
INFO: Run Behavior\ContentReplaceBehavior [ RunTime:0.000111s ]
INFO: [ template_filter ] --END-- [ RunTime:0.000152s ]
NOTIC: [8] Use of undefined constant goodsadd - assumed 'goodsadd' C:\xampp\htdocs\diuba\App\Runtime\Cache\Home\b6ee958afc6bab35b4ef7aed02f4caf6.php 第 193 行.
NOTIC: [8] Use of undefined constant printQrcode - assumed 'printQrcode' C:\xampp\htdocs\diuba\App\Runtime\Cache\Home\b6ee958afc6bab35b4ef7aed02f4caf6.php 第 211 行.
NOTIC: [8] Undefined index: username C:\xampp\htdocs\diuba\App\Runtime\Cache\Home\b6ee958afc6bab35b4ef7aed02f4caf6.php 第 242 行.
NOTIC: [8] Undefined index: username C:\xampp\htdocs\diuba\App\Runtime\Cache\Home\b6ee958afc6bab35b4ef7aed02f4caf6.php 第 242 行.
INFO: Run Behavior\ParseTemplateBehavior [ RunTime:0.011089s ]
INFO: [ view_parse ] --END-- [ RunTime:0.011134s ]
INFO: [ view_filter ] --START--
INFO: Run Behavior\WriteHtmlCacheBehavior [ RunTime:0.000593s ]
INFO: [ view_filter ] --END-- [ RunTime:0.000628s ]
INFO: [ app_end ] --START--
INFO: Run Behavior\ShowPageTraceBehavior [ RunTime:0.000712s ]
INFO: [ app_end ] --END-- [ RunTime:0.000764s ]

[ 2016-11-16T16:12:47+08:00 ] ::1 /diuba/Home/Goods/goods/page/1.html
INFO: [ app_init ] --START--
INFO: Run Behavior\BuildLiteBehavior [ RunTime:0.000023s ]
INFO: [ app_init ] --END-- [ RunTime:0.000524s ]
INFO: [ app_begin ] --START--
INFO: Run Behavior\ReadHtmlCacheBehavior [ RunTime:0.000718s ]
INFO: [ app_begin ] --END-- [ RunTime:0.000799s ]
SQL: SHOW COLUMNS FROM `diuba_users` [ RunTime:0.0038s ]
SQL: SELECT * FROM `diuba_users` WHERE `telephone` = '18941137576' LIMIT 1   [ RunTime:0.0003s ]
SQL: SHOW COLUMNS FROM `diuba_goods` [ RunTime:0.0038s ]
SQL: SELECT COUNT(*) AS tp_count FROM `diuba_goods` LIMIT 1   [ RunTime:0.0003s ]
SQL: SELECT * FROM `diuba_goods` LIMIT 0,2   [ RunTime:0.0002s ]
INFO: [ view_parse ] --START--
INFO: [ template_filter ] --START--
INFO: Run Behavior\ContentReplaceBehavior [ RunTime:0.000109s ]
INFO: [ template_filter ] --END-- [ RunTime:0.000144s ]
NOTIC: [8] Use of undefined constant goodsadd - assumed 'goodsadd' C:\xampp\htdocs\diuba\App\Runtime\Cache\Home\b6ee958afc6bab35b4ef7aed02f4caf6.php 第 193 行.
NOTIC: [8] Use of undefined constant printQrcode - assumed 'printQrcode' C:\xampp\htdocs\diuba\App\Runtime\Cache\Home\b6ee958afc6bab35b4ef7aed02f4caf6.php 第 211 行.
NOTIC: [8] Undefined index: username C:\xampp\htdocs\diuba\App\Runtime\Cache\Home\b6ee958afc6bab35b4ef7aed02f4caf6.php 第 242 行.
NOTIC: [8] Undefined index: username C:\xampp\htdocs\diuba\App\Runtime\Cache\Home\b6ee958afc6bab35b4ef7aed02f4caf6.php 第 242 行.
NOTIC: [8] Undefined variable: pageNav C:\xampp\htdocs\diuba\App\Runtime\Cache\Home\b6ee958afc6bab35b4ef7aed02f4caf6.php 第 261 行.
INFO: Run Behavior\ParseTemplateBehavior [ RunTime:0.008313s ]
INFO: [ view_parse ] --END-- [ RunTime:0.008347s ]
INFO: [ view_filter ] --START--
INFO: Run Behavior\WriteHtmlCacheBehavior [ RunTime:0.000352s ]
INFO: [ view_filter ] --END-- [ RunTime:0.000381s ]
INFO: [ app_end ] --START--
INFO: Run Behavior\ShowPageTraceBehavior [ RunTime:0.000677s ]
INFO: [ app_end ] --END-- [ RunTime:0.000757s ]

[ 2016-11-16T16:13:07+08:00 ] ::1 /diuba/Home/Goods/goods/page/1.html
INFO: [ app_init ] --START--
INFO: Run Behavior\BuildLiteBehavior [ RunTime:0.000011s ]
INFO: [ app_init ] --END-- [ RunTime:0.000429s ]
INFO: [ app_begin ] --START--
INFO: Run Behavior\ReadHtmlCacheBehavior [ RunTime:0.000509s ]
INFO: [ app_begin ] --END-- [ RunTime:0.000547s ]
SQL: SHOW COLUMNS FROM `diuba_users` [ RunTime:0.0031s ]
SQL: SELECT * FROM `diuba_users` WHERE `telephone` = '18941137576' LIMIT 1   [ RunTime:0.0003s ]
SQL: SHOW COLUMNS FROM `diuba_goods` [ RunTime:0.0027s ]
SQL: SELECT COUNT(*) AS tp_count FROM `diuba_goods` LIMIT 1   [ RunTime:0.0002s ]
SQL: SELECT * FROM `diuba_goods` LIMIT 0,2   [ RunTime:0.0002s ]
INFO: [ view_parse ] --START--
INFO: [ template_filter ] --START--
INFO: Run Behavior\ContentReplaceBehavior [ RunTime:0.000144s ]
INFO: [ template_filter ] --END-- [ RunTime:0.000184s ]
NOTIC: [8] Use of undefined constant goodsadd - assumed 'goodsadd' C:\xampp\htdocs\diuba\App\Runtime\Cache\Home\b6ee958afc6bab35b4ef7aed02f4caf6.php 第 161 行.
NOTIC: [8] Use of undefined constant printQrcode - assumed 'printQrcode' C:\xampp\htdocs\diuba\App\Runtime\Cache\Home\b6ee958afc6bab35b4ef7aed02f4caf6.php 第 178 行.
NOTIC: [8] Undefined variable: pageNav C:\xampp\htdocs\diuba\App\Runtime\Cache\Home\b6ee958afc6bab35b4ef7aed02f4caf6.php 第 219 行.
INFO: Run Behavior\ParseTemplateBehavior [ RunTime:0.010156s ]
INFO: [ view_parse ] --END-- [ RunTime:0.010189s ]
INFO: [ view_filter ] --START--
INFO: Run Behavior\WriteHtmlCacheBehavior [ RunTime:0.000394s ]
INFO: [ view_filter ] --END-- [ RunTime:0.000425s ]
INFO: [ app_end ] --START--
INFO: Run Behavior\ShowPageTraceBehavior [ RunTime:0.000497s ]
INFO: [ app_end ] --END-- [ RunTime:0.000536s ]

[ 2016-11-16T16:13:18+08:00 ] ::1 /diuba/Home/Goods/goods/page/1.html
INFO: [ app_init ] --START--
INFO: Run Behavior\BuildLiteBehavior [ RunTime:0.000026s ]
INFO: [ app_init ] --END-- [ RunTime:0.000569s ]
INFO: [ app_begin ] --START--
INFO: Run Behavior\ReadHtmlCacheBehavior [ RunTime:0.000646s ]
INFO: [ app_begin ] --END-- [ RunTime:0.000724s ]
SQL: SHOW COLUMNS FROM `diuba_users` [ RunTime:0.0036s ]
SQL: SELECT * FROM `diuba_users` WHERE `telephone` = '18941137576' LIMIT 1   [ RunTime:0.0004s ]
SQL: SHOW COLUMNS FROM `diuba_goods` [ RunTime:0.0037s ]
SQL: SELECT COUNT(*) AS tp_count FROM `diuba_goods` LIMIT 1   [ RunTime:0.0002s ]
SQL: SELECT * FROM `diuba_goods` LIMIT 0,2   [ RunTime:0.0002s ]
INFO: [ view_parse ] --START--
INFO: [ template_filter ] --START--
INFO: Run Behavior\ContentReplaceBehavior [ RunTime:0.000102s ]
INFO: [ template_filter ] --END-- [ RunTime:0.000133s ]
NOTIC: [8] Use of undefined constant goodsadd - assumed 'goodsadd' C:\xampp\htdocs\diuba\App\Runtime\Cache\Home\b6ee958afc6bab35b4ef7aed02f4caf6.php 第 161 行.
NOTIC: [8] Use of undefined constant printQrcode - assumed 'printQrcode' C:\xampp\htdocs\diuba\App\Runtime\Cache\Home\b6ee958afc6bab35b4ef7aed02f4caf6.php 第 178 行.
NOTIC: [8] Undefined variable: pageNav C:\xampp\htdocs\diuba\App\Runtime\Cache\Home\b6ee958afc6bab35b4ef7aed02f4caf6.php 第 219 行.
INFO: Run Behavior\ParseTemplateBehavior [ RunTime:0.008266s ]
INFO: [ view_parse ] --END-- [ RunTime:0.008301s ]
INFO: [ view_filter ] --START--
INFO: Run Behavior\WriteHtmlCacheBehavior [ RunTime:0.000381s ]
INFO: [ view_filter ] --END-- [ RunTime:0.000409s ]
INFO: [ app_end ] --START--
INFO: Run Behavior\ShowPageTraceBehavior [ RunTime:0.001348s ]
INFO: [ app_end ] --END-- [ RunTime:0.001457s ]

[ 2016-11-16T16:13:31+08:00 ] ::1 /diuba/Home/Goods/goods/page/1.html
INFO: [ app_init ] --START--
INFO: Run Behavior\BuildLiteBehavior [ RunTime:0.000018s ]
INFO: [ app_init ] --END-- [ RunTime:0.000794s ]
INFO: [ app_begin ] --START--
INFO: Run Behavior\ReadHtmlCacheBehavior [ RunTime:0.000651s ]
INFO: [ app_begin ] --END-- [ RunTime:0.000693s ]
SQL: SHOW COLUMNS FROM `diuba_users` [ RunTime:0.0045s ]
SQL: SELECT * FROM `diuba_users` WHERE `telephone` = '18941137576' LIMIT 1   [ RunTime:0.0004s ]
SQL: SHOW COLUMNS FROM `diuba_goods` [ RunTime:0.0038s ]
SQL: SELECT COUNT(*) AS tp_count FROM `diuba_goods` LIMIT 1   [ RunTime:0.0003s ]
SQL: SELECT * FROM `diuba_goods` LIMIT 0,2   [ RunTime:0.0003s ]
INFO: [ view_parse ] --START--
INFO: [ template_filter ] --START--
INFO: Run Behavior\ContentReplaceBehavior [ RunTime:0.000116s ]
INFO: [ template_filter ] --END-- [ RunTime:0.000155s ]
NOTIC: [8] Use of undefined constant goodsadd - assumed 'goodsadd' C:\xampp\htdocs\diuba\App\Runtime\Cache\Home\b6ee958afc6bab35b4ef7aed02f4caf6.php 第 161 行.
NOTIC: [8] Use of undefined constant printQrcode - assumed 'printQrcode' C:\xampp\htdocs\diuba\App\Runtime\Cache\Home\b6ee958afc6bab35b4ef7aed02f4caf6.php 第 178 行.
NOTIC: [8] Undefined variable: pageNav C:\xampp\htdocs\diuba\App\Runtime\Cache\Home\b6ee958afc6bab35b4ef7aed02f4caf6.php 第 219 行.
INFO: Run Behavior\ParseTemplateBehavior [ RunTime:0.010343s ]
INFO: [ view_parse ] --END-- [ RunTime:0.010391s ]
INFO: [ view_filter ] --START--
INFO: Run Behavior\WriteHtmlCacheBehavior [ RunTime:0.000451s ]
INFO: [ view_filter ] --END-- [ RunTime:0.000491s ]
INFO: [ app_end ] --START--
INFO: Run Behavior\ShowPageTraceBehavior [ RunTime:0.000838s ]
INFO: [ app_end ] --END-- [ RunTime:0.000931s ]

[ 2016-11-16T16:13:39+08:00 ] ::1 /diuba/Home/Goods/goods/page/1.html
INFO: [ app_init ] --START--
INFO: Run Behavior\BuildLiteBehavior [ RunTime:0.000012s ]
INFO: [ app_init ] --END-- [ RunTime:0.000653s ]
INFO: [ app_begin ] --START--
INFO: Run Behavior\ReadHtmlCacheBehavior [ RunTime:0.000524s ]
INFO: [ app_begin ] --END-- [ RunTime:0.000561s ]
SQL: SHOW COLUMNS FROM `diuba_users` [ RunTime:0.0029s ]
SQL: SELECT * FROM `diuba_users` WHERE `telephone` = '18941137576' LIMIT 1   [ RunTime:0.0003s ]
SQL: SHOW COLUMNS FROM `diuba_goods` [ RunTime:0.0036s ]
SQL: SELECT COUNT(*) AS tp_count FROM `diuba_goods` LIMIT 1   [ RunTime:0.0003s ]
SQL: SELECT * FROM `diuba_goods` LIMIT 0,2   [ RunTime:0.0003s ]
INFO: [ view_parse ] --START--
INFO: [ template_filter ] --START--
INFO: Run Behavior\ContentReplaceBehavior [ RunTime:0.000102s ]
INFO: [ template_filter ] --END-- [ RunTime:0.000160s ]
NOTIC: [8] Use of undefined constant goodsadd - assumed 'goodsadd' C:\xampp\htdocs\diuba\App\Runtime\Cache\Home\b6ee958afc6bab35b4ef7aed02f4caf6.php 第 161 行.
NOTIC: [8] Use of undefined constant printQrcode - assumed 'printQrcode' C:\xampp\htdocs\diuba\App\Runtime\Cache\Home\b6ee958afc6bab35b4ef7aed02f4caf6.php 第 178 行.
NOTIC: [8] Undefined variable: pageNav C:\xampp\htdocs\diuba\App\Runtime\Cache\Home\b6ee958afc6bab35b4ef7aed02f4caf6.php 第 219 行.
INFO: Run Behavior\ParseTemplateBehavior [ RunTime:0.008504s ]
INFO: [ view_parse ] --END-- [ RunTime:0.008539s ]
INFO: [ view_filter ] --START--
INFO: Run Behavior\WriteHtmlCacheBehavior [ RunTime:0.000350s ]
INFO: [ view_filter ] --END-- [ RunTime:0.000378s ]
INFO: [ app_end ] --START--
INFO: Run Behavior\ShowPageTraceBehavior [ RunTime:0.000476s ]
INFO: [ app_end ] --END-- [ RunTime:0.000514s ]

[ 2016-11-16T16:17:27+08:00 ] ::1 /diuba/Home/Goods/goods/page/1.html
INFO: [ app_init ] --START--
INFO: Run Behavior\BuildLiteBehavior [ RunTime:0.000011s ]
INFO: [ app_init ] --END-- [ RunTime:0.000471s ]
INFO: [ app_begin ] --START--
INFO: Run Behavior\ReadHtmlCacheBehavior [ RunTime:0.000640s ]
INFO: [ app_begin ] --END-- [ RunTime:0.000676s ]
SQL: SHOW COLUMNS FROM `diuba_users` [ RunTime:0.0040s ]
SQL: SELECT * FROM `diuba_users` WHERE `telephone` = '18941137576' LIMIT 1   [ RunTime:0.0003s ]
SQL: SHOW COLUMNS FROM `diuba_goods` [ RunTime:0.0029s ]
SQL: SELECT COUNT(*) AS tp_count FROM `diuba_goods` LIMIT 1   [ RunTime:0.0002s ]
SQL: SELECT * FROM `diuba_goods` LIMIT 0,2   [ RunTime:0.0002s ]
INFO: [ view_parse ] --START--
INFO: [ template_filter ] --START--
INFO: Run Behavior\ContentReplaceBehavior [ RunTime:0.000177s ]
INFO: [ template_filter ] --END-- [ RunTime:0.000242s ]
NOTIC: [8] Use of undefined constant goodsadd - assumed 'goodsadd' C:\xampp\htdocs\diuba\App\Runtime\Cache\Home\b6ee958afc6bab35b4ef7aed02f4caf6.php 第 161 行.
NOTIC: [8] Use of undefined constant printQrcode - assumed 'printQrcode' C:\xampp\htdocs\diuba\App\Runtime\Cache\Home\b6ee958afc6bab35b4ef7aed02f4caf6.php 第 178 行.
NOTIC: [8] Undefined variable: pageNav C:\xampp\htdocs\diuba\App\Runtime\Cache\Home\b6ee958afc6bab35b4ef7aed02f4caf6.php 第 219 行.
INFO: Run Behavior\ParseTemplateBehavior [ RunTime:0.011713s ]
INFO: [ view_parse ] --END-- [ RunTime:0.011754s ]
INFO: [ view_filter ] --START--
INFO: Run Behavior\WriteHtmlCacheBehavior [ RunTime:0.000524s ]
INFO: [ view_filter ] --END-- [ RunTime:0.000558s ]
INFO: [ app_end ] --START--
INFO: Run Behavior\ShowPageTraceBehavior [ RunTime:0.000831s ]
INFO: [ app_end ] --END-- [ RunTime:0.000904s ]

[ 2016-11-16T16:17:37+08:00 ] ::1 /diuba/Home/Goods/goods/page/1.html
INFO: [ app_init ] --START--
INFO: Run Behavior\BuildLiteBehavior [ RunTime:0.000016s ]
INFO: [ app_init ] --END-- [ RunTime:0.000578s ]
INFO: [ app_begin ] --START--
INFO: Run Behavior\ReadHtmlCacheBehavior [ RunTime:0.000650s ]
INFO: [ app_begin ] --END-- [ RunTime:0.000705s ]
SQL: SHOW COLUMNS FROM `diuba_users` [ RunTime:0.0050s ]
SQL: SELECT * FROM `diuba_users` WHERE `telephone` = '18941137576' LIMIT 1   [ RunTime:0.0003s ]
SQL: SHOW COLUMNS FROM `diuba_goods` [ RunTime:0.0036s ]
SQL: SELECT COUNT(*) AS tp_count FROM `diuba_goods` LIMIT 1   [ RunTime:0.0003s ]
SQL: SELECT * FROM `diuba_goods` LIMIT 0,2   [ RunTime:0.0003s ]
INFO: [ view_parse ] --START--
INFO: [ template_filter ] --START--
INFO: Run Behavior\ContentReplaceBehavior [ RunTime:0.000179s ]
INFO: [ template_filter ] --END-- [ RunTime:0.000246s ]
NOTIC: [8] Use of undefined constant goodsadd - assumed 'goodsadd' C:\xampp\htdocs\diuba\App\Runtime\Cache\Home\b6ee958afc6bab35b4ef7aed02f4caf6.php 第 161 行.
NOTIC: [8] Use of undefined constant printQrcode - assumed 'printQrcode' C:\xampp\htdocs\diuba\App\Runtime\Cache\Home\b6ee958afc6bab35b4ef7aed02f4caf6.php 第 178 行.
NOTIC: [8] Undefined variable: pageNav C:\xampp\htdocs\diuba\App\Runtime\Cache\Home\b6ee958afc6bab35b4ef7aed02f4caf6.php 第 219 行.
INFO: Run Behavior\ParseTemplateBehavior [ RunTime:0.011501s ]
INFO: [ view_parse ] --END-- [ RunTime:0.011547s ]
INFO: [ view_filter ] --START--
INFO: Run Behavior\WriteHtmlCacheBehavior [ RunTime:0.000525s ]
INFO: [ view_filter ] --END-- [ RunTime:0.000575s ]
INFO: [ app_end ] --START--
INFO: Run Behavior\ShowPageTraceBehavior [ RunTime:0.000741s ]
INFO: [ app_end ] --END-- [ RunTime:0.000796s ]

[ 2016-11-16T16:17:45+08:00 ] ::1 /diuba/Home/Goods/goods/page/1.html
INFO: [ app_init ] --START--
INFO: Run Behavior\BuildLiteBehavior [ RunTime:0.000011s ]
INFO: [ app_init ] --END-- [ RunTime:0.000445s ]
INFO: [ app_begin ] --START--
INFO: Run Behavior\ReadHtmlCacheBehavior [ RunTime:0.000564s ]
INFO: [ app_begin ] --END-- [ RunTime:0.000614s ]
SQL: SHOW COLUMNS FROM `diuba_users` [ RunTime:0.0063s ]
SQL: SELECT * FROM `diuba_users` WHERE `telephone` = '18941137576' LIMIT 1   [ RunTime:0.0003s ]
SQL: SHOW COLUMNS FROM `diuba_goods` [ RunTime:0.0029s ]
SQL: SELECT COUNT(*) AS tp_count FROM `diuba_goods` LIMIT 1   [ RunTime:0.0002s ]
SQL: SELECT * FROM `diuba_goods` LIMIT 0,2   [ RunTime:0.0002s ]
INFO: [ view_parse ] --START--
INFO: [ template_filter ] --START--
INFO: Run Behavior\ContentReplaceBehavior [ RunTime:0.000178s ]
INFO: [ template_filter ] --END-- [ RunTime:0.000247s ]
NOTIC: [8] Use of undefined constant goodsadd - assumed 'goodsadd' C:\xampp\htdocs\diuba\App\Runtime\Cache\Home\b6ee958afc6bab35b4ef7aed02f4caf6.php 第 161 行.
NOTIC: [8] Use of undefined constant printQrcode - assumed 'printQrcode' C:\xampp\htdocs\diuba\App\Runtime\Cache\Home\b6ee958afc6bab35b4ef7aed02f4caf6.php 第 178 行.
NOTIC: [8] Undefined variable: pageNav C:\xampp\htdocs\diuba\App\Runtime\Cache\Home\b6ee958afc6bab35b4ef7aed02f4caf6.php 第 219 行.
INFO: Run Behavior\ParseTemplateBehavior [ RunTime:0.010014s ]
INFO: [ view_parse ] --END-- [ RunTime:0.010055s ]
INFO: [ view_filter ] --START--
INFO: Run Behavior\WriteHtmlCacheBehavior [ RunTime:0.000423s ]
INFO: [ view_filter ] --END-- [ RunTime:0.000454s ]
INFO: [ app_end ] --START--
INFO: Run Behavior\ShowPageTraceBehavior [ RunTime:0.000610s ]
INFO: [ app_end ] --END-- [ RunTime:0.000668s ]

[ 2016-11-16T16:17:51+08:00 ] ::1 /diuba/Home/Goods/goods/page/1.html
INFO: [ app_init ] --START--
INFO: Run Behavior\BuildLiteBehavior [ RunTime:0.000016s ]
INFO: [ app_init ] --END-- [ RunTime:0.000653s ]
INFO: [ app_begin ] --START--
INFO: Run Behavior\ReadHtmlCacheBehavior [ RunTime:0.000589s ]
INFO: [ app_begin ] --END-- [ RunTime:0.000629s ]
SQL: SHOW COLUMNS FROM `diuba_users` [ RunTime:0.0044s ]
SQL: SELECT * FROM `diuba_users` WHERE `telephone` = '18941137576' LIMIT 1   [ RunTime:0.0004s ]
SQL: SHOW COLUMNS FROM `diuba_goods` [ RunTime:0.0038s ]
SQL: SELECT COUNT(*) AS tp_count FROM `diuba_goods` LIMIT 1   [ RunTime:0.0003s ]
SQL: SELECT * FROM `diuba_goods` LIMIT 0,2   [ RunTime:0.0003s ]
INFO: [ view_parse ] --START--
INFO: [ template_filter ] --START--
INFO: Run Behavior\ContentReplaceBehavior [ RunTime:0.000161s ]
INFO: [ template_filter ] --END-- [ RunTime:0.000218s ]
NOTIC: [8] Use of undefined constant goodsadd - assumed 'goodsadd' C:\xampp\htdocs\diuba\App\Runtime\Cache\Home\b6ee958afc6bab35b4ef7aed02f4caf6.php 第 161 行.
NOTIC: [8] Use of undefined constant printQrcode - assumed 'printQrcode' C:\xampp\htdocs\diuba\App\Runtime\Cache\Home\b6ee958afc6bab35b4ef7aed02f4caf6.php 第 178 行.
NOTIC: [8] Undefined variable: pageNav C:\xampp\htdocs\diuba\App\Runtime\Cache\Home\b6ee958afc6bab35b4ef7aed02f4caf6.php 第 219 行.
INFO: Run Behavior\ParseTemplateBehavior [ RunTime:0.014773s ]
INFO: [ view_parse ] --END-- [ RunTime:0.014824s ]
INFO: [ view_filter ] --START--
INFO: Run Behavior\WriteHtmlCacheBehavior [ RunTime:0.000449s ]
INFO: [ view_filter ] --END-- [ RunTime:0.000490s ]
INFO: [ app_end ] --START--
INFO: Run Behavior\ShowPageTraceBehavior [ RunTime:0.000867s ]
INFO: [ app_end ] --END-- [ RunTime:0.000939s ]

[ 2016-11-16T16:17:56+08:00 ] ::1 /diuba/Home/Goods/goods/page/1.html
INFO: [ app_init ] --START--
INFO: Run Behavior\BuildLiteBehavior [ RunTime:0.000012s ]
INFO: [ app_init ] --END-- [ RunTime:0.001117s ]
INFO: [ app_begin ] --START--
INFO: Run Behavior\ReadHtmlCacheBehavior [ RunTime:0.000496s ]
INFO: [ app_begin ] --END-- [ RunTime:0.000544s ]
SQL: SHOW COLUMNS FROM `diuba_users` [ RunTime:0.0049s ]
SQL: SELECT * FROM `diuba_users` WHERE `telephone` = '18941137576' LIMIT 1   [ RunTime:0.0003s ]
SQL: SHOW COLUMNS FROM `diuba_goods` [ RunTime:0.0030s ]
SQL: SELECT COUNT(*) AS tp_count FROM `diuba_goods` LIMIT 1   [ RunTime:0.0002s ]
SQL: SELECT * FROM `diuba_goods` LIMIT 0,2   [ RunTime:0.0002s ]
INFO: [ view_parse ] --START--
INFO: [ template_filter ] --START--
INFO: Run Behavior\ContentReplaceBehavior [ RunTime:0.000146s ]
INFO: [ template_filter ] --END-- [ RunTime:0.000319s ]
NOTIC: [8] Use of undefined constant goodsadd - assumed 'goodsadd' C:\xampp\htdocs\diuba\App\Runtime\Cache\Home\b6ee958afc6bab35b4ef7aed02f4caf6.php 第 161 行.
NOTIC: [8] Use of undefined constant printQrcode - assumed 'printQrcode' C:\xampp\htdocs\diuba\App\Runtime\Cache\Home\b6ee958afc6bab35b4ef7aed02f4caf6.php 第 178 行.
NOTIC: [8] Undefined variable: pageNav C:\xampp\htdocs\diuba\App\Runtime\Cache\Home\b6ee958afc6bab35b4ef7aed02f4caf6.php 第 219 行.
INFO: Run Behavior\ParseTemplateBehavior [ RunTime:0.009690s ]
INFO: [ view_parse ] --END-- [ RunTime:0.009732s ]
INFO: [ view_filter ] --START--
INFO: Run Behavior\WriteHtmlCacheBehavior [ RunTime:0.000456s ]
INFO: [ view_filter ] --END-- [ RunTime:0.000490s ]
INFO: [ app_end ] --START--
INFO: Run Behavior\ShowPageTraceBehavior [ RunTime:0.000683s ]
INFO: [ app_end ] --END-- [ RunTime:0.000753s ]

[ 2016-11-16T16:19:07+08:00 ] ::1 /diuba/Home/Goods/goods/page/1.html
INFO: [ app_init ] --START--
INFO: Run Behavior\BuildLiteBehavior [ RunTime:0.000011s ]
INFO: [ app_init ] --END-- [ RunTime:0.000439s ]
INFO: [ app_begin ] --START--
INFO: Run Behavior\ReadHtmlCacheBehavior [ RunTime:0.000561s ]
INFO: [ app_begin ] --END-- [ RunTime:0.000598s ]
SQL: SHOW COLUMNS FROM `diuba_users` [ RunTime:0.0031s ]
SQL: SELECT * FROM `diuba_users` WHERE `telephone` = '18941137576' LIMIT 1   [ RunTime:0.0003s ]
SQL: SHOW COLUMNS FROM `diuba_goods` [ RunTime:0.0028s ]
SQL: SELECT COUNT(*) AS tp_count FROM `diuba_goods` LIMIT 1   [ RunTime:0.0002s ]
SQL: SELECT * FROM `diuba_goods` LIMIT 0,2   [ RunTime:0.0002s ]
INFO: [ view_parse ] --START--
INFO: [ template_filter ] --START--
INFO: Run Behavior\ContentReplaceBehavior [ RunTime:0.000115s ]
INFO: [ template_filter ] --END-- [ RunTime:0.000160s ]
NOTIC: [8] Use of undefined constant goodsadd - assumed 'goodsadd' C:\xampp\htdocs\diuba\App\Runtime\Cache\Home\b6ee958afc6bab35b4ef7aed02f4caf6.php 第 161 行.
NOTIC: [8] Use of undefined constant printQrcode - assumed 'printQrcode' C:\xampp\htdocs\diuba\App\Runtime\Cache\Home\b6ee958afc6bab35b4ef7aed02f4caf6.php 第 178 行.
INFO: Run Behavior\ParseTemplateBehavior [ RunTime:0.014622s ]
INFO: [ view_parse ] --END-- [ RunTime:0.014659s ]
INFO: [ view_filter ] --START--
INFO: Run Behavior\WriteHtmlCacheBehavior [ RunTime:0.000459s ]
INFO: [ view_filter ] --END-- [ RunTime:0.000492s ]
INFO: [ app_end ] --START--
INFO: Run Behavior\ShowPageTraceBehavior [ RunTime:0.000764s ]
INFO: [ app_end ] --END-- [ RunTime:0.000823s ]

[ 2016-11-16T16:19:36+08:00 ] ::1 /diuba/Home/Goods/goods/page/1.html
INFO: [ app_init ] --START--
INFO: Run Behavior\BuildLiteBehavior [ RunTime:0.000017s ]
INFO: [ app_init ] --END-- [ RunTime:0.000532s ]
INFO: [ app_begin ] --START--
INFO: Run Behavior\ReadHtmlCacheBehavior [ RunTime:0.000592s ]
INFO: [ app_begin ] --END-- [ RunTime:0.000662s ]
SQL: SHOW COLUMNS FROM `diuba_users` [ RunTime:0.0037s ]
SQL: SELECT * FROM `diuba_users` WHERE `telephone` = '18941137576' LIMIT 1   [ RunTime:0.0004s ]
SQL: SHOW COLUMNS FROM `diuba_goods` [ RunTime:0.0056s ]
SQL: SELECT COUNT(*) AS tp_count FROM `diuba_goods` LIMIT 1   [ RunTime:0.0003s ]
SQL: SELECT * FROM `diuba_goods` LIMIT 0,2   [ RunTime:0.0002s ]
INFO: [ view_parse ] --START--
INFO: [ template_filter ] --START--
INFO: Run Behavior\ContentReplaceBehavior [ RunTime:0.000106s ]
INFO: [ template_filter ] --END-- [ RunTime:0.000144s ]
NOTIC: [8] Use of undefined constant goodsadd - assumed 'goodsadd' C:\xampp\htdocs\diuba\App\Runtime\Cache\Home\b6ee958afc6bab35b4ef7aed02f4caf6.php 第 161 行.
NOTIC: [8] Use of undefined constant printQrcode - assumed 'printQrcode' C:\xampp\htdocs\diuba\App\Runtime\Cache\Home\b6ee958afc6bab35b4ef7aed02f4caf6.php 第 178 行.
INFO: Run Behavior\ParseTemplateBehavior [ RunTime:0.008833s ]
INFO: [ view_parse ] --END-- [ RunTime:0.008868s ]
INFO: [ view_filter ] --START--
INFO: Run Behavior\WriteHtmlCacheBehavior [ RunTime:0.000435s ]
INFO: [ view_filter ] --END-- [ RunTime:0.000464s ]
INFO: [ app_end ] --START--
INFO: Run Behavior\ShowPageTraceBehavior [ RunTime:0.000697s ]
INFO: [ app_end ] --END-- [ RunTime:0.000762s ]

[ 2016-11-16T16:20:11+08:00 ] ::1 /diuba/Home/Goods/goods/page/1.html
INFO: [ app_init ] --START--
INFO: Run Behavior\BuildLiteBehavior [ RunTime:0.000045s ]
INFO: [ app_init ] --END-- [ RunTime:0.001226s ]
INFO: [ app_begin ] --START--
INFO: Run Behavior\ReadHtmlCacheBehavior [ RunTime:0.000529s ]
INFO: [ app_begin ] --END-- [ RunTime:0.000570s ]
SQL: SHOW COLUMNS FROM `diuba_users` [ RunTime:0.0029s ]
SQL: SELECT * FROM `diuba_users` WHERE `telephone` = '18941137576' LIMIT 1   [ RunTime:0.0003s ]
SQL: SHOW COLUMNS FROM `diuba_goods` [ RunTime:0.0048s ]
SQL: SELECT COUNT(*) AS tp_count FROM `diuba_goods` LIMIT 1   [ RunTime:0.0003s ]
SQL: SELECT * FROM `diuba_goods` LIMIT 0,2   [ RunTime:0.0002s ]
INFO: [ view_parse ] --START--
INFO: [ template_filter ] --START--
INFO: Run Behavior\ContentReplaceBehavior [ RunTime:0.000103s ]
INFO: [ template_filter ] --END-- [ RunTime:0.000134s ]
NOTIC: [8] Use of undefined constant goodsadd - assumed 'goodsadd' C:\xampp\htdocs\diuba\App\Runtime\Cache\Home\b6ee958afc6bab35b4ef7aed02f4caf6.php 第 161 行.
NOTIC: [8] Use of undefined constant printQrcode - assumed 'printQrcode' C:\xampp\htdocs\diuba\App\Runtime\Cache\Home\b6ee958afc6bab35b4ef7aed02f4caf6.php 第 178 行.
INFO: Run Behavior\ParseTemplateBehavior [ RunTime:0.007982s ]
INFO: [ view_parse ] --END-- [ RunTime:0.008014s ]
INFO: [ view_filter ] --START--
INFO: Run Behavior\WriteHtmlCacheBehavior [ RunTime:0.000397s ]
INFO: [ view_filter ] --END-- [ RunTime:0.000425s ]
INFO: [ app_end ] --START--
INFO: Run Behavior\ShowPageTraceBehavior [ RunTime:0.000510s ]
INFO: [ app_end ] --END-- [ RunTime:0.000557s ]

[ 2016-11-16T16:20:59+08:00 ] ::1 /diuba/Home/Goods/goods/page/1.html
INFO: [ app_init ] --START--
INFO: Run Behavior\BuildLiteBehavior [ RunTime:0.000046s ]
INFO: [ app_init ] --END-- [ RunTime:0.000728s ]
INFO: [ app_begin ] --START--
INFO: Run Behavior\ReadHtmlCacheBehavior [ RunTime:0.000848s ]
INFO: [ app_begin ] --END-- [ RunTime:0.000932s ]
SQL: SHOW COLUMNS FROM `diuba_users` [ RunTime:0.0033s ]
SQL: SELECT * FROM `diuba_users` WHERE `telephone` = '18941137576' LIMIT 1   [ RunTime:0.0015s ]
SQL: SHOW COLUMNS FROM `diuba_goods` [ RunTime:0.0046s ]
SQL: SELECT COUNT(*) AS tp_count FROM `diuba_goods` LIMIT 1   [ RunTime:0.0003s ]
SQL: SELECT * FROM `diuba_goods` LIMIT 0,2   [ RunTime:0.0003s ]
INFO: [ view_parse ] --START--
INFO: [ template_filter ] --START--
INFO: Run Behavior\ContentReplaceBehavior [ RunTime:0.000112s ]
INFO: [ template_filter ] --END-- [ RunTime:0.000148s ]
NOTIC: [8] Use of undefined constant goodsadd - assumed 'goodsadd' C:\xampp\htdocs\diuba\App\Runtime\Cache\Home\b6ee958afc6bab35b4ef7aed02f4caf6.php 第 161 行.
NOTIC: [8] Use of undefined constant printQrcode - assumed 'printQrcode' C:\xampp\htdocs\diuba\App\Runtime\Cache\Home\b6ee958afc6bab35b4ef7aed02f4caf6.php 第 178 行.
INFO: Run Behavior\ParseTemplateBehavior [ RunTime:0.010518s ]
INFO: [ view_parse ] --END-- [ RunTime:0.010749s ]
INFO: [ view_filter ] --START--
INFO: Run Behavior\WriteHtmlCacheBehavior [ RunTime:0.000645s ]
INFO: [ view_filter ] --END-- [ RunTime:0.000690s ]
INFO: [ app_end ] --START--
INFO: Run Behavior\ShowPageTraceBehavior [ RunTime:0.000954s ]
INFO: [ app_end ] --END-- [ RunTime:0.001037s ]

[ 2016-11-16T16:21:12+08:00 ] ::1 /diuba/Home/Goods/goods/page/2.html
INFO: [ app_init ] --START--
INFO: Run Behavior\BuildLiteBehavior [ RunTime:0.000012s ]
INFO: [ app_init ] --END-- [ RunTime:0.000850s ]
INFO: [ app_begin ] --START--
INFO: Run Behavior\ReadHtmlCacheBehavior [ RunTime:0.000510s ]
INFO: [ app_begin ] --END-- [ RunTime:0.000545s ]
SQL: SHOW COLUMNS FROM `diuba_users` [ RunTime:0.0035s ]
SQL: SELECT * FROM `diuba_users` WHERE `telephone` = '18941137576' LIMIT 1   [ RunTime:0.0004s ]
SQL: SHOW COLUMNS FROM `diuba_goods` [ RunTime:0.0038s ]
SQL: SELECT COUNT(*) AS tp_count FROM `diuba_goods` LIMIT 1   [ RunTime:0.0002s ]
SQL: SELECT * FROM `diuba_goods` LIMIT 2,2   [ RunTime:0.0002s ]
INFO: [ view_parse ] --START--
INFO: [ template_filter ] --START--
INFO: Run Behavior\ContentReplaceBehavior [ RunTime:0.000102s ]
INFO: [ template_filter ] --END-- [ RunTime:0.000151s ]
NOTIC: [8] Use of undefined constant goodsadd - assumed 'goodsadd' C:\xampp\htdocs\diuba\App\Runtime\Cache\Home\b6ee958afc6bab35b4ef7aed02f4caf6.php 第 161 行.
NOTIC: [8] Use of undefined constant printQrcode - assumed 'printQrcode' C:\xampp\htdocs\diuba\App\Runtime\Cache\Home\b6ee958afc6bab35b4ef7aed02f4caf6.php 第 178 行.
INFO: Run Behavior\ParseTemplateBehavior [ RunTime:0.008134s ]
INFO: [ view_parse ] --END-- [ RunTime:0.008167s ]
INFO: [ view_filter ] --START--
INFO: Run Behavior\WriteHtmlCacheBehavior [ RunTime:0.000376s ]
INFO: [ view_filter ] --END-- [ RunTime:0.000404s ]
INFO: [ app_end ] --START--
INFO: Run Behavior\ShowPageTraceBehavior [ RunTime:0.000474s ]
INFO: [ app_end ] --END-- [ RunTime:0.000512s ]

[ 2016-11-16T16:21:14+08:00 ] ::1 /diuba/Home/Goods/goods/page/1.html
INFO: [ app_init ] --START--
INFO: Run Behavior\BuildLiteBehavior [ RunTime:0.000010s ]
INFO: [ app_init ] --END-- [ RunTime:0.000415s ]
INFO: [ app_begin ] --START--
INFO: Run Behavior\ReadHtmlCacheBehavior [ RunTime:0.000500s ]
INFO: [ app_begin ] --END-- [ RunTime:0.000534s ]
SQL: SHOW COLUMNS FROM `diuba_users` [ RunTime:0.0036s ]
SQL: SELECT * FROM `diuba_users` WHERE `telephone` = '18941137576' LIMIT 1   [ RunTime:0.0003s ]
SQL: SHOW COLUMNS FROM `diuba_goods` [ RunTime:0.0027s ]
SQL: SELECT COUNT(*) AS tp_count FROM `diuba_goods` LIMIT 1   [ RunTime:0.0002s ]
SQL: SELECT * FROM `diuba_goods` LIMIT 0,2   [ RunTime:0.0003s ]
INFO: [ view_parse ] --START--
INFO: [ template_filter ] --START--
INFO: Run Behavior\ContentReplaceBehavior [ RunTime:0.000106s ]
INFO: [ template_filter ] --END-- [ RunTime:0.000147s ]
NOTIC: [8] Use of undefined constant goodsadd - assumed 'goodsadd' C:\xampp\htdocs\diuba\App\Runtime\Cache\Home\b6ee958afc6bab35b4ef7aed02f4caf6.php 第 161 行.
NOTIC: [8] Use of undefined constant printQrcode - assumed 'printQrcode' C:\xampp\htdocs\diuba\App\Runtime\Cache\Home\b6ee958afc6bab35b4ef7aed02f4caf6.php 第 178 行.
INFO: Run Behavior\ParseTemplateBehavior [ RunTime:0.009201s ]
INFO: [ view_parse ] --END-- [ RunTime:0.009248s ]
INFO: [ view_filter ] --START--
INFO: Run Behavior\WriteHtmlCacheBehavior [ RunTime:0.000402s ]
INFO: [ view_filter ] --END-- [ RunTime:0.000444s ]
INFO: [ app_end ] --START--
INFO: Run Behavior\ShowPageTraceBehavior [ RunTime:0.000548s ]
INFO: [ app_end ] --END-- [ RunTime:0.000597s ]

[ 2016-11-16T16:21:22+08:00 ] ::1 /diuba/Home/Goods/goods/page/1.html
INFO: [ app_init ] --START--
INFO: Run Behavior\BuildLiteBehavior [ RunTime:0.000011s ]
INFO: [ app_init ] --END-- [ RunTime:0.000461s ]
INFO: [ app_begin ] --START--
INFO: Run Behavior\ReadHtmlCacheBehavior [ RunTime:0.000633s ]
INFO: [ app_begin ] --END-- [ RunTime:0.000683s ]
SQL: SHOW COLUMNS FROM `diuba_users` [ RunTime:0.0037s ]
SQL: SELECT * FROM `diuba_users` WHERE `telephone` = '18941137576' LIMIT 1   [ RunTime:0.0003s ]
SQL: SHOW COLUMNS FROM `diuba_goods` [ RunTime:0.0029s ]
SQL: SELECT COUNT(*) AS tp_count FROM `diuba_goods` LIMIT 1   [ RunTime:0.0003s ]
SQL: SELECT * FROM `diuba_goods` LIMIT 0,2   [ RunTime:0.0003s ]
INFO: [ view_parse ] --START--
INFO: [ template_filter ] --START--
INFO: Run Behavior\ContentReplaceBehavior [ RunTime:0.000104s ]
INFO: [ template_filter ] --END-- [ RunTime:0.000139s ]
NOTIC: [8] Use of undefined constant goodsadd - assumed 'goodsadd' C:\xampp\htdocs\diuba\App\Runtime\Cache\Home\b6ee958afc6bab35b4ef7aed02f4caf6.php 第 161 行.
NOTIC: [8] Use of undefined constant printQrcode - assumed 'printQrcode' C:\xampp\htdocs\diuba\App\Runtime\Cache\Home\b6ee958afc6bab35b4ef7aed02f4caf6.php 第 178 行.
INFO: Run Behavior\ParseTemplateBehavior [ RunTime:0.008836s ]
INFO: [ view_parse ] --END-- [ RunTime:0.008901s ]
INFO: [ view_filter ] --START--
INFO: Run Behavior\WriteHtmlCacheBehavior [ RunTime:0.000446s ]
INFO: [ view_filter ] --END-- [ RunTime:0.000480s ]
INFO: [ app_end ] --START--
INFO: Run Behavior\ShowPageTraceBehavior [ RunTime:0.000575s ]
INFO: [ app_end ] --END-- [ RunTime:0.000614s ]

[ 2016-11-16T16:21:24+08:00 ] ::1 /diuba/Home/Goods/goods/page/2.html
INFO: [ app_init ] --START--
INFO: Run Behavior\BuildLiteBehavior [ RunTime:0.000012s ]
INFO: [ app_init ] --END-- [ RunTime:0.000438s ]
INFO: [ app_begin ] --START--
INFO: Run Behavior\ReadHtmlCacheBehavior [ RunTime:0.000534s ]
INFO: [ app_begin ] --END-- [ RunTime:0.000571s ]
SQL: SHOW COLUMNS FROM `diuba_users` [ RunTime:0.0031s ]
SQL: SELECT * FROM `diuba_users` WHERE `telephone` = '18941137576' LIMIT 1   [ RunTime:0.0004s ]
SQL: SHOW COLUMNS FROM `diuba_goods` [ RunTime:0.0038s ]
SQL: SELECT COUNT(*) AS tp_count FROM `diuba_goods` LIMIT 1   [ RunTime:0.0003s ]
SQL: SELECT * FROM `diuba_goods` LIMIT 2,2   [ RunTime:0.0002s ]
INFO: [ view_parse ] --START--
INFO: [ template_filter ] --START--
INFO: Run Behavior\ContentReplaceBehavior [ RunTime:0.000102s ]
INFO: [ template_filter ] --END-- [ RunTime:0.000137s ]
NOTIC: [8] Use of undefined constant goodsadd - assumed 'goodsadd' C:\xampp\htdocs\diuba\App\Runtime\Cache\Home\b6ee958afc6bab35b4ef7aed02f4caf6.php 第 161 行.
NOTIC: [8] Use of undefined constant printQrcode - assumed 'printQrcode' C:\xampp\htdocs\diuba\App\Runtime\Cache\Home\b6ee958afc6bab35b4ef7aed02f4caf6.php 第 178 行.
INFO: Run Behavior\ParseTemplateBehavior [ RunTime:0.008262s ]
INFO: [ view_parse ] --END-- [ RunTime:0.008302s ]
INFO: [ view_filter ] --START--
INFO: Run Behavior\WriteHtmlCacheBehavior [ RunTime:0.000392s ]
INFO: [ view_filter ] --END-- [ RunTime:0.000422s ]
INFO: [ app_end ] --START--
INFO: Run Behavior\ShowPageTraceBehavior [ RunTime:0.000618s ]
INFO: [ app_end ] --END-- [ RunTime:0.000678s ]

[ 2016-11-16T16:24:23+08:00 ] ::1 /diuba/Home/Goods/goods/page/1.html
INFO: [ app_init ] --START--
INFO: Run Behavior\BuildLiteBehavior [ RunTime:0.000010s ]
INFO: [ app_init ] --END-- [ RunTime:0.000481s ]
INFO: [ app_begin ] --START--
INFO: Run Behavior\ReadHtmlCacheBehavior [ RunTime:0.000621s ]
INFO: [ app_begin ] --END-- [ RunTime:0.000657s ]
SQL: SHOW COLUMNS FROM `diuba_users` [ RunTime:0.0034s ]
SQL: SELECT * FROM `diuba_users` WHERE `telephone` = '18941137576' LIMIT 1   [ RunTime:0.0003s ]
SQL: SHOW COLUMNS FROM `diuba_goods` [ RunTime:0.0033s ]
SQL: SELECT COUNT(*) AS tp_count FROM `diuba_goods` LIMIT 1   [ RunTime:0.0002s ]
SQL: SELECT * FROM `diuba_goods` LIMIT 0,2   [ RunTime:0.0002s ]
INFO: [ view_parse ] --START--
INFO: [ template_filter ] --START--
INFO: Run Behavior\ContentReplaceBehavior [ RunTime:0.000125s ]
INFO: [ template_filter ] --END-- [ RunTime:0.000172s ]
NOTIC: [8] Use of undefined constant goodsadd - assumed 'goodsadd' C:\xampp\htdocs\diuba\App\Runtime\Cache\Home\b6ee958afc6bab35b4ef7aed02f4caf6.php 第 161 行.
NOTIC: [8] Use of undefined constant printQrcode - assumed 'printQrcode' C:\xampp\htdocs\diuba\App\Runtime\Cache\Home\b6ee958afc6bab35b4ef7aed02f4caf6.php 第 178 行.
INFO: Run Behavior\ParseTemplateBehavior [ RunTime:0.010853s ]
INFO: [ view_parse ] --END-- [ RunTime:0.010890s ]
INFO: [ view_filter ] --START--
INFO: Run Behavior\WriteHtmlCacheBehavior [ RunTime:0.000412s ]
INFO: [ view_filter ] --END-- [ RunTime:0.000441s ]
INFO: [ app_end ] --START--
INFO: Run Behavior\ShowPageTraceBehavior [ RunTime:0.000887s ]
INFO: [ app_end ] --END-- [ RunTime:0.000956s ]

[ 2016-11-16T16:25:04+08:00 ] ::1 /diuba/Home/Goods/goods/page/2.html
INFO: [ app_init ] --START--
INFO: Run Behavior\BuildLiteBehavior [ RunTime:0.000010s ]
INFO: [ app_init ] --END-- [ RunTime:0.000446s ]
INFO: [ app_begin ] --START--
INFO: Run Behavior\ReadHtmlCacheBehavior [ RunTime:0.000457s ]
INFO: [ app_begin ] --END-- [ RunTime:0.000491s ]
SQL: SHOW COLUMNS FROM `diuba_users` [ RunTime:0.0033s ]
SQL: SELECT * FROM `diuba_users` WHERE `telephone` = '18941137576' LIMIT 1   [ RunTime:0.0004s ]
SQL: SHOW COLUMNS FROM `diuba_goods` [ RunTime:0.0028s ]
SQL: SELECT COUNT(*) AS tp_count FROM `diuba_goods` LIMIT 1   [ RunTime:0.0002s ]
SQL: SELECT * FROM `diuba_goods` LIMIT 2,2   [ RunTime:0.0002s ]
INFO: [ view_parse ] --START--
INFO: [ template_filter ] --START--
INFO: Run Behavior\ContentReplaceBehavior [ RunTime:0.000102s ]
INFO: [ template_filter ] --END-- [ RunTime:0.000138s ]
NOTIC: [8] Use of undefined constant goodsadd - assumed 'goodsadd' C:\xampp\htdocs\diuba\App\Runtime\Cache\Home\b6ee958afc6bab35b4ef7aed02f4caf6.php 第 161 行.
NOTIC: [8] Use of undefined constant printQrcode - assumed 'printQrcode' C:\xampp\htdocs\diuba\App\Runtime\Cache\Home\b6ee958afc6bab35b4ef7aed02f4caf6.php 第 178 行.
INFO: Run Behavior\ParseTemplateBehavior [ RunTime:0.008148s ]
INFO: [ view_parse ] --END-- [ RunTime:0.008181s ]
INFO: [ view_filter ] --START--
INFO: Run Behavior\WriteHtmlCacheBehavior [ RunTime:0.000375s ]
INFO: [ view_filter ] --END-- [ RunTime:0.000405s ]
INFO: [ app_end ] --START--
INFO: Run Behavior\ShowPageTraceBehavior [ RunTime:0.000546s ]
INFO: [ app_end ] --END-- [ RunTime:0.000593s ]

[ 2016-11-16T16:25:07+08:00 ] ::1 /diuba/Home/Goods/goods/page/1.html
INFO: [ app_init ] --START--
INFO: Run Behavior\BuildLiteBehavior [ RunTime:0.000010s ]
INFO: [ app_init ] --END-- [ RunTime:0.000447s ]
INFO: [ app_begin ] --START--
INFO: Run Behavior\ReadHtmlCacheBehavior [ RunTime:0.000511s ]
INFO: [ app_begin ] --END-- [ RunTime:0.000547s ]
SQL: SHOW COLUMNS FROM `diuba_users` [ RunTime:0.0038s ]
SQL: SELECT * FROM `diuba_users` WHERE `telephone` = '18941137576' LIMIT 1   [ RunTime:0.0003s ]
SQL: SHOW COLUMNS FROM `diuba_goods` [ RunTime:0.0028s ]
SQL: SELECT COUNT(*) AS tp_count FROM `diuba_goods` LIMIT 1   [ RunTime:0.0002s ]
SQL: SELECT * FROM `diuba_goods` LIMIT 0,2   [ RunTime:0.0003s ]
INFO: [ view_parse ] --START--
INFO: [ template_filter ] --START--
INFO: Run Behavior\ContentReplaceBehavior [ RunTime:0.000140s ]
INFO: [ template_filter ] --END-- [ RunTime:0.000177s ]
NOTIC: [8] Use of undefined constant goodsadd - assumed 'goodsadd' C:\xampp\htdocs\diuba\App\Runtime\Cache\Home\b6ee958afc6bab35b4ef7aed02f4caf6.php 第 161 行.
NOTIC: [8] Use of undefined constant printQrcode - assumed 'printQrcode' C:\xampp\htdocs\diuba\App\Runtime\Cache\Home\b6ee958afc6bab35b4ef7aed02f4caf6.php 第 178 行.
INFO: Run Behavior\ParseTemplateBehavior [ RunTime:0.009080s ]
INFO: [ view_parse ] --END-- [ RunTime:0.009120s ]
INFO: [ view_filter ] --START--
INFO: Run Behavior\WriteHtmlCacheBehavior [ RunTime:0.000363s ]
INFO: [ view_filter ] --END-- [ RunTime:0.000390s ]
INFO: [ app_end ] --START--
INFO: Run Behavior\ShowPageTraceBehavior [ RunTime:0.000474s ]
INFO: [ app_end ] --END-- [ RunTime:0.000512s ]

[ 2016-11-16T16:57:33+08:00 ] ::1 /diuba/Home/Goods/goods/page/1.html
INFO: [ app_init ] --START--
INFO: Run Behavior\BuildLiteBehavior [ RunTime:0.000018s ]
INFO: [ app_init ] --END-- [ RunTime:0.001580s ]
INFO: [ app_begin ] --START--
INFO: Run Behavior\ReadHtmlCacheBehavior [ RunTime:0.001238s ]
INFO: [ app_begin ] --END-- [ RunTime:0.001343s ]
SQL: SHOW COLUMNS FROM `diuba_users` [ RunTime:0.0205s ]
SQL: SELECT * FROM `diuba_users` WHERE `telephone` = '18941137576' LIMIT 1   [ RunTime:0.0045s ]
SQL: SHOW COLUMNS FROM `diuba_goods` [ RunTime:0.0046s ]
SQL: SELECT COUNT(*) AS tp_count FROM `diuba_goods` LIMIT 1   [ RunTime:0.0012s ]
SQL: SELECT * FROM `diuba_goods` LIMIT 0,2   [ RunTime:0.0003s ]
INFO: [ view_parse ] --START--
INFO: [ template_filter ] --START--
INFO: Run Behavior\ContentReplaceBehavior [ RunTime:0.001345s ]
INFO: [ template_filter ] --END-- [ RunTime:0.001413s ]
NOTIC: [8] Use of undefined constant goodsadd - assumed 'goodsadd' C:\xampp\htdocs\diuba\App\Runtime\Cache\Home\b6ee958afc6bab35b4ef7aed02f4caf6.php 第 161 行.
NOTIC: [8] Use of undefined constant printQrcode - assumed 'printQrcode' C:\xampp\htdocs\diuba\App\Runtime\Cache\Home\b6ee958afc6bab35b4ef7aed02f4caf6.php 第 178 行.
NOTIC: [8] Undefined index: username C:\xampp\htdocs\diuba\App\Runtime\Cache\Home\b6ee958afc6bab35b4ef7aed02f4caf6.php 第 209 行.
NOTIC: [8] Undefined index: username C:\xampp\htdocs\diuba\App\Runtime\Cache\Home\b6ee958afc6bab35b4ef7aed02f4caf6.php 第 209 行.
INFO: Run Behavior\ParseTemplateBehavior [ RunTime:0.018728s ]
INFO: [ view_parse ] --END-- [ RunTime:0.018770s ]
INFO: [ view_filter ] --START--
INFO: Run Behavior\WriteHtmlCacheBehavior [ RunTime:0.001038s ]
INFO: [ view_filter ] --END-- [ RunTime:0.001071s ]
INFO: [ app_end ] --START--
INFO: Run Behavior\ShowPageTraceBehavior [ RunTime:0.001079s ]
INFO: [ app_end ] --END-- [ RunTime:0.001150s ]

[ 2016-11-16T17:26:34+08:00 ] ::1 /diuba/
INFO: [ app_init ] --START--
INFO: Run Behavior\BuildLiteBehavior [ RunTime:0.000012s ]
INFO: [ app_init ] --END-- [ RunTime:0.001143s ]
INFO: [ app_begin ] --START--
INFO: Run Behavior\ReadHtmlCacheBehavior [ RunTime:0.000747s ]
INFO: [ app_begin ] --END-- [ RunTime:0.000799s ]
INFO: [ view_parse ] --START--
INFO: [ template_filter ] --START--
INFO: Run Behavior\ContentReplaceBehavior [ RunTime:0.000896s ]
INFO: [ template_filter ] --END-- [ RunTime:0.000945s ]
NOTIC: [8] Undefined variable: findnum C:\xampp\htdocs\diuba\App\Runtime\Cache\Home\00e52909bed743ea261af4b6823297ff.php 第 142 行.
NOTIC: [8] Undefined variable: lostnum C:\xampp\htdocs\diuba\App\Runtime\Cache\Home\00e52909bed743ea261af4b6823297ff.php 第 143 行.
NOTIC: [8] Undefined variable: all C:\xampp\htdocs\diuba\App\Runtime\Cache\Home\00e52909bed743ea261af4b6823297ff.php 第 144 行.
NOTIC: [8] Undefined variable: lostlist C:\xampp\htdocs\diuba\App\Runtime\Cache\Home\00e52909bed743ea261af4b6823297ff.php 第 162 行.
NOTIC: [8] Undefined variable: findlist C:\xampp\htdocs\diuba\App\Runtime\Cache\Home\00e52909bed743ea261af4b6823297ff.php 第 190 行.
INFO: Run Behavior\ParseTemplateBehavior [ RunTime:0.012129s ]
INFO: [ view_parse ] --END-- [ RunTime:0.012172s ]
INFO: [ view_filter ] --START--
INFO: Run Behavior\WriteHtmlCacheBehavior [ RunTime:0.000489s ]
INFO: [ view_filter ] --END-- [ RunTime:0.000519s ]
INFO: [ app_end ] --START--
INFO: Run Behavior\ShowPageTraceBehavior [ RunTime:0.000634s ]
INFO: [ app_end ] --END-- [ RunTime:0.000672s ]

[ 2016-11-16T17:26:37+08:00 ] ::1 /diuba/Home/Index/login.html
INFO: [ app_init ] --START--
INFO: Run Behavior\BuildLiteBehavior [ RunTime:0.000010s ]
INFO: [ app_init ] --END-- [ RunTime:0.000436s ]
INFO: [ app_begin ] --START--
INFO: Run Behavior\ReadHtmlCacheBehavior [ RunTime:0.000516s ]
INFO: [ app_begin ] --END-- [ RunTime:0.000551s ]
INFO: [ view_parse ] --START--
INFO: [ template_filter ] --START--
INFO: Run Behavior\ContentReplaceBehavior [ RunTime:0.000084s ]
INFO: [ template_filter ] --END-- [ RunTime:0.000124s ]
NOTIC: [8] Use of undefined constant checkLogin - assumed 'checkLogin' C:\xampp\htdocs\diuba\App\Runtime\Cache\Home\b85c7d4521605c805b2409b4b881b8b6.php 第 90 行.
INFO: Run Behavior\ParseTemplateBehavior [ RunTime:0.006934s ]
INFO: [ view_parse ] --END-- [ RunTime:0.006973s ]
INFO: [ view_filter ] --START--
INFO: Run Behavior\WriteHtmlCacheBehavior [ RunTime:0.000394s ]
INFO: [ view_filter ] --END-- [ RunTime:0.000423s ]
INFO: [ app_end ] --START--
INFO: Run Behavior\ShowPageTraceBehavior [ RunTime:0.000623s ]
INFO: [ app_end ] --END-- [ RunTime:0.000679s ]

[ 2016-11-16T17:26:37+08:00 ] ::1 /diuba/Home/Index/verify.html
INFO: [ app_init ] --START--
INFO: Run Behavior\BuildLiteBehavior [ RunTime:0.000012s ]
INFO: [ app_init ] --END-- [ RunTime:0.000379s ]
INFO: [ app_begin ] --START--
INFO: Run Behavior\ReadHtmlCacheBehavior [ RunTime:0.000470s ]
INFO: [ app_begin ] --END-- [ RunTime:0.000513s ]
INFO: [ app_end ] --START--
INFO: Run Behavior\ShowPageTraceBehavior [ RunTime:0.000643s ]
INFO: [ app_end ] --END-- [ RunTime:0.000699s ]

[ 2016-11-16T17:26:47+08:00 ] ::1 /diuba/Home/Index/checkLogin.html
INFO: [ app_init ] --START--
INFO: Run Behavior\BuildLiteBehavior [ RunTime:0.000010s ]
INFO: [ app_init ] --END-- [ RunTime:0.000477s ]
INFO: [ app_begin ] --START--
INFO: Run Behavior\ReadHtmlCacheBehavior [ RunTime:0.000606s ]
INFO: [ app_begin ] --END-- [ RunTime:0.000645s ]
SQL: SHOW COLUMNS FROM `diuba_users` [ RunTime:0.0084s ]
SQL: SELECT * FROM `diuba_users` WHERE `telephone` = '18941137576' AND `password` = '202cb962ac59075b964b07152d234b70'  [ RunTime:0.0010s ]

[ 2016-11-16T17:26:48+08:00 ] ::1 /diuba/Home/Goods/goods.html
INFO: [ app_init ] --START--
INFO: Run Behavior\BuildLiteBehavior [ RunTime:0.000010s ]
INFO: [ app_init ] --END-- [ RunTime:0.000422s ]
INFO: [ app_begin ] --START--
INFO: Run Behavior\ReadHtmlCacheBehavior [ RunTime:0.000530s ]
INFO: [ app_begin ] --END-- [ RunTime:0.000565s ]
SQL: SHOW COLUMNS FROM `diuba_users` [ RunTime:0.0026s ]
SQL: SELECT * FROM `diuba_users` WHERE `telephone` = '18941137576' LIMIT 1   [ RunTime:0.0006s ]
SQL: SHOW COLUMNS FROM `diuba_goods` [ RunTime:0.0031s ]
SQL: SELECT COUNT(*) AS tp_count FROM `diuba_goods` LIMIT 1   [ RunTime:0.0011s ]
NOTIC: [8] Undefined variable: pageSize C:\xampp\htdocs\diuba\App\Home\Controller\GoodsController.class.php 第 16 行.
NOTIC: [8] Undefined variable: records C:\xampp\htdocs\diuba\App\Home\Controller\GoodsController.class.php 第 16 行.
NOTIC: [2] Division by zero C:\xampp\htdocs\diuba\App\Home\Controller\GoodsController.class.php 第 16 行.
SQL: SELECT * FROM `diuba_goods` ORDER BY id desc LIMIT 0,2   [ RunTime:0.0004s ]
INFO: [ view_parse ] --START--
INFO: [ template_filter ] --START--
INFO: Run Behavior\ContentReplaceBehavior [ RunTime:0.000107s ]
INFO: [ template_filter ] --END-- [ RunTime:0.000147s ]
NOTIC: [8] Use of undefined constant goodsadd - assumed 'goodsadd' C:\xampp\htdocs\diuba\App\Runtime\Cache\Home\b6ee958afc6bab35b4ef7aed02f4caf6.php 第 161 行.
NOTIC: [8] Use of undefined constant printQrcode - assumed 'printQrcode' C:\xampp\htdocs\diuba\App\Runtime\Cache\Home\b6ee958afc6bab35b4ef7aed02f4caf6.php 第 178 行.
NOTIC: [8] Undefined index: username C:\xampp\htdocs\diuba\App\Runtime\Cache\Home\b6ee958afc6bab35b4ef7aed02f4caf6.php 第 209 行.
NOTIC: [8] Undefined index: username C:\xampp\htdocs\diuba\App\Runtime\Cache\Home\b6ee958afc6bab35b4ef7aed02f4caf6.php 第 209 行.
INFO: Run Behavior\ParseTemplateBehavior [ RunTime:0.011167s ]
INFO: [ view_parse ] --END-- [ RunTime:0.011211s ]
INFO: [ view_filter ] --START--
INFO: Run Behavior\WriteHtmlCacheBehavior [ RunTime:0.000464s ]
INFO: [ view_filter ] --END-- [ RunTime:0.000496s ]
INFO: [ app_end ] --START--
INFO: Run Behavior\ShowPageTraceBehavior [ RunTime:0.000662s ]
INFO: [ app_end ] --END-- [ RunTime:0.000716s ]

[ 2016-11-16T17:26:51+08:00 ] ::1 /diuba/Home/Goods/goods/p/2.html
INFO: [ app_init ] --START--
INFO: Run Behavior\BuildLiteBehavior [ RunTime:0.000011s ]
INFO: [ app_init ] --END-- [ RunTime:0.000613s ]
INFO: [ app_begin ] --START--
INFO: Run Behavior\ReadHtmlCacheBehavior [ RunTime:0.000573s ]
INFO: [ app_begin ] --END-- [ RunTime:0.000608s ]
SQL: SHOW COLUMNS FROM `diuba_users` [ RunTime:0.0025s ]
SQL: SELECT * FROM `diuba_users` WHERE `telephone` = '18941137576' LIMIT 1   [ RunTime:0.0003s ]
SQL: SHOW COLUMNS FROM `diuba_goods` [ RunTime:0.0029s ]
SQL: SELECT COUNT(*) AS tp_count FROM `diuba_goods` LIMIT 1   [ RunTime:0.0002s ]
NOTIC: [8] Undefined variable: pageSize C:\xampp\htdocs\diuba\App\Home\Controller\GoodsController.class.php 第 16 行.
NOTIC: [8] Undefined variable: records C:\xampp\htdocs\diuba\App\Home\Controller\GoodsController.class.php 第 16 行.
NOTIC: [2] Division by zero C:\xampp\htdocs\diuba\App\Home\Controller\GoodsController.class.php 第 16 行.
SQL: SELECT * FROM `diuba_goods` ORDER BY id desc LIMIT 2,2   [ RunTime:0.0002s ]
INFO: [ view_parse ] --START--
INFO: [ template_filter ] --START--
INFO: Run Behavior\ContentReplaceBehavior [ RunTime:0.000126s ]
INFO: [ template_filter ] --END-- [ RunTime:0.000163s ]
NOTIC: [8] Use of undefined constant goodsadd - assumed 'goodsadd' C:\xampp\htdocs\diuba\App\Runtime\Cache\Home\b6ee958afc6bab35b4ef7aed02f4caf6.php 第 161 行.
NOTIC: [8] Use of undefined constant printQrcode - assumed 'printQrcode' C:\xampp\htdocs\diuba\App\Runtime\Cache\Home\b6ee958afc6bab35b4ef7aed02f4caf6.php 第 178 行.
NOTIC: [8] Undefined index: username C:\xampp\htdocs\diuba\App\Runtime\Cache\Home\b6ee958afc6bab35b4ef7aed02f4caf6.php 第 209 行.
INFO: Run Behavior\ParseTemplateBehavior [ RunTime:0.008946s ]
INFO: [ view_parse ] --END-- [ RunTime:0.008986s ]
INFO: [ view_filter ] --START--
INFO: Run Behavior\WriteHtmlCacheBehavior [ RunTime:0.000440s ]
INFO: [ view_filter ] --END-- [ RunTime:0.000469s ]
INFO: [ app_end ] --START--
INFO: Run Behavior\ShowPageTraceBehavior [ RunTime:0.000662s ]
INFO: [ app_end ] --END-- [ RunTime:0.000705s ]

[ 2016-11-16T17:26:54+08:00 ] ::1 /diuba/Home/Goods/goods/p/1.html
INFO: [ app_init ] --START--
INFO: Run Behavior\BuildLiteBehavior [ RunTime:0.000010s ]
INFO: [ app_init ] --END-- [ RunTime:0.000491s ]
INFO: [ app_begin ] --START--
INFO: Run Behavior\ReadHtmlCacheBehavior [ RunTime:0.000551s ]
INFO: [ app_begin ] --END-- [ RunTime:0.000586s ]
SQL: SHOW COLUMNS FROM `diuba_users` [ RunTime:0.0025s ]
SQL: SELECT * FROM `diuba_users` WHERE `telephone` = '18941137576' LIMIT 1   [ RunTime:0.0003s ]
SQL: SHOW COLUMNS FROM `diuba_goods` [ RunTime:0.0022s ]
SQL: SELECT COUNT(*) AS tp_count FROM `diuba_goods` LIMIT 1   [ RunTime:0.0002s ]
NOTIC: [8] Undefined variable: pageSize C:\xampp\htdocs\diuba\App\Home\Controller\GoodsController.class.php 第 16 行.
NOTIC: [8] Undefined variable: records C:\xampp\htdocs\diuba\App\Home\Controller\GoodsController.class.php 第 16 行.
NOTIC: [2] Division by zero C:\xampp\htdocs\diuba\App\Home\Controller\GoodsController.class.php 第 16 行.
SQL: SELECT * FROM `diuba_goods` ORDER BY id desc LIMIT 0,2   [ RunTime:0.0003s ]
INFO: [ view_parse ] --START--
INFO: [ template_filter ] --START--
INFO: Run Behavior\ContentReplaceBehavior [ RunTime:0.000106s ]
INFO: [ template_filter ] --END-- [ RunTime:0.000140s ]
NOTIC: [8] Use of undefined constant goodsadd - assumed 'goodsadd' C:\xampp\htdocs\diuba\App\Runtime\Cache\Home\b6ee958afc6bab35b4ef7aed02f4caf6.php 第 161 行.
NOTIC: [8] Use of undefined constant printQrcode - assumed 'printQrcode' C:\xampp\htdocs\diuba\App\Runtime\Cache\Home\b6ee958afc6bab35b4ef7aed02f4caf6.php 第 178 行.
NOTIC: [8] Undefined index: username C:\xampp\htdocs\diuba\App\Runtime\Cache\Home\b6ee958afc6bab35b4ef7aed02f4caf6.php 第 209 行.
NOTIC: [8] Undefined index: username C:\xampp\htdocs\diuba\App\Runtime\Cache\Home\b6ee958afc6bab35b4ef7aed02f4caf6.php 第 209 行.
INFO: Run Behavior\ParseTemplateBehavior [ RunTime:0.008158s ]
INFO: [ view_parse ] --END-- [ RunTime:0.008193s ]
INFO: [ view_filter ] --START--
INFO: Run Behavior\WriteHtmlCacheBehavior [ RunTime:0.000408s ]
INFO: [ view_filter ] --END-- [ RunTime:0.000437s ]
INFO: [ app_end ] --START--
INFO: Run Behavior\ShowPageTraceBehavior [ RunTime:0.000653s ]
INFO: [ app_end ] --END-- [ RunTime:0.000701s ]

[ 2016-11-16T17:31:29+08:00 ] ::1 /diuba/Home/Goods/goods/p/2.html
INFO: [ app_init ] --START--
INFO: Run Behavior\BuildLiteBehavior [ RunTime:0.000015s ]
INFO: [ app_init ] --END-- [ RunTime:0.000487s ]
INFO: [ app_begin ] --START--
INFO: Run Behavior\ReadHtmlCacheBehavior [ RunTime:0.000698s ]
INFO: [ app_begin ] --END-- [ RunTime:0.000756s ]
SQL: SHOW COLUMNS FROM `diuba_users` [ RunTime:0.0030s ]
SQL: SELECT * FROM `diuba_users` WHERE `telephone` = '18941137576' LIMIT 1   [ RunTime:0.0003s ]
SQL: SHOW COLUMNS FROM `diuba_goods` [ RunTime:0.0022s ]
SQL: SELECT COUNT(*) AS tp_count FROM `diuba_goods` LIMIT 1   [ RunTime:0.0002s ]
NOTIC: [8] Undefined variable: pageSize C:\xampp\htdocs\diuba\App\Home\Controller\GoodsController.class.php 第 16 行.
NOTIC: [8] Undefined variable: records C:\xampp\htdocs\diuba\App\Home\Controller\GoodsController.class.php 第 16 行.
NOTIC: [2] Division by zero C:\xampp\htdocs\diuba\App\Home\Controller\GoodsController.class.php 第 16 行.
SQL: SELECT * FROM `diuba_goods` ORDER BY id desc LIMIT 2,2   [ RunTime:0.0003s ]
INFO: [ view_parse ] --START--
INFO: [ template_filter ] --START--
INFO: Run Behavior\ContentReplaceBehavior [ RunTime:0.000135s ]
INFO: [ template_filter ] --END-- [ RunTime:0.000174s ]
NOTIC: [8] Use of undefined constant goodsadd - assumed 'goodsadd' C:\xampp\htdocs\diuba\App\Runtime\Cache\Home\b6ee958afc6bab35b4ef7aed02f4caf6.php 第 161 行.
NOTIC: [8] Use of undefined constant printQrcode - assumed 'printQrcode' C:\xampp\htdocs\diuba\App\Runtime\Cache\Home\b6ee958afc6bab35b4ef7aed02f4caf6.php 第 178 行.
NOTIC: [8] Undefined index: username C:\xampp\htdocs\diuba\App\Runtime\Cache\Home\b6ee958afc6bab35b4ef7aed02f4caf6.php 第 209 行.
INFO: Run Behavior\ParseTemplateBehavior [ RunTime:0.009283s ]
INFO: [ view_parse ] --END-- [ RunTime:0.009321s ]
INFO: [ view_filter ] --START--
INFO: Run Behavior\WriteHtmlCacheBehavior [ RunTime:0.000471s ]
INFO: [ view_filter ] --END-- [ RunTime:0.000500s ]
INFO: [ app_end ] --START--
INFO: Run Behavior\ShowPageTraceBehavior [ RunTime:0.000593s ]
INFO: [ app_end ] --END-- [ RunTime:0.000636s ]

[ 2016-11-16T17:31:31+08:00 ] ::1 /diuba/Home/Goods/goods/p/1.html
INFO: [ app_init ] --START--
INFO: Run Behavior\BuildLiteBehavior [ RunTime:0.000016s ]
INFO: [ app_init ] --END-- [ RunTime:0.000500s ]
INFO: [ app_begin ] --START--
INFO: Run Behavior\ReadHtmlCacheBehavior [ RunTime:0.000478s ]
INFO: [ app_begin ] --END-- [ RunTime:0.000518s ]
SQL: SHOW COLUMNS FROM `diuba_users` [ RunTime:0.0036s ]
SQL: SELECT * FROM `diuba_users` WHERE `telephone` = '18941137576' LIMIT 1   [ RunTime:0.0003s ]
SQL: SHOW COLUMNS FROM `diuba_goods` [ RunTime:0.0022s ]
SQL: SELECT COUNT(*) AS tp_count FROM `diuba_goods` LIMIT 1   [ RunTime:0.0003s ]
NOTIC: [8] Undefined variable: pageSize C:\xampp\htdocs\diuba\App\Home\Controller\GoodsController.class.php 第 16 行.
NOTIC: [8] Undefined variable: records C:\xampp\htdocs\diuba\App\Home\Controller\GoodsController.class.php 第 16 行.
NOTIC: [2] Division by zero C:\xampp\htdocs\diuba\App\Home\Controller\GoodsController.class.php 第 16 行.
SQL: SELECT * FROM `diuba_goods` ORDER BY id desc LIMIT 0,2   [ RunTime:0.0003s ]
INFO: [ view_parse ] --START--
INFO: [ template_filter ] --START--
INFO: Run Behavior\ContentReplaceBehavior [ RunTime:0.000106s ]
INFO: [ template_filter ] --END-- [ RunTime:0.000138s ]
NOTIC: [8] Use of undefined constant goodsadd - assumed 'goodsadd' C:\xampp\htdocs\diuba\App\Runtime\Cache\Home\b6ee958afc6bab35b4ef7aed02f4caf6.php 第 161 行.
NOTIC: [8] Use of undefined constant printQrcode - assumed 'printQrcode' C:\xampp\htdocs\diuba\App\Runtime\Cache\Home\b6ee958afc6bab35b4ef7aed02f4caf6.php 第 178 行.
NOTIC: [8] Undefined index: username C:\xampp\htdocs\diuba\App\Runtime\Cache\Home\b6ee958afc6bab35b4ef7aed02f4caf6.php 第 209 行.
NOTIC: [8] Undefined index: username C:\xampp\htdocs\diuba\App\Runtime\Cache\Home\b6ee958afc6bab35b4ef7aed02f4caf6.php 第 209 行.
INFO: Run Behavior\ParseTemplateBehavior [ RunTime:0.008057s ]
INFO: [ view_parse ] --END-- [ RunTime:0.008096s ]
INFO: [ view_filter ] --START--
INFO: Run Behavior\WriteHtmlCacheBehavior [ RunTime:0.000431s ]
INFO: [ view_filter ] --END-- [ RunTime:0.000465s ]
INFO: [ app_end ] --START--
INFO: Run Behavior\ShowPageTraceBehavior [ RunTime:0.002214s ]
INFO: [ app_end ] --END-- [ RunTime:0.002289s ]

[ 2016-11-16T18:27:12+08:00 ] ::1 /diuba/
INFO: [ app_init ] --START--
INFO: Run Behavior\BuildLiteBehavior [ RunTime:0.000021s ]
INFO: [ app_init ] --END-- [ RunTime:0.000766s ]
INFO: [ app_begin ] --START--
INFO: Run Behavior\ReadHtmlCacheBehavior [ RunTime:0.000756s ]
INFO: [ app_begin ] --END-- [ RunTime:0.000800s ]
INFO: [ view_parse ] --START--
INFO: [ template_filter ] --START--
INFO: Run Behavior\ContentReplaceBehavior [ RunTime:0.000118s ]
INFO: [ template_filter ] --END-- [ RunTime:0.000163s ]
NOTIC: [8] Undefined variable: findnum C:\xampp\htdocs\diuba\App\Runtime\Cache\Home\00e52909bed743ea261af4b6823297ff.php 第 142 行.
NOTIC: [8] Undefined variable: lostnum C:\xampp\htdocs\diuba\App\Runtime\Cache\Home\00e52909bed743ea261af4b6823297ff.php 第 143 行.
NOTIC: [8] Undefined variable: all C:\xampp\htdocs\diuba\App\Runtime\Cache\Home\00e52909bed743ea261af4b6823297ff.php 第 144 行.
NOTIC: [8] Undefined variable: lostlist C:\xampp\htdocs\diuba\App\Runtime\Cache\Home\00e52909bed743ea261af4b6823297ff.php 第 162 行.
NOTIC: [8] Undefined variable: findlist C:\xampp\htdocs\diuba\App\Runtime\Cache\Home\00e52909bed743ea261af4b6823297ff.php 第 190 行.
INFO: Run Behavior\ParseTemplateBehavior [ RunTime:0.012251s ]
INFO: [ view_parse ] --END-- [ RunTime:0.012300s ]
INFO: [ view_filter ] --START--
INFO: Run Behavior\WriteHtmlCacheBehavior [ RunTime:0.000741s ]
INFO: [ view_filter ] --END-- [ RunTime:0.000790s ]
INFO: [ app_end ] --START--
INFO: Run Behavior\ShowPageTraceBehavior [ RunTime:0.000902s ]
INFO: [ app_end ] --END-- [ RunTime:0.000950s ]

