[ 2016-11-17T14:28:47+08:00 ] ::1 /diuba/
INFO: [ app_init ] --START--
INFO: Run Behavior\BuildLiteBehavior [ RunTime:0.000015s ]
INFO: [ app_init ] --END-- [ RunTime:0.001738s ]
INFO: [ app_begin ] --START--
INFO: Run Behavior\ReadHtmlCacheBehavior [ RunTime:0.001037s ]
INFO: [ app_begin ] --END-- [ RunTime:0.001091s ]
INFO: [ view_parse ] --START--
INFO: [ template_filter ] --START--
INFO: Run Behavior\ContentReplaceBehavior [ RunTime:0.001655s ]
INFO: [ template_filter ] --END-- [ RunTime:0.001762s ]
NOTIC: [8] Undefined variable: findnum C:\xampp\htdocs\diuba\App\Runtime\Cache\Home\00e52909bed743ea261af4b6823297ff.php 第 142 行.
NOTIC: [8] Undefined variable: lostnum C:\xampp\htdocs\diuba\App\Runtime\Cache\Home\00e52909bed743ea261af4b6823297ff.php 第 143 行.
NOTIC: [8] Undefined variable: all C:\xampp\htdocs\diuba\App\Runtime\Cache\Home\00e52909bed743ea261af4b6823297ff.php 第 144 行.
NOTIC: [8] Undefined variable: lostlist C:\xampp\htdocs\diuba\App\Runtime\Cache\Home\00e52909bed743ea261af4b6823297ff.php 第 162 行.
NOTIC: [8] Undefined variable: findlist C:\xampp\htdocs\diuba\App\Runtime\Cache\Home\00e52909bed743ea261af4b6823297ff.php 第 190 行.
INFO: Run Behavior\ParseTemplateBehavior [ RunTime:0.021099s ]
INFO: [ view_parse ] --END-- [ RunTime:0.021157s ]
INFO: [ view_filter ] --START--
INFO: Run Behavior\WriteHtmlCacheBehavior [ RunTime:0.000807s ]
INFO: [ view_filter ] --END-- [ RunTime:0.000844s ]
INFO: [ app_end ] --START--
INFO: Run Behavior\ShowPageTraceBehavior [ RunTime:0.001154s ]
INFO: [ app_end ] --END-- [ RunTime:0.001212s ]

[ 2016-11-17T14:54:10+08:00 ] ::1 /diuba/
INFO: [ app_init ] --START--
INFO: Run Behavior\BuildLiteBehavior [ RunTime:0.000010s ]
INFO: [ app_init ] --END-- [ RunTime:0.000273s ]
INFO: [ app_begin ] --START--
INFO: Run Behavior\ReadHtmlCacheBehavior [ RunTime:0.000443s ]
INFO: [ app_begin ] --END-- [ RunTime:0.000478s ]
INFO: [ view_parse ] --START--
INFO: [ template_filter ] --START--
INFO: Run Behavior\ContentReplaceBehavior [ RunTime:0.000112s ]
INFO: [ template_filter ] --END-- [ RunTime:0.000150s ]
NOTIC: [8] Undefined variable: findnum C:\xampp\htdocs\diuba\App\Runtime\Cache\Home\00e52909bed743ea261af4b6823297ff.php 第 142 行.
NOTIC: [8] Undefined variable: lostnum C:\xampp\htdocs\diuba\App\Runtime\Cache\Home\00e52909bed743ea261af4b6823297ff.php 第 143 行.
NOTIC: [8] Undefined variable: all C:\xampp\htdocs\diuba\App\Runtime\Cache\Home\00e52909bed743ea261af4b6823297ff.php 第 144 行.
NOTIC: [8] Undefined variable: lostlist C:\xampp\htdocs\diuba\App\Runtime\Cache\Home\00e52909bed743ea261af4b6823297ff.php 第 162 行.
NOTIC: [8] Undefined variable: findlist C:\xampp\htdocs\diuba\App\Runtime\Cache\Home\00e52909bed743ea261af4b6823297ff.php 第 190 行.
INFO: Run Behavior\ParseTemplateBehavior [ RunTime:0.008219s ]
INFO: [ view_parse ] --END-- [ RunTime:0.008251s ]
INFO: [ view_filter ] --START--
INFO: Run Behavior\WriteHtmlCacheBehavior [ RunTime:0.000300s ]
INFO: [ view_filter ] --END-- [ RunTime:0.000326s ]
INFO: [ app_end ] --START--
INFO: Run Behavior\ShowPageTraceBehavior [ RunTime:0.000457s ]
INFO: [ app_end ] --END-- [ RunTime:0.000492s ]

[ 2016-11-17T15:54:39+08:00 ] ::1 /diuba/
INFO: [ app_init ] --START--
INFO: Run Behavior\BuildLiteBehavior [ RunTime:0.000013s ]
INFO: [ app_init ] --END-- [ RunTime:0.000776s ]
INFO: [ app_begin ] --START--
INFO: Run Behavior\ReadHtmlCacheBehavior [ RunTime:0.000853s ]
INFO: [ app_begin ] --END-- [ RunTime:0.000896s ]
INFO: [ view_parse ] --START--
INFO: [ template_filter ] --START--
INFO: Run Behavior\ContentReplaceBehavior [ RunTime:0.000304s ]
INFO: [ template_filter ] --END-- [ RunTime:0.000467s ]
NOTIC: [8] Undefined variable: findnum C:\xampp\htdocs\diuba\App\Runtime\Cache\Home\00e52909bed743ea261af4b6823297ff.php 第 142 行.
NOTIC: [8] Undefined variable: lostnum C:\xampp\htdocs\diuba\App\Runtime\Cache\Home\00e52909bed743ea261af4b6823297ff.php 第 143 行.
NOTIC: [8] Undefined variable: all C:\xampp\htdocs\diuba\App\Runtime\Cache\Home\00e52909bed743ea261af4b6823297ff.php 第 144 行.
NOTIC: [8] Undefined variable: lostlist C:\xampp\htdocs\diuba\App\Runtime\Cache\Home\00e52909bed743ea261af4b6823297ff.php 第 162 行.
NOTIC: [8] Undefined variable: findlist C:\xampp\htdocs\diuba\App\Runtime\Cache\Home\00e52909bed743ea261af4b6823297ff.php 第 190 行.
INFO: Run Behavior\ParseTemplateBehavior [ RunTime:0.016561s ]
INFO: [ view_parse ] --END-- [ RunTime:0.016623s ]
INFO: [ view_filter ] --START--
INFO: Run Behavior\WriteHtmlCacheBehavior [ RunTime:0.000826s ]
INFO: [ view_filter ] --END-- [ RunTime:0.000869s ]
INFO: [ app_end ] --START--
INFO: Run Behavior\ShowPageTraceBehavior [ RunTime:0.000934s ]
INFO: [ app_end ] --END-- [ RunTime:0.001068s ]

