[ 2016-10-21T13:25:55+08:00 ] 127.0.0.1 /diuba/
INFO: [ app_init ] --START--
INFO: Run Behavior\BuildLiteBehavior [ RunTime:0.000027s ]
INFO: [ app_init ] --END-- [ RunTime:0.001571s ]
INFO: [ app_begin ] --START--
INFO: Run Behavior\ReadHtmlCacheBehavior [ RunTime:0.001286s ]
INFO: [ app_begin ] --END-- [ RunTime:0.001474s ]
NOTIC: [8] Undefined index: id C:\wamp\www\diuba\App\Home\Controller\IndexController.class.php 第 6 行.
SQL: SHOW COLUMNS FROM `diuba_lost` [ RunTime:0.0154s ]
SQL: SHOW COLUMNS FROM `diuba_find` [ RunTime:0.0074s ]
SQL: SELECT * FROM `diuba_lost` ORDER BY id   [ RunTime:0.0010s ]
SQL: SELECT * FROM `diuba_find` ORDER BY id   [ RunTime:0.0005s ]
SQL: SELECT * FROM `diuba_lost` WHERE ( isfinish=0 ) ORDER BY isfirst desc,id desc LIMIT 4   [ RunTime:0.0024s ]
SQL: SELECT * FROM `diuba_find` WHERE ( isfinish=0 ) ORDER BY id desc LIMIT 4   [ RunTime:0.0006s ]
INFO: [ view_parse ] --START--
INFO: [ template_filter ] --START--
INFO: Run Behavior\ContentReplaceBehavior [ RunTime:0.000379s ]
INFO: [ template_filter ] --END-- [ RunTime:0.000480s ]
NOTIC: [8] Undefined variable: findnum C:\wamp\www\diuba\App\Runtime\Cache\Home\00e52909bed743ea261af4b6823297ff.php 第 142 行.
NOTIC: [8] Undefined variable: lostnum C:\wamp\www\diuba\App\Runtime\Cache\Home\00e52909bed743ea261af4b6823297ff.php 第 143 行.
NOTIC: [8] Undefined variable: all C:\wamp\www\diuba\App\Runtime\Cache\Home\00e52909bed743ea261af4b6823297ff.php 第 144 行.
INFO: Run Behavior\ParseTemplateBehavior [ RunTime:0.025220s ]
INFO: [ view_parse ] --END-- [ RunTime:0.025320s ]
INFO: [ view_filter ] --START--
INFO: Run Behavior\WriteHtmlCacheBehavior [ RunTime:0.000930s ]
INFO: [ view_filter ] --END-- [ RunTime:0.001014s ]
INFO: [ app_end ] --START--
INFO: Run Behavior\ShowPageTraceBehavior [ RunTime:0.000890s ]
INFO: [ app_end ] --END-- [ RunTime:0.000984s ]

[ 2016-10-21T13:25:57+08:00 ] 127.0.0.1 /diuba/Home/Users/login.html
INFO: [ app_init ] --START--
INFO: Run Behavior\BuildLiteBehavior [ RunTime:0.000020s ]
INFO: [ app_init ] --END-- [ RunTime:0.000368s ]
INFO: [ app_begin ] --START--
INFO: Run Behavior\ReadHtmlCacheBehavior [ RunTime:0.000529s ]
INFO: [ app_begin ] --END-- [ RunTime:0.000624s ]
INFO: [ view_parse ] --START--
INFO: [ template_filter ] --START--
INFO: Run Behavior\ContentReplaceBehavior [ RunTime:0.000088s ]
INFO: [ template_filter ] --END-- [ RunTime:0.000179s ]
INFO: Run Behavior\ParseTemplateBehavior [ RunTime:0.005833s ]
INFO: [ view_parse ] --END-- [ RunTime:0.005932s ]
INFO: [ view_filter ] --START--
INFO: Run Behavior\WriteHtmlCacheBehavior [ RunTime:0.000285s ]
INFO: [ view_filter ] --END-- [ RunTime:0.000363s ]
INFO: [ app_end ] --START--
INFO: Run Behavior\ShowPageTraceBehavior [ RunTime:0.000467s ]
INFO: [ app_end ] --END-- [ RunTime:0.000546s ]

[ 2016-10-21T13:26:03+08:00 ] 127.0.0.1 /diuba/Home/Users/reg.html
INFO: [ app_init ] --START--
INFO: Run Behavior\BuildLiteBehavior [ RunTime:0.000021s ]
INFO: [ app_init ] --END-- [ RunTime:0.000451s ]
INFO: [ app_begin ] --START--
INFO: Run Behavior\ReadHtmlCacheBehavior [ RunTime:0.000566s ]
INFO: [ app_begin ] --END-- [ RunTime:0.000657s ]
INFO: [ view_parse ] --START--
INFO: [ template_filter ] --START--
INFO: Run Behavior\ContentReplaceBehavior [ RunTime:0.000129s ]
INFO: [ template_filter ] --END-- [ RunTime:0.000231s ]
NOTIC: [8] Use of undefined constant register - assumed 'register' C:\wamp\www\diuba\App\Runtime\Cache\Home\cadf8ee5853ee307883d6c8704e48fa4.php 第 105 行.
INFO: Run Behavior\ParseTemplateBehavior [ RunTime:0.014115s ]
INFO: [ view_parse ] --END-- [ RunTime:0.014212s ]
INFO: [ view_filter ] --START--
INFO: Run Behavior\WriteHtmlCacheBehavior [ RunTime:0.000386s ]
INFO: [ view_filter ] --END-- [ RunTime:0.000462s ]
INFO: [ app_end ] --START--
INFO: Run Behavior\ShowPageTraceBehavior [ RunTime:0.000561s ]
INFO: [ app_end ] --END-- [ RunTime:0.000647s ]

[ 2016-10-21T13:26:30+08:00 ] 127.0.0.1 /diuba/Home/Users/login.html
INFO: [ app_init ] --START--
INFO: Run Behavior\BuildLiteBehavior [ RunTime:0.000020s ]
INFO: [ app_init ] --END-- [ RunTime:0.000456s ]
INFO: [ app_begin ] --START--
INFO: Run Behavior\ReadHtmlCacheBehavior [ RunTime:0.000589s ]
INFO: [ app_begin ] --END-- [ RunTime:0.000680s ]
INFO: [ view_parse ] --START--
INFO: [ template_filter ] --START--
INFO: Run Behavior\ContentReplaceBehavior [ RunTime:0.000089s ]
INFO: [ template_filter ] --END-- [ RunTime:0.000186s ]
INFO: Run Behavior\ParseTemplateBehavior [ RunTime:0.011751s ]
INFO: [ view_parse ] --END-- [ RunTime:0.011848s ]
INFO: [ view_filter ] --START--
INFO: Run Behavior\WriteHtmlCacheBehavior [ RunTime:0.000387s ]
INFO: [ view_filter ] --END-- [ RunTime:0.000463s ]
INFO: [ app_end ] --START--
INFO: Run Behavior\ShowPageTraceBehavior [ RunTime:0.000550s ]
INFO: [ app_end ] --END-- [ RunTime:0.000631s ]

[ 2016-10-21T13:26:35+08:00 ] 127.0.0.1 /diuba/Home/Users/index-2.html
INFO: [ app_init ] --START--
INFO: Run Behavior\BuildLiteBehavior [ RunTime:0.000020s ]
INFO: [ app_init ] --END-- [ RunTime:0.000425s ]
INFO: [ app_begin ] --START--
INFO: Run Behavior\ReadHtmlCacheBehavior [ RunTime:0.000545s ]
INFO: [ app_begin ] --END-- [ RunTime:0.000631s ]
ERR: 非法操作:index-2

[ 2016-10-21T13:28:06+08:00 ] 127.0.0.1 /diuba/Home/Users/login.html
INFO: [ app_init ] --START--
INFO: Run Behavior\BuildLiteBehavior [ RunTime:0.000022s ]
INFO: [ app_init ] --END-- [ RunTime:0.000566s ]
INFO: [ app_begin ] --START--
INFO: Run Behavior\ReadHtmlCacheBehavior [ RunTime:0.000616s ]
INFO: [ app_begin ] --END-- [ RunTime:0.000709s ]
INFO: [ view_parse ] --START--
INFO: [ template_filter ] --START--
INFO: Run Behavior\ContentReplaceBehavior [ RunTime:0.000093s ]
INFO: [ template_filter ] --END-- [ RunTime:0.000196s ]
INFO: Run Behavior\ParseTemplateBehavior [ RunTime:0.011680s ]
INFO: [ view_parse ] --END-- [ RunTime:0.011784s ]
INFO: [ view_filter ] --START--
INFO: Run Behavior\WriteHtmlCacheBehavior [ RunTime:0.000491s ]
INFO: [ view_filter ] --END-- [ RunTime:0.000576s ]
INFO: [ app_end ] --START--
INFO: Run Behavior\ShowPageTraceBehavior [ RunTime:0.000684s ]
INFO: [ app_end ] --END-- [ RunTime:0.000771s ]

[ 2016-10-21T13:29:52+08:00 ] 127.0.0.1 /diuba/Home/Users/index-2.html
INFO: [ app_init ] --START--
INFO: Run Behavior\BuildLiteBehavior [ RunTime:0.000023s ]
INFO: [ app_init ] --END-- [ RunTime:0.000564s ]
INFO: [ app_begin ] --START--
INFO: Run Behavior\ReadHtmlCacheBehavior [ RunTime:0.000847s ]
INFO: [ app_begin ] --END-- [ RunTime:0.000967s ]
ERR: 非法操作:index-2

[ 2016-10-21T13:30:33+08:00 ] 127.0.0.1 /diuba/Home/Users/login.html
INFO: [ app_init ] --START--
INFO: Run Behavior\BuildLiteBehavior [ RunTime:0.000021s ]
INFO: [ app_init ] --END-- [ RunTime:0.000545s ]
INFO: [ app_begin ] --START--
INFO: Run Behavior\ReadHtmlCacheBehavior [ RunTime:0.000696s ]
INFO: [ app_begin ] --END-- [ RunTime:0.000825s ]
INFO: [ view_parse ] --START--
INFO: [ template_filter ] --START--
INFO: Run Behavior\ContentReplaceBehavior [ RunTime:0.000099s ]
INFO: [ template_filter ] --END-- [ RunTime:0.000253s ]
INFO: Run Behavior\ParseTemplateBehavior [ RunTime:0.006614s ]
INFO: [ view_parse ] --END-- [ RunTime:0.006740s ]
INFO: [ view_filter ] --START--
INFO: Run Behavior\WriteHtmlCacheBehavior [ RunTime:0.000580s ]
INFO: [ view_filter ] --END-- [ RunTime:0.000675s ]
INFO: [ app_end ] --START--
INFO: Run Behavior\ShowPageTraceBehavior [ RunTime:0.000694s ]
INFO: [ app_end ] --END-- [ RunTime:0.000784s ]

[ 2016-10-21T13:30:35+08:00 ] 127.0.0.1 /diuba/Home/Users/index.html
INFO: [ app_init ] --START--
INFO: Run Behavior\BuildLiteBehavior [ RunTime:0.000024s ]
INFO: [ app_init ] --END-- [ RunTime:0.000557s ]
INFO: [ app_begin ] --START--
INFO: Run Behavior\ReadHtmlCacheBehavior [ RunTime:0.000580s ]
INFO: [ app_begin ] --END-- [ RunTime:0.000674s ]
ERR: 非法操作:index

[ 2016-10-21T13:30:47+08:00 ] 127.0.0.1 /diuba/Home/Users/login.html
INFO: [ app_init ] --START--
INFO: Run Behavior\BuildLiteBehavior [ RunTime:0.000036s ]
INFO: [ app_init ] --END-- [ RunTime:0.000531s ]
INFO: [ app_begin ] --START--
INFO: Run Behavior\ReadHtmlCacheBehavior [ RunTime:0.000832s ]
INFO: [ app_begin ] --END-- [ RunTime:0.000965s ]
INFO: [ view_parse ] --START--
INFO: [ template_filter ] --START--
INFO: Run Behavior\ContentReplaceBehavior [ RunTime:0.000093s ]
INFO: [ template_filter ] --END-- [ RunTime:0.000200s ]
INFO: Run Behavior\ParseTemplateBehavior [ RunTime:0.006331s ]
INFO: [ view_parse ] --END-- [ RunTime:0.006446s ]
INFO: [ view_filter ] --START--
INFO: Run Behavior\WriteHtmlCacheBehavior [ RunTime:0.000456s ]
INFO: [ view_filter ] --END-- [ RunTime:0.000583s ]
INFO: [ app_end ] --START--
INFO: Run Behavior\ShowPageTraceBehavior [ RunTime:0.000741s ]
INFO: [ app_end ] --END-- [ RunTime:0.000868s ]

[ 2016-10-21T13:31:30+08:00 ] 127.0.0.1 /diuba/Home/Users/reg.html
INFO: [ app_init ] --START--
INFO: Run Behavior\BuildLiteBehavior [ RunTime:0.000020s ]
INFO: [ app_init ] --END-- [ RunTime:0.000504s ]
INFO: [ app_begin ] --START--
INFO: Run Behavior\ReadHtmlCacheBehavior [ RunTime:0.000598s ]
INFO: [ app_begin ] --END-- [ RunTime:0.000692s ]
INFO: [ view_parse ] --START--
INFO: [ template_filter ] --START--
INFO: Run Behavior\ContentReplaceBehavior [ RunTime:0.000124s ]
INFO: [ template_filter ] --END-- [ RunTime:0.000233s ]
NOTIC: [8] Use of undefined constant register - assumed 'register' C:\wamp\www\diuba\App\Runtime\Cache\Home\cadf8ee5853ee307883d6c8704e48fa4.php 第 105 行.
INFO: Run Behavior\ParseTemplateBehavior [ RunTime:0.008714s ]
INFO: [ view_parse ] --END-- [ RunTime:0.008803s ]
INFO: [ view_filter ] --START--
INFO: Run Behavior\WriteHtmlCacheBehavior [ RunTime:0.000421s ]
INFO: [ view_filter ] --END-- [ RunTime:0.000504s ]
INFO: [ app_end ] --START--
INFO: Run Behavior\ShowPageTraceBehavior [ RunTime:0.000630s ]
INFO: [ app_end ] --END-- [ RunTime:0.000716s ]

[ 2016-10-21T13:31:58+08:00 ] 127.0.0.1 /diuba/Home/Users/register.html
INFO: [ app_init ] --START--
INFO: Run Behavior\BuildLiteBehavior [ RunTime:0.000021s ]
INFO: [ app_init ] --END-- [ RunTime:0.000490s ]
INFO: [ app_begin ] --START--
INFO: Run Behavior\ReadHtmlCacheBehavior [ RunTime:0.000569s ]
INFO: [ app_begin ] --END-- [ RunTime:0.000660s ]
SQL: SHOW COLUMNS FROM `diuba_users` [ RunTime:0.0061s ]
SQL: INSERT INTO `diuba_users` (`telephone`,`aliasname`,`password`) VALUES ('12312412312','123qwe','123') [ RunTime:0.0102s ]
INFO: [ view_parse ] --START--
INFO: [ template_filter ] --START--
INFO: Run Behavior\ContentReplaceBehavior [ RunTime:0.000068s ]
INFO: [ template_filter ] --END-- [ RunTime:0.000190s ]
INFO: Run Behavior\ParseTemplateBehavior [ RunTime:0.006032s ]
INFO: [ view_parse ] --END-- [ RunTime:0.006138s ]
INFO: [ view_filter ] --START--
INFO: Run Behavior\WriteHtmlCacheBehavior [ RunTime:0.000432s ]
INFO: [ view_filter ] --END-- [ RunTime:0.000512s ]
INFO: [ app_end ] --START--
INFO: Run Behavior\ShowPageTraceBehavior [ RunTime:0.000600s ]
INFO: [ app_end ] --END-- [ RunTime:0.000682s ]

[ 2016-10-21T13:31:59+08:00 ] 127.0.0.1 /diuba/Home/Users/login
INFO: [ app_init ] --START--
INFO: Run Behavior\BuildLiteBehavior [ RunTime:0.000021s ]
INFO: [ app_init ] --END-- [ RunTime:0.000476s ]
INFO: [ app_begin ] --START--
INFO: Run Behavior\ReadHtmlCacheBehavior [ RunTime:0.001029s ]
INFO: [ app_begin ] --END-- [ RunTime:0.001146s ]
INFO: [ view_parse ] --START--
INFO: [ template_filter ] --START--
INFO: Run Behavior\ContentReplaceBehavior [ RunTime:0.000087s ]
INFO: [ template_filter ] --END-- [ RunTime:0.000178s ]
INFO: Run Behavior\ParseTemplateBehavior [ RunTime:0.006063s ]
INFO: [ view_parse ] --END-- [ RunTime:0.006164s ]
INFO: [ view_filter ] --START--
INFO: Run Behavior\WriteHtmlCacheBehavior [ RunTime:0.000415s ]
INFO: [ view_filter ] --END-- [ RunTime:0.000497s ]
INFO: [ app_end ] --START--
INFO: Run Behavior\ShowPageTraceBehavior [ RunTime:0.000598s ]
INFO: [ app_end ] --END-- [ RunTime:0.000682s ]

[ 2016-10-21T13:32:05+08:00 ] 127.0.0.1 /diuba/Home/Users/login
INFO: [ app_init ] --START--
INFO: Run Behavior\BuildLiteBehavior [ RunTime:0.000020s ]
INFO: [ app_init ] --END-- [ RunTime:0.000517s ]
INFO: [ app_begin ] --START--
INFO: Run Behavior\ReadHtmlCacheBehavior [ RunTime:0.000661s ]
INFO: [ app_begin ] --END-- [ RunTime:0.000751s ]
INFO: [ view_parse ] --START--
INFO: [ template_filter ] --START--
INFO: Run Behavior\ContentReplaceBehavior [ RunTime:0.000090s ]
INFO: [ template_filter ] --END-- [ RunTime:0.000186s ]
INFO: Run Behavior\ParseTemplateBehavior [ RunTime:0.012399s ]
INFO: [ view_parse ] --END-- [ RunTime:0.012509s ]
INFO: [ view_filter ] --START--
INFO: Run Behavior\WriteHtmlCacheBehavior [ RunTime:0.000516s ]
INFO: [ view_filter ] --END-- [ RunTime:0.000596s ]
INFO: [ app_end ] --START--
INFO: Run Behavior\ShowPageTraceBehavior [ RunTime:0.000674s ]
INFO: [ app_end ] --END-- [ RunTime:0.000759s ]

[ 2016-10-21T13:32:07+08:00 ] 127.0.0.1 /diuba/Home/Users/login
INFO: [ app_init ] --START--
INFO: Run Behavior\BuildLiteBehavior [ RunTime:0.000021s ]
INFO: [ app_init ] --END-- [ RunTime:0.000523s ]
INFO: [ app_begin ] --START--
INFO: Run Behavior\ReadHtmlCacheBehavior [ RunTime:0.000614s ]
INFO: [ app_begin ] --END-- [ RunTime:0.000709s ]
INFO: [ view_parse ] --START--
INFO: [ template_filter ] --START--
INFO: Run Behavior\ContentReplaceBehavior [ RunTime:0.000086s ]
INFO: [ template_filter ] --END-- [ RunTime:0.000176s ]
INFO: Run Behavior\ParseTemplateBehavior [ RunTime:0.005926s ]
INFO: [ view_parse ] --END-- [ RunTime:0.006029s ]
INFO: [ view_filter ] --START--
INFO: Run Behavior\WriteHtmlCacheBehavior [ RunTime:0.000408s ]
INFO: [ view_filter ] --END-- [ RunTime:0.000489s ]
INFO: [ app_end ] --START--
INFO: Run Behavior\ShowPageTraceBehavior [ RunTime:0.000584s ]
INFO: [ app_end ] --END-- [ RunTime:0.000669s ]

[ 2016-10-21T13:32:09+08:00 ] 127.0.0.1 /diuba/Home/Users/login
INFO: [ app_init ] --START--
INFO: Run Behavior\BuildLiteBehavior [ RunTime:0.000022s ]
INFO: [ app_init ] --END-- [ RunTime:0.000457s ]
INFO: [ app_begin ] --START--
INFO: Run Behavior\ReadHtmlCacheBehavior [ RunTime:0.000559s ]
INFO: [ app_begin ] --END-- [ RunTime:0.000659s ]
INFO: [ view_parse ] --START--
INFO: [ template_filter ] --START--
INFO: Run Behavior\ContentReplaceBehavior [ RunTime:0.000094s ]
INFO: [ template_filter ] --END-- [ RunTime:0.000204s ]
INFO: Run Behavior\ParseTemplateBehavior [ RunTime:0.006890s ]
INFO: [ view_parse ] --END-- [ RunTime:0.007004s ]
INFO: [ view_filter ] --START--
INFO: Run Behavior\WriteHtmlCacheBehavior [ RunTime:0.000381s ]
INFO: [ view_filter ] --END-- [ RunTime:0.000468s ]
INFO: [ app_end ] --START--
INFO: Run Behavior\ShowPageTraceBehavior [ RunTime:0.000559s ]
INFO: [ app_end ] --END-- [ RunTime:0.000648s ]

[ 2016-10-21T13:32:11+08:00 ] 127.0.0.1 /diuba/Home/Users/login
INFO: [ app_init ] --START--
INFO: Run Behavior\BuildLiteBehavior [ RunTime:0.000021s ]
INFO: [ app_init ] --END-- [ RunTime:0.000502s ]
INFO: [ app_begin ] --START--
INFO: Run Behavior\ReadHtmlCacheBehavior [ RunTime:0.000590s ]
INFO: [ app_begin ] --END-- [ RunTime:0.000679s ]
INFO: [ view_parse ] --START--
INFO: [ template_filter ] --START--
INFO: Run Behavior\ContentReplaceBehavior [ RunTime:0.000087s ]
INFO: [ template_filter ] --END-- [ RunTime:0.000177s ]
INFO: Run Behavior\ParseTemplateBehavior [ RunTime:0.005952s ]
INFO: [ view_parse ] --END-- [ RunTime:0.006095s ]
INFO: [ view_filter ] --START--
INFO: Run Behavior\WriteHtmlCacheBehavior [ RunTime:0.001929s ]
INFO: [ view_filter ] --END-- [ RunTime:0.002104s ]
INFO: [ app_end ] --START--
INFO: Run Behavior\ShowPageTraceBehavior [ RunTime:0.000566s ]
INFO: [ app_end ] --END-- [ RunTime:0.000650s ]

[ 2016-10-21T13:32:24+08:00 ] 127.0.0.1 /diuba/Home/Users/index-2.html
INFO: [ app_init ] --START--
INFO: Run Behavior\BuildLiteBehavior [ RunTime:0.000021s ]
INFO: [ app_init ] --END-- [ RunTime:0.000772s ]
INFO: [ app_begin ] --START--
INFO: Run Behavior\ReadHtmlCacheBehavior [ RunTime:0.000588s ]
INFO: [ app_begin ] --END-- [ RunTime:0.000713s ]
ERR: 非法操作:index-2

[ 2016-10-21T13:34:09+08:00 ] 127.0.0.1 /diuba/Home/Users/login
INFO: [ app_init ] --START--
INFO: Run Behavior\BuildLiteBehavior [ RunTime:0.000023s ]
INFO: [ app_init ] --END-- [ RunTime:0.000521s ]
INFO: [ app_begin ] --START--
INFO: Run Behavior\ReadHtmlCacheBehavior [ RunTime:0.000674s ]
INFO: [ app_begin ] --END-- [ RunTime:0.000770s ]
INFO: [ view_parse ] --START--
INFO: [ template_filter ] --START--
INFO: Run Behavior\ContentReplaceBehavior [ RunTime:0.000091s ]
INFO: [ template_filter ] --END-- [ RunTime:0.000208s ]
INFO: Run Behavior\ParseTemplateBehavior [ RunTime:0.006472s ]
INFO: [ view_parse ] --END-- [ RunTime:0.006574s ]
INFO: [ view_filter ] --START--
INFO: Run Behavior\WriteHtmlCacheBehavior [ RunTime:0.000483s ]
INFO: [ view_filter ] --END-- [ RunTime:0.000565s ]
INFO: [ app_end ] --START--
INFO: Run Behavior\ShowPageTraceBehavior [ RunTime:0.000666s ]
INFO: [ app_end ] --END-- [ RunTime:0.000752s ]

[ 2016-10-21T13:35:15+08:00 ] 127.0.0.1 /diuba/Home/Users/login
INFO: [ app_init ] --START--
INFO: Run Behavior\BuildLiteBehavior [ RunTime:0.000024s ]
INFO: [ app_init ] --END-- [ RunTime:0.000492s ]
INFO: [ app_begin ] --START--
INFO: Run Behavior\ReadHtmlCacheBehavior [ RunTime:0.000738s ]
INFO: [ app_begin ] --END-- [ RunTime:0.000853s ]
INFO: [ view_parse ] --START--
INFO: [ template_filter ] --START--
INFO: Run Behavior\ContentReplaceBehavior [ RunTime:0.000091s ]
INFO: [ template_filter ] --END-- [ RunTime:0.000187s ]
INFO: Run Behavior\ParseTemplateBehavior [ RunTime:0.006927s ]
INFO: [ view_parse ] --END-- [ RunTime:0.007041s ]
INFO: [ view_filter ] --START--
INFO: Run Behavior\WriteHtmlCacheBehavior [ RunTime:0.000459s ]
INFO: [ view_filter ] --END-- [ RunTime:0.000543s ]
INFO: [ app_end ] --START--
INFO: Run Behavior\ShowPageTraceBehavior [ RunTime:0.000621s ]
INFO: [ app_end ] --END-- [ RunTime:0.000710s ]

[ 2016-10-21T13:42:49+08:00 ] 127.0.0.1 /diuba/Home/Users/login
INFO: [ app_init ] --START--
INFO: Run Behavior\BuildLiteBehavior [ RunTime:0.000024s ]
INFO: [ app_init ] --END-- [ RunTime:0.000653s ]
INFO: [ app_begin ] --START--
INFO: Run Behavior\ReadHtmlCacheBehavior [ RunTime:0.000677s ]
INFO: [ app_begin ] --END-- [ RunTime:0.000769s ]

[ 2016-10-21T13:42:55+08:00 ] 127.0.0.1 /diuba/
INFO: [ app_init ] --START--
INFO: Run Behavior\BuildLiteBehavior [ RunTime:0.000021s ]
INFO: [ app_init ] --END-- [ RunTime:0.000487s ]
INFO: [ app_begin ] --START--
INFO: Run Behavior\ReadHtmlCacheBehavior [ RunTime:0.000562s ]
INFO: [ app_begin ] --END-- [ RunTime:0.000651s ]
NOTIC: [8] Undefined index: id C:\wamp\www\diuba\App\Home\Controller\IndexController.class.php 第 6 行.
SQL: SHOW COLUMNS FROM `diuba_lost` [ RunTime:0.0043s ]
SQL: SHOW COLUMNS FROM `diuba_find` [ RunTime:0.0043s ]
SQL: SELECT * FROM `diuba_lost` ORDER BY id   [ RunTime:0.0005s ]
SQL: SELECT * FROM `diuba_find` ORDER BY id   [ RunTime:0.0004s ]
SQL: SELECT * FROM `diuba_lost` WHERE ( isfinish=0 ) ORDER BY isfirst desc,id desc LIMIT 4   [ RunTime:0.0005s ]
SQL: SELECT * FROM `diuba_find` WHERE ( isfinish=0 ) ORDER BY id desc LIMIT 4   [ RunTime:0.0004s ]
INFO: [ view_parse ] --START--
INFO: [ template_filter ] --START--
INFO: Run Behavior\ContentReplaceBehavior [ RunTime:0.000131s ]
INFO: [ template_filter ] --END-- [ RunTime:0.000219s ]
NOTIC: [8] Undefined variable: findnum C:\wamp\www\diuba\App\Runtime\Cache\Home\00e52909bed743ea261af4b6823297ff.php 第 142 行.
NOTIC: [8] Undefined variable: lostnum C:\wamp\www\diuba\App\Runtime\Cache\Home\00e52909bed743ea261af4b6823297ff.php 第 143 行.
NOTIC: [8] Undefined variable: all C:\wamp\www\diuba\App\Runtime\Cache\Home\00e52909bed743ea261af4b6823297ff.php 第 144 行.
INFO: Run Behavior\ParseTemplateBehavior [ RunTime:0.012608s ]
INFO: [ view_parse ] --END-- [ RunTime:0.012697s ]
INFO: [ view_filter ] --START--
INFO: Run Behavior\WriteHtmlCacheBehavior [ RunTime:0.000494s ]
INFO: [ view_filter ] --END-- [ RunTime:0.000573s ]
INFO: [ app_end ] --START--
INFO: Run Behavior\ShowPageTraceBehavior [ RunTime:0.000662s ]
INFO: [ app_end ] --END-- [ RunTime:0.000745s ]

[ 2016-10-21T13:42:56+08:00 ] 127.0.0.1 /diuba/Home/Users/reg.html
INFO: [ app_init ] --START--
INFO: Run Behavior\BuildLiteBehavior [ RunTime:0.000021s ]
INFO: [ app_init ] --END-- [ RunTime:0.000419s ]
INFO: [ app_begin ] --START--
INFO: Run Behavior\ReadHtmlCacheBehavior [ RunTime:0.000536s ]
INFO: [ app_begin ] --END-- [ RunTime:0.000634s ]

[ 2016-10-21T13:43:11+08:00 ] 127.0.0.1 /diuba/Home/Users/reg.html
INFO: [ app_init ] --START--
INFO: Run Behavior\BuildLiteBehavior [ RunTime:0.000021s ]
INFO: [ app_init ] --END-- [ RunTime:0.000510s ]
INFO: [ app_begin ] --START--
INFO: Run Behavior\ReadHtmlCacheBehavior [ RunTime:0.000657s ]
INFO: [ app_begin ] --END-- [ RunTime:0.000749s ]

[ 2016-10-21T13:43:23+08:00 ] 127.0.0.1 /diuba/Home/Users/reg.html
INFO: [ app_init ] --START--
INFO: Run Behavior\BuildLiteBehavior [ RunTime:0.000019s ]
INFO: [ app_init ] --END-- [ RunTime:0.000524s ]
INFO: [ app_begin ] --START--
INFO: Run Behavior\ReadHtmlCacheBehavior [ RunTime:0.000709s ]
INFO: [ app_begin ] --END-- [ RunTime:0.000809s ]

[ 2016-10-21T13:43:24+08:00 ] 127.0.0.1 /diuba/Home/Users/reg.html
INFO: [ app_init ] --START--
INFO: Run Behavior\BuildLiteBehavior [ RunTime:0.000021s ]
INFO: [ app_init ] --END-- [ RunTime:0.000503s ]
INFO: [ app_begin ] --START--
INFO: Run Behavior\ReadHtmlCacheBehavior [ RunTime:0.000587s ]
INFO: [ app_begin ] --END-- [ RunTime:0.000683s ]

[ 2016-10-21T13:43:36+08:00 ] 127.0.0.1 /diuba/Home/Users/reg.html
INFO: [ app_init ] --START--
INFO: Run Behavior\BuildLiteBehavior [ RunTime:0.000024s ]
INFO: [ app_init ] --END-- [ RunTime:0.000552s ]
INFO: [ app_begin ] --START--
INFO: Run Behavior\ReadHtmlCacheBehavior [ RunTime:0.000632s ]
INFO: [ app_begin ] --END-- [ RunTime:0.000722s ]

[ 2016-10-21T13:43:37+08:00 ] 127.0.0.1 /diuba/Home/Users/reg.html
INFO: [ app_init ] --START--
INFO: Run Behavior\BuildLiteBehavior [ RunTime:0.000020s ]
INFO: [ app_init ] --END-- [ RunTime:0.000493s ]
INFO: [ app_begin ] --START--
INFO: Run Behavior\ReadHtmlCacheBehavior [ RunTime:0.000643s ]
INFO: [ app_begin ] --END-- [ RunTime:0.000746s ]

[ 2016-10-21T13:43:37+08:00 ] 127.0.0.1 /diuba/Home/Users/reg.html
INFO: [ app_init ] --START--
INFO: Run Behavior\BuildLiteBehavior [ RunTime:0.000020s ]
INFO: [ app_init ] --END-- [ RunTime:0.000483s ]
INFO: [ app_begin ] --START--
INFO: Run Behavior\ReadHtmlCacheBehavior [ RunTime:0.000572s ]
INFO: [ app_begin ] --END-- [ RunTime:0.000661s ]

[ 2016-10-21T13:44:22+08:00 ] 127.0.0.1 /diuba/Home/Users/reg.html
INFO: [ app_init ] --START--
INFO: Run Behavior\BuildLiteBehavior [ RunTime:0.000020s ]
INFO: [ app_init ] --END-- [ RunTime:0.000507s ]
INFO: [ app_begin ] --START--
INFO: Run Behavior\ReadHtmlCacheBehavior [ RunTime:0.000588s ]
INFO: [ app_begin ] --END-- [ RunTime:0.000676s ]

[ 2016-10-21T13:45:47+08:00 ] 127.0.0.1 /diuba/
INFO: [ app_init ] --START--
INFO: Run Behavior\BuildLiteBehavior [ RunTime:0.000022s ]
INFO: [ app_init ] --END-- [ RunTime:0.000541s ]
INFO: [ app_begin ] --START--
INFO: Run Behavior\ReadHtmlCacheBehavior [ RunTime:0.000654s ]
INFO: [ app_begin ] --END-- [ RunTime:0.000746s ]
NOTIC: [8] Undefined index: id C:\wamp\www\diuba\App\Home\Controller\IndexController.class.php 第 6 行.
SQL: SHOW COLUMNS FROM `diuba_lost` [ RunTime:0.0060s ]
SQL: SHOW COLUMNS FROM `diuba_find` [ RunTime:0.0054s ]
SQL: SELECT * FROM `diuba_lost` ORDER BY id   [ RunTime:0.0006s ]
SQL: SELECT * FROM `diuba_find` ORDER BY id   [ RunTime:0.0005s ]
SQL: SELECT * FROM `diuba_lost` WHERE ( isfinish=0 ) ORDER BY isfirst desc,id desc LIMIT 4   [ RunTime:0.0005s ]
SQL: SELECT * FROM `diuba_find` WHERE ( isfinish=0 ) ORDER BY id desc LIMIT 4   [ RunTime:0.0005s ]
INFO: [ view_parse ] --START--
INFO: [ template_filter ] --START--
INFO: Run Behavior\ContentReplaceBehavior [ RunTime:0.000134s ]
INFO: [ template_filter ] --END-- [ RunTime:0.000227s ]
NOTIC: [8] Undefined variable: findnum C:\wamp\www\diuba\App\Runtime\Cache\Home\00e52909bed743ea261af4b6823297ff.php 第 142 行.
NOTIC: [8] Undefined variable: lostnum C:\wamp\www\diuba\App\Runtime\Cache\Home\00e52909bed743ea261af4b6823297ff.php 第 143 行.
NOTIC: [8] Undefined variable: all C:\wamp\www\diuba\App\Runtime\Cache\Home\00e52909bed743ea261af4b6823297ff.php 第 144 行.
INFO: Run Behavior\ParseTemplateBehavior [ RunTime:0.012417s ]
INFO: [ view_parse ] --END-- [ RunTime:0.012507s ]
INFO: [ view_filter ] --START--
INFO: Run Behavior\WriteHtmlCacheBehavior [ RunTime:0.000535s ]
INFO: [ view_filter ] --END-- [ RunTime:0.000616s ]
INFO: [ app_end ] --START--
INFO: Run Behavior\ShowPageTraceBehavior [ RunTime:0.000691s ]
INFO: [ app_end ] --END-- [ RunTime:0.000778s ]

[ 2016-10-21T13:47:07+08:00 ] 127.0.0.1 /diuba/
INFO: [ app_init ] --START--
INFO: Run Behavior\BuildLiteBehavior [ RunTime:0.000023s ]
INFO: [ app_init ] --END-- [ RunTime:0.000597s ]
INFO: [ app_begin ] --START--
INFO: Run Behavior\ReadHtmlCacheBehavior [ RunTime:0.000681s ]
INFO: [ app_begin ] --END-- [ RunTime:0.000774s ]
NOTIC: [8] Undefined index: id C:\wamp\www\diuba\App\Home\Controller\IndexController.class.php 第 6 行.
SQL: SHOW COLUMNS FROM `diuba_lost` [ RunTime:0.0045s ]
SQL: SHOW COLUMNS FROM `diuba_find` [ RunTime:0.0043s ]
SQL: SELECT * FROM `diuba_lost` ORDER BY id   [ RunTime:0.0005s ]
SQL: SELECT * FROM `diuba_find` ORDER BY id   [ RunTime:0.0004s ]
SQL: SELECT * FROM `diuba_lost` WHERE ( isfinish=0 ) ORDER BY isfirst desc,id desc LIMIT 4   [ RunTime:0.0005s ]
SQL: SELECT * FROM `diuba_find` WHERE ( isfinish=0 ) ORDER BY id desc LIMIT 4   [ RunTime:0.0005s ]
INFO: [ view_parse ] --START--
INFO: [ template_filter ] --START--
INFO: Run Behavior\ContentReplaceBehavior [ RunTime:0.000132s ]
INFO: [ template_filter ] --END-- [ RunTime:0.000220s ]
NOTIC: [8] Undefined variable: findnum C:\wamp\www\diuba\App\Runtime\Cache\Home\00e52909bed743ea261af4b6823297ff.php 第 142 行.
NOTIC: [8] Undefined variable: lostnum C:\wamp\www\diuba\App\Runtime\Cache\Home\00e52909bed743ea261af4b6823297ff.php 第 143 行.
NOTIC: [8] Undefined variable: all C:\wamp\www\diuba\App\Runtime\Cache\Home\00e52909bed743ea261af4b6823297ff.php 第 144 行.
INFO: Run Behavior\ParseTemplateBehavior [ RunTime:0.012957s ]
INFO: [ view_parse ] --END-- [ RunTime:0.013082s ]
INFO: [ view_filter ] --START--
INFO: Run Behavior\WriteHtmlCacheBehavior [ RunTime:0.000488s ]
INFO: [ view_filter ] --END-- [ RunTime:0.000566s ]
INFO: [ app_end ] --START--
INFO: Run Behavior\ShowPageTraceBehavior [ RunTime:0.000679s ]
INFO: [ app_end ] --END-- [ RunTime:0.000764s ]

[ 2016-10-21T13:47:08+08:00 ] 127.0.0.1 /diuba/Home/Users/reg.html
INFO: [ app_init ] --START--
INFO: Run Behavior\BuildLiteBehavior [ RunTime:0.000022s ]
INFO: [ app_init ] --END-- [ RunTime:0.000526s ]
INFO: [ app_begin ] --START--
INFO: Run Behavior\ReadHtmlCacheBehavior [ RunTime:0.000796s ]
INFO: [ app_begin ] --END-- [ RunTime:0.000961s ]

[ 2016-10-21T13:47:14+08:00 ] 127.0.0.1 /diuba/Home/Users/reg.html
INFO: [ app_init ] --START--
INFO: Run Behavior\BuildLiteBehavior [ RunTime:0.000023s ]
INFO: [ app_init ] --END-- [ RunTime:0.000461s ]
INFO: [ app_begin ] --START--
INFO: Run Behavior\ReadHtmlCacheBehavior [ RunTime:0.000658s ]
INFO: [ app_begin ] --END-- [ RunTime:0.000761s ]

[ 2016-10-21T13:49:07+08:00 ] 127.0.0.1 /diuba/
INFO: [ app_init ] --START--
INFO: Run Behavior\BuildLiteBehavior [ RunTime:0.000021s ]
INFO: [ app_init ] --END-- [ RunTime:0.000528s ]
INFO: [ app_begin ] --START--
INFO: Run Behavior\ReadHtmlCacheBehavior [ RunTime:0.000581s ]
INFO: [ app_begin ] --END-- [ RunTime:0.000670s ]
NOTIC: [8] Undefined index: id C:\wamp\www\diuba\App\Home\Controller\IndexController.class.php 第 6 行.
SQL: SHOW COLUMNS FROM `diuba_lost` [ RunTime:0.0045s ]
SQL: SHOW COLUMNS FROM `diuba_find` [ RunTime:0.0043s ]
SQL: SELECT * FROM `diuba_lost` ORDER BY id   [ RunTime:0.0005s ]
SQL: SELECT * FROM `diuba_find` ORDER BY id   [ RunTime:0.0004s ]
SQL: SELECT * FROM `diuba_lost` WHERE ( isfinish=0 ) ORDER BY isfirst desc,id desc LIMIT 4   [ RunTime:0.0005s ]
SQL: SELECT * FROM `diuba_find` WHERE ( isfinish=0 ) ORDER BY id desc LIMIT 4   [ RunTime:0.0004s ]
INFO: [ view_parse ] --START--
INFO: [ template_filter ] --START--
INFO: Run Behavior\ContentReplaceBehavior [ RunTime:0.000135s ]
INFO: [ template_filter ] --END-- [ RunTime:0.000228s ]
NOTIC: [8] Undefined variable: findnum C:\wamp\www\diuba\App\Runtime\Cache\Home\00e52909bed743ea261af4b6823297ff.php 第 142 行.
NOTIC: [8] Undefined variable: lostnum C:\wamp\www\diuba\App\Runtime\Cache\Home\00e52909bed743ea261af4b6823297ff.php 第 143 行.
NOTIC: [8] Undefined variable: all C:\wamp\www\diuba\App\Runtime\Cache\Home\00e52909bed743ea261af4b6823297ff.php 第 144 行.
INFO: Run Behavior\ParseTemplateBehavior [ RunTime:0.012233s ]
INFO: [ view_parse ] --END-- [ RunTime:0.012323s ]
INFO: [ view_filter ] --START--
INFO: Run Behavior\WriteHtmlCacheBehavior [ RunTime:0.000521s ]
INFO: [ view_filter ] --END-- [ RunTime:0.000601s ]
INFO: [ app_end ] --START--
INFO: Run Behavior\ShowPageTraceBehavior [ RunTime:0.000664s ]
INFO: [ app_end ] --END-- [ RunTime:0.000748s ]

[ 2016-10-21T13:49:22+08:00 ] 127.0.0.1 /diuba/
INFO: [ app_init ] --START--
INFO: Run Behavior\BuildLiteBehavior [ RunTime:0.000021s ]
INFO: [ app_init ] --END-- [ RunTime:0.000457s ]
INFO: [ app_begin ] --START--
INFO: Run Behavior\ReadHtmlCacheBehavior [ RunTime:0.000601s ]
INFO: [ app_begin ] --END-- [ RunTime:0.000697s ]
NOTIC: [8] Undefined index: id C:\wamp\www\diuba\App\Home\Controller\IndexController.class.php 第 6 行.
SQL: SHOW COLUMNS FROM `diuba_lost` [ RunTime:0.0050s ]
SQL: SHOW COLUMNS FROM `diuba_find` [ RunTime:0.0047s ]
SQL: SELECT * FROM `diuba_lost` ORDER BY id   [ RunTime:0.0010s ]
SQL: SELECT * FROM `diuba_find` ORDER BY id   [ RunTime:0.0005s ]
SQL: SELECT * FROM `diuba_lost` WHERE ( isfinish=0 ) ORDER BY isfirst desc,id desc LIMIT 4   [ RunTime:0.0006s ]
SQL: SELECT * FROM `diuba_find` WHERE ( isfinish=0 ) ORDER BY id desc LIMIT 4   [ RunTime:0.0005s ]
INFO: [ view_parse ] --START--
INFO: [ template_filter ] --START--
INFO: Run Behavior\ContentReplaceBehavior [ RunTime:0.000132s ]
INFO: [ template_filter ] --END-- [ RunTime:0.000219s ]
NOTIC: [8] Undefined variable: findnum C:\wamp\www\diuba\App\Runtime\Cache\Home\00e52909bed743ea261af4b6823297ff.php 第 142 行.
NOTIC: [8] Undefined variable: lostnum C:\wamp\www\diuba\App\Runtime\Cache\Home\00e52909bed743ea261af4b6823297ff.php 第 143 行.
NOTIC: [8] Undefined variable: all C:\wamp\www\diuba\App\Runtime\Cache\Home\00e52909bed743ea261af4b6823297ff.php 第 144 行.
INFO: Run Behavior\ParseTemplateBehavior [ RunTime:0.011750s ]
INFO: [ view_parse ] --END-- [ RunTime:0.011843s ]
INFO: [ view_filter ] --START--
INFO: Run Behavior\WriteHtmlCacheBehavior [ RunTime:0.000495s ]
INFO: [ view_filter ] --END-- [ RunTime:0.000576s ]
INFO: [ app_end ] --START--
INFO: Run Behavior\ShowPageTraceBehavior [ RunTime:0.000648s ]
INFO: [ app_end ] --END-- [ RunTime:0.000735s ]

[ 2016-10-21T13:49:22+08:00 ] 127.0.0.1 /diuba/Home/Users/reg.html
INFO: [ app_init ] --START--
INFO: Run Behavior\BuildLiteBehavior [ RunTime:0.000030s ]
INFO: [ app_init ] --END-- [ RunTime:0.000800s ]
INFO: [ app_begin ] --START--
INFO: Run Behavior\ReadHtmlCacheBehavior [ RunTime:0.000681s ]
INFO: [ app_begin ] --END-- [ RunTime:0.000776s ]

[ 2016-10-21T13:49:34+08:00 ] 127.0.0.1 /diuba/Home/Users/reg.html
INFO: [ app_init ] --START--
INFO: Run Behavior\BuildLiteBehavior [ RunTime:0.000021s ]
INFO: [ app_init ] --END-- [ RunTime:0.000534s ]
INFO: [ app_begin ] --START--
INFO: Run Behavior\ReadHtmlCacheBehavior [ RunTime:0.000665s ]
INFO: [ app_begin ] --END-- [ RunTime:0.000783s ]

[ 2016-10-21T13:49:55+08:00 ] 127.0.0.1 /diuba/
INFO: [ app_init ] --START--
INFO: Run Behavior\BuildLiteBehavior [ RunTime:0.000020s ]
INFO: [ app_init ] --END-- [ RunTime:0.000537s ]
INFO: [ app_begin ] --START--
INFO: Run Behavior\ReadHtmlCacheBehavior [ RunTime:0.000672s ]
INFO: [ app_begin ] --END-- [ RunTime:0.000766s ]
NOTIC: [8] Undefined index: id C:\wamp\www\diuba\App\Home\Controller\IndexController.class.php 第 6 行.
SQL: SHOW COLUMNS FROM `diuba_lost` [ RunTime:0.0050s ]
SQL: SHOW COLUMNS FROM `diuba_find` [ RunTime:0.0046s ]
SQL: SELECT * FROM `diuba_lost` ORDER BY id   [ RunTime:0.0006s ]
SQL: SELECT * FROM `diuba_find` ORDER BY id   [ RunTime:0.0005s ]
SQL: SELECT * FROM `diuba_lost` WHERE ( isfinish=0 ) ORDER BY isfirst desc,id desc LIMIT 4   [ RunTime:0.0006s ]
SQL: SELECT * FROM `diuba_find` WHERE ( isfinish=0 ) ORDER BY id desc LIMIT 4   [ RunTime:0.0006s ]
INFO: [ view_parse ] --START--
INFO: [ template_filter ] --START--
INFO: Run Behavior\ContentReplaceBehavior [ RunTime:0.000132s ]
INFO: [ template_filter ] --END-- [ RunTime:0.000218s ]
NOTIC: [8] Undefined variable: findnum C:\wamp\www\diuba\App\Runtime\Cache\Home\00e52909bed743ea261af4b6823297ff.php 第 142 行.
NOTIC: [8] Undefined variable: lostnum C:\wamp\www\diuba\App\Runtime\Cache\Home\00e52909bed743ea261af4b6823297ff.php 第 143 行.
NOTIC: [8] Undefined variable: all C:\wamp\www\diuba\App\Runtime\Cache\Home\00e52909bed743ea261af4b6823297ff.php 第 144 行.
INFO: Run Behavior\ParseTemplateBehavior [ RunTime:0.011284s ]
INFO: [ view_parse ] --END-- [ RunTime:0.011425s ]
INFO: [ view_filter ] --START--
INFO: Run Behavior\WriteHtmlCacheBehavior [ RunTime:0.000415s ]
INFO: [ view_filter ] --END-- [ RunTime:0.000496s ]
INFO: [ app_end ] --START--
INFO: Run Behavior\ShowPageTraceBehavior [ RunTime:0.000733s ]
INFO: [ app_end ] --END-- [ RunTime:0.000820s ]

[ 2016-10-21T13:49:56+08:00 ] 127.0.0.1 /diuba/Home/Users/reg.html
INFO: [ app_init ] --START--
INFO: Run Behavior\BuildLiteBehavior [ RunTime:0.000021s ]
INFO: [ app_init ] --END-- [ RunTime:0.000476s ]
INFO: [ app_begin ] --START--
INFO: Run Behavior\ReadHtmlCacheBehavior [ RunTime:0.000581s ]
INFO: [ app_begin ] --END-- [ RunTime:0.000672s ]

[ 2016-10-21T13:50:11+08:00 ] 127.0.0.1 /diuba/Home/Users/reg.html
INFO: [ app_init ] --START--
INFO: Run Behavior\BuildLiteBehavior [ RunTime:0.000019s ]
INFO: [ app_init ] --END-- [ RunTime:0.000490s ]
INFO: [ app_begin ] --START--
INFO: Run Behavior\ReadHtmlCacheBehavior [ RunTime:0.000568s ]
INFO: [ app_begin ] --END-- [ RunTime:0.000658s ]

[ 2016-10-21T13:50:11+08:00 ] 127.0.0.1 /diuba/Home/Users/reg.html
INFO: [ app_init ] --START--
INFO: Run Behavior\BuildLiteBehavior [ RunTime:0.000021s ]
INFO: [ app_init ] --END-- [ RunTime:0.000494s ]
INFO: [ app_begin ] --START--
INFO: Run Behavior\ReadHtmlCacheBehavior [ RunTime:0.000590s ]
INFO: [ app_begin ] --END-- [ RunTime:0.000679s ]

[ 2016-10-21T13:50:12+08:00 ] 127.0.0.1 /diuba/Home/Users/reg.html
INFO: [ app_init ] --START--
INFO: Run Behavior\BuildLiteBehavior [ RunTime:0.000019s ]
INFO: [ app_init ] --END-- [ RunTime:0.000505s ]
INFO: [ app_begin ] --START--
INFO: Run Behavior\ReadHtmlCacheBehavior [ RunTime:0.000591s ]
INFO: [ app_begin ] --END-- [ RunTime:0.000681s ]

[ 2016-10-21T13:50:12+08:00 ] 127.0.0.1 /diuba/Home/Users/reg.html
INFO: [ app_init ] --START--
INFO: Run Behavior\BuildLiteBehavior [ RunTime:0.000023s ]
INFO: [ app_init ] --END-- [ RunTime:0.000500s ]
INFO: [ app_begin ] --START--
INFO: Run Behavior\ReadHtmlCacheBehavior [ RunTime:0.000582s ]
INFO: [ app_begin ] --END-- [ RunTime:0.000673s ]

[ 2016-10-21T13:50:46+08:00 ] 127.0.0.1 /diuba/Home/Users/reg.html
INFO: [ app_init ] --START--
INFO: Run Behavior\BuildLiteBehavior [ RunTime:0.000021s ]
INFO: [ app_init ] --END-- [ RunTime:0.000478s ]
INFO: [ app_begin ] --START--
INFO: Run Behavior\ReadHtmlCacheBehavior [ RunTime:0.000690s ]
INFO: [ app_begin ] --END-- [ RunTime:0.000827s ]

[ 2016-10-21T13:50:47+08:00 ] 127.0.0.1 /diuba/Home/Users/reg.html
INFO: [ app_init ] --START--
INFO: Run Behavior\BuildLiteBehavior [ RunTime:0.000022s ]
INFO: [ app_init ] --END-- [ RunTime:0.000628s ]
INFO: [ app_begin ] --START--
INFO: Run Behavior\ReadHtmlCacheBehavior [ RunTime:0.000601s ]
INFO: [ app_begin ] --END-- [ RunTime:0.000693s ]

[ 2016-10-21T13:50:47+08:00 ] 127.0.0.1 /diuba/Home/Users/reg.html
INFO: [ app_init ] --START--
INFO: Run Behavior\BuildLiteBehavior [ RunTime:0.000020s ]
INFO: [ app_init ] --END-- [ RunTime:0.000482s ]
INFO: [ app_begin ] --START--
INFO: Run Behavior\ReadHtmlCacheBehavior [ RunTime:0.000567s ]
INFO: [ app_begin ] --END-- [ RunTime:0.000658s ]

[ 2016-10-21T13:50:48+08:00 ] 127.0.0.1 /diuba/Home/Users/reg.html
INFO: [ app_init ] --START--
INFO: Run Behavior\BuildLiteBehavior [ RunTime:0.000022s ]
INFO: [ app_init ] --END-- [ RunTime:0.000492s ]
INFO: [ app_begin ] --START--
INFO: Run Behavior\ReadHtmlCacheBehavior [ RunTime:0.000597s ]
INFO: [ app_begin ] --END-- [ RunTime:0.000691s ]

[ 2016-10-21T13:50:48+08:00 ] 127.0.0.1 /diuba/Home/Users/reg.html
INFO: [ app_init ] --START--
INFO: Run Behavior\BuildLiteBehavior [ RunTime:0.000025s ]
INFO: [ app_init ] --END-- [ RunTime:0.000865s ]
INFO: [ app_begin ] --START--
INFO: Run Behavior\ReadHtmlCacheBehavior [ RunTime:0.000611s ]
INFO: [ app_begin ] --END-- [ RunTime:0.000708s ]

[ 2016-10-21T13:50:48+08:00 ] 127.0.0.1 /diuba/Home/Users/reg.html
INFO: [ app_init ] --START--
INFO: Run Behavior\BuildLiteBehavior [ RunTime:0.000021s ]
INFO: [ app_init ] --END-- [ RunTime:0.000703s ]
INFO: [ app_begin ] --START--
INFO: Run Behavior\ReadHtmlCacheBehavior [ RunTime:0.000576s ]
INFO: [ app_begin ] --END-- [ RunTime:0.000668s ]

[ 2016-10-21T13:50:49+08:00 ] 127.0.0.1 /diuba/Home/Users/reg.html
INFO: [ app_init ] --START--
INFO: Run Behavior\BuildLiteBehavior [ RunTime:0.000024s ]
INFO: [ app_init ] --END-- [ RunTime:0.000504s ]
INFO: [ app_begin ] --START--
INFO: Run Behavior\ReadHtmlCacheBehavior [ RunTime:0.000598s ]
INFO: [ app_begin ] --END-- [ RunTime:0.000695s ]

[ 2016-10-21T13:50:54+08:00 ] 127.0.0.1 /diuba/
INFO: [ app_init ] --START--
INFO: Run Behavior\BuildLiteBehavior [ RunTime:0.000020s ]
INFO: [ app_init ] --END-- [ RunTime:0.000512s ]
INFO: [ app_begin ] --START--
INFO: Run Behavior\ReadHtmlCacheBehavior [ RunTime:0.000574s ]
INFO: [ app_begin ] --END-- [ RunTime:0.000667s ]
NOTIC: [8] Undefined index: id C:\wamp\www\diuba\App\Home\Controller\IndexController.class.php 第 6 行.
SQL: SHOW COLUMNS FROM `diuba_lost` [ RunTime:0.0041s ]
SQL: SHOW COLUMNS FROM `diuba_find` [ RunTime:0.0046s ]
SQL: SELECT * FROM `diuba_lost` ORDER BY id   [ RunTime:0.0005s ]
SQL: SELECT * FROM `diuba_find` ORDER BY id   [ RunTime:0.0004s ]
SQL: SELECT * FROM `diuba_lost` WHERE ( isfinish=0 ) ORDER BY isfirst desc,id desc LIMIT 4   [ RunTime:0.0005s ]
SQL: SELECT * FROM `diuba_find` WHERE ( isfinish=0 ) ORDER BY id desc LIMIT 4   [ RunTime:0.0005s ]
INFO: [ view_parse ] --START--
INFO: [ template_filter ] --START--
INFO: Run Behavior\ContentReplaceBehavior [ RunTime:0.000161s ]
INFO: [ template_filter ] --END-- [ RunTime:0.000250s ]
NOTIC: [8] Undefined variable: findnum C:\wamp\www\diuba\App\Runtime\Cache\Home\00e52909bed743ea261af4b6823297ff.php 第 142 行.
NOTIC: [8] Undefined variable: lostnum C:\wamp\www\diuba\App\Runtime\Cache\Home\00e52909bed743ea261af4b6823297ff.php 第 143 行.
NOTIC: [8] Undefined variable: all C:\wamp\www\diuba\App\Runtime\Cache\Home\00e52909bed743ea261af4b6823297ff.php 第 144 行.
INFO: Run Behavior\ParseTemplateBehavior [ RunTime:0.012744s ]
INFO: [ view_parse ] --END-- [ RunTime:0.012836s ]
INFO: [ view_filter ] --START--
INFO: Run Behavior\WriteHtmlCacheBehavior [ RunTime:0.000502s ]
INFO: [ view_filter ] --END-- [ RunTime:0.000584s ]
INFO: [ app_end ] --START--
INFO: Run Behavior\ShowPageTraceBehavior [ RunTime:0.000669s ]
INFO: [ app_end ] --END-- [ RunTime:0.000755s ]

[ 2016-10-21T13:50:54+08:00 ] 127.0.0.1 /diuba/Home/Users/reg.html
INFO: [ app_init ] --START--
INFO: Run Behavior\BuildLiteBehavior [ RunTime:0.000019s ]
INFO: [ app_init ] --END-- [ RunTime:0.000415s ]
INFO: [ app_begin ] --START--
INFO: Run Behavior\ReadHtmlCacheBehavior [ RunTime:0.000623s ]
INFO: [ app_begin ] --END-- [ RunTime:0.000721s ]

[ 2016-10-21T13:52:07+08:00 ] 127.0.0.1 /diuba/Home/Users/reg.html
INFO: [ app_init ] --START--
INFO: Run Behavior\BuildLiteBehavior [ RunTime:0.000020s ]
INFO: [ app_init ] --END-- [ RunTime:0.000512s ]
INFO: [ app_begin ] --START--
INFO: Run Behavior\ReadHtmlCacheBehavior [ RunTime:0.000604s ]
INFO: [ app_begin ] --END-- [ RunTime:0.000698s ]

[ 2016-10-21T13:53:53+08:00 ] 127.0.0.1 /diuba/
INFO: [ app_init ] --START--
INFO: Run Behavior\BuildLiteBehavior [ RunTime:0.000020s ]
INFO: [ app_init ] --END-- [ RunTime:0.000515s ]
INFO: [ app_begin ] --START--
INFO: Run Behavior\ReadHtmlCacheBehavior [ RunTime:0.000662s ]
INFO: [ app_begin ] --END-- [ RunTime:0.000754s ]
NOTIC: [8] Undefined index: id C:\wamp\www\diuba\App\Home\Controller\IndexController.class.php 第 6 行.
SQL: SHOW COLUMNS FROM `diuba_lost` [ RunTime:0.0043s ]
SQL: SHOW COLUMNS FROM `diuba_find` [ RunTime:0.0045s ]
SQL: SELECT * FROM `diuba_lost` ORDER BY id   [ RunTime:0.0006s ]
SQL: SELECT * FROM `diuba_find` ORDER BY id   [ RunTime:0.0005s ]
SQL: SELECT * FROM `diuba_lost` WHERE ( isfinish=0 ) ORDER BY isfirst desc,id desc LIMIT 4   [ RunTime:0.0005s ]
SQL: SELECT * FROM `diuba_find` WHERE ( isfinish=0 ) ORDER BY id desc LIMIT 4   [ RunTime:0.0005s ]
INFO: [ view_parse ] --START--
INFO: [ template_filter ] --START--
INFO: Run Behavior\ContentReplaceBehavior [ RunTime:0.000130s ]
INFO: [ template_filter ] --END-- [ RunTime:0.000218s ]
NOTIC: [8] Undefined variable: findnum C:\wamp\www\diuba\App\Runtime\Cache\Home\00e52909bed743ea261af4b6823297ff.php 第 142 行.
NOTIC: [8] Undefined variable: lostnum C:\wamp\www\diuba\App\Runtime\Cache\Home\00e52909bed743ea261af4b6823297ff.php 第 143 行.
NOTIC: [8] Undefined variable: all C:\wamp\www\diuba\App\Runtime\Cache\Home\00e52909bed743ea261af4b6823297ff.php 第 144 行.
INFO: Run Behavior\ParseTemplateBehavior [ RunTime:0.012336s ]
INFO: [ view_parse ] --END-- [ RunTime:0.012427s ]
INFO: [ view_filter ] --START--
INFO: Run Behavior\WriteHtmlCacheBehavior [ RunTime:0.000502s ]
INFO: [ view_filter ] --END-- [ RunTime:0.000597s ]
INFO: [ app_end ] --START--
INFO: Run Behavior\ShowPageTraceBehavior [ RunTime:0.000747s ]
INFO: [ app_end ] --END-- [ RunTime:0.000843s ]

[ 2016-10-21T13:53:55+08:00 ] 127.0.0.1 /diuba/Home/Users/reg.html
INFO: [ app_init ] --START--
INFO: Run Behavior\BuildLiteBehavior [ RunTime:0.000021s ]
INFO: [ app_init ] --END-- [ RunTime:0.000483s ]
INFO: [ app_begin ] --START--
INFO: Run Behavior\ReadHtmlCacheBehavior [ RunTime:0.000578s ]
INFO: [ app_begin ] --END-- [ RunTime:0.000675s ]

[ 2016-10-21T13:54:10+08:00 ] 127.0.0.1 /diuba/Home/Users/reg.html
INFO: [ app_init ] --START--
INFO: Run Behavior\BuildLiteBehavior [ RunTime:0.000024s ]
INFO: [ app_init ] --END-- [ RunTime:0.000661s ]
INFO: [ app_begin ] --START--
INFO: Run Behavior\ReadHtmlCacheBehavior [ RunTime:0.000677s ]
INFO: [ app_begin ] --END-- [ RunTime:0.000770s ]

[ 2016-10-21T13:54:11+08:00 ] 127.0.0.1 /diuba/Home/Users/reg.html
INFO: [ app_init ] --START--
INFO: Run Behavior\BuildLiteBehavior [ RunTime:0.000020s ]
INFO: [ app_init ] --END-- [ RunTime:0.000480s ]
INFO: [ app_begin ] --START--
INFO: Run Behavior\ReadHtmlCacheBehavior [ RunTime:0.000963s ]
INFO: [ app_begin ] --END-- [ RunTime:0.001138s ]

[ 2016-10-21T13:54:11+08:00 ] 127.0.0.1 /diuba/Home/Users/reg.html
INFO: [ app_init ] --START--
INFO: Run Behavior\BuildLiteBehavior [ RunTime:0.000020s ]
INFO: [ app_init ] --END-- [ RunTime:0.000478s ]
INFO: [ app_begin ] --START--
INFO: Run Behavior\ReadHtmlCacheBehavior [ RunTime:0.000574s ]
INFO: [ app_begin ] --END-- [ RunTime:0.000664s ]

[ 2016-10-21T13:54:11+08:00 ] 127.0.0.1 /diuba/Home/Users/reg.html
INFO: [ app_init ] --START--
INFO: Run Behavior\BuildLiteBehavior [ RunTime:0.000022s ]
INFO: [ app_init ] --END-- [ RunTime:0.000512s ]
INFO: [ app_begin ] --START--
INFO: Run Behavior\ReadHtmlCacheBehavior [ RunTime:0.000591s ]
INFO: [ app_begin ] --END-- [ RunTime:0.000679s ]

[ 2016-10-21T13:54:12+08:00 ] 127.0.0.1 /diuba/Home/Users/reg.html
INFO: [ app_init ] --START--
INFO: Run Behavior\BuildLiteBehavior [ RunTime:0.000019s ]
INFO: [ app_init ] --END-- [ RunTime:0.000505s ]
INFO: [ app_begin ] --START--
INFO: Run Behavior\ReadHtmlCacheBehavior [ RunTime:0.000587s ]
INFO: [ app_begin ] --END-- [ RunTime:0.000677s ]

[ 2016-10-21T13:54:12+08:00 ] 127.0.0.1 /diuba/Home/Users/reg.html
INFO: [ app_init ] --START--
INFO: Run Behavior\BuildLiteBehavior [ RunTime:0.000021s ]
INFO: [ app_init ] --END-- [ RunTime:0.000493s ]
INFO: [ app_begin ] --START--
INFO: Run Behavior\ReadHtmlCacheBehavior [ RunTime:0.000591s ]
INFO: [ app_begin ] --END-- [ RunTime:0.000682s ]

[ 2016-10-21T13:54:12+08:00 ] 127.0.0.1 /diuba/Home/Users/reg.html
INFO: [ app_init ] --START--
INFO: Run Behavior\BuildLiteBehavior [ RunTime:0.000021s ]
INFO: [ app_init ] --END-- [ RunTime:0.000488s ]
INFO: [ app_begin ] --START--
INFO: Run Behavior\ReadHtmlCacheBehavior [ RunTime:0.000624s ]
INFO: [ app_begin ] --END-- [ RunTime:0.000722s ]

[ 2016-10-21T13:55:14+08:00 ] 127.0.0.1 /diuba/Home/Users/reg.html
INFO: [ app_init ] --START--
INFO: Run Behavior\BuildLiteBehavior [ RunTime:0.000022s ]
INFO: [ app_init ] --END-- [ RunTime:0.000582s ]
INFO: [ app_begin ] --START--
INFO: Run Behavior\ReadHtmlCacheBehavior [ RunTime:0.000668s ]
INFO: [ app_begin ] --END-- [ RunTime:0.000761s ]
INFO: [ view_parse ] --START--
INFO: [ template_filter ] --START--
INFO: Run Behavior\ContentReplaceBehavior [ RunTime:0.000117s ]
INFO: [ template_filter ] --END-- [ RunTime:0.000212s ]
NOTIC: [8] Use of undefined constant register - assumed 'register' C:\wamp\www\diuba\App\Runtime\Cache\Home\cadf8ee5853ee307883d6c8704e48fa4.php 第 105 行.
INFO: Run Behavior\ParseTemplateBehavior [ RunTime:0.008089s ]
INFO: [ view_parse ] --END-- [ RunTime:0.008181s ]
INFO: [ view_filter ] --START--
INFO: Run Behavior\WriteHtmlCacheBehavior [ RunTime:0.000492s ]
INFO: [ view_filter ] --END-- [ RunTime:0.000574s ]
INFO: [ app_end ] --START--
INFO: Run Behavior\ShowPageTraceBehavior [ RunTime:0.000688s ]
INFO: [ app_end ] --END-- [ RunTime:0.000773s ]

[ 2016-10-21T13:56:01+08:00 ] 127.0.0.1 /diuba/Home/Users/reg.html
INFO: [ app_init ] --START--
INFO: Run Behavior\BuildLiteBehavior [ RunTime:0.000043s ]
INFO: [ app_init ] --END-- [ RunTime:0.000934s ]
INFO: [ app_begin ] --START--
INFO: Run Behavior\ReadHtmlCacheBehavior [ RunTime:0.000669s ]
INFO: [ app_begin ] --END-- [ RunTime:0.000770s ]
INFO: [ view_parse ] --START--
INFO: [ template_filter ] --START--
INFO: Run Behavior\ContentReplaceBehavior [ RunTime:0.000134s ]
INFO: [ template_filter ] --END-- [ RunTime:0.000259s ]
NOTIC: [8] Use of undefined constant register - assumed 'register' C:\wamp\www\diuba\App\Runtime\Cache\Home\cadf8ee5853ee307883d6c8704e48fa4.php 第 105 行.
INFO: Run Behavior\ParseTemplateBehavior [ RunTime:0.008141s ]
INFO: [ view_parse ] --END-- [ RunTime:0.008231s ]
INFO: [ view_filter ] --START--
INFO: Run Behavior\WriteHtmlCacheBehavior [ RunTime:0.000474s ]
INFO: [ view_filter ] --END-- [ RunTime:0.000556s ]
INFO: [ app_end ] --START--
INFO: Run Behavior\ShowPageTraceBehavior [ RunTime:0.000677s ]
INFO: [ app_end ] --END-- [ RunTime:0.000767s ]

[ 2016-10-21T13:56:06+08:00 ] 127.0.0.1 /diuba/
INFO: [ app_init ] --START--
INFO: Run Behavior\BuildLiteBehavior [ RunTime:0.000020s ]
INFO: [ app_init ] --END-- [ RunTime:0.000513s ]
INFO: [ app_begin ] --START--
INFO: Run Behavior\ReadHtmlCacheBehavior [ RunTime:0.000768s ]
INFO: [ app_begin ] --END-- [ RunTime:0.000873s ]
NOTIC: [8] Undefined index: id C:\wamp\www\diuba\App\Home\Controller\IndexController.class.php 第 6 行.
SQL: SHOW COLUMNS FROM `diuba_lost` [ RunTime:0.0044s ]
SQL: SHOW COLUMNS FROM `diuba_find` [ RunTime:0.0044s ]
SQL: SELECT * FROM `diuba_lost` ORDER BY id   [ RunTime:0.0008s ]
SQL: SELECT * FROM `diuba_find` ORDER BY id   [ RunTime:0.0006s ]
SQL: SELECT * FROM `diuba_lost` WHERE ( isfinish=0 ) ORDER BY isfirst desc,id desc LIMIT 4   [ RunTime:0.0006s ]
SQL: SELECT * FROM `diuba_find` WHERE ( isfinish=0 ) ORDER BY id desc LIMIT 4   [ RunTime:0.0005s ]
INFO: [ view_parse ] --START--
INFO: [ template_filter ] --START--
INFO: Run Behavior\ContentReplaceBehavior [ RunTime:0.000159s ]
INFO: [ template_filter ] --END-- [ RunTime:0.000249s ]
NOTIC: [8] Undefined variable: findnum C:\wamp\www\diuba\App\Runtime\Cache\Home\00e52909bed743ea261af4b6823297ff.php 第 142 行.
NOTIC: [8] Undefined variable: lostnum C:\wamp\www\diuba\App\Runtime\Cache\Home\00e52909bed743ea261af4b6823297ff.php 第 143 行.
NOTIC: [8] Undefined variable: all C:\wamp\www\diuba\App\Runtime\Cache\Home\00e52909bed743ea261af4b6823297ff.php 第 144 行.
INFO: Run Behavior\ParseTemplateBehavior [ RunTime:0.011347s ]
INFO: [ view_parse ] --END-- [ RunTime:0.011438s ]
INFO: [ view_filter ] --START--
INFO: Run Behavior\WriteHtmlCacheBehavior [ RunTime:0.000493s ]
INFO: [ view_filter ] --END-- [ RunTime:0.000596s ]
INFO: [ app_end ] --START--
INFO: Run Behavior\ShowPageTraceBehavior [ RunTime:0.000649s ]
INFO: [ app_end ] --END-- [ RunTime:0.000736s ]

[ 2016-10-21T13:56:07+08:00 ] 127.0.0.1 /diuba/Home/Users/reg.html
INFO: [ app_init ] --START--
INFO: Run Behavior\BuildLiteBehavior [ RunTime:0.000024s ]
INFO: [ app_init ] --END-- [ RunTime:0.000489s ]
INFO: [ app_begin ] --START--
INFO: Run Behavior\ReadHtmlCacheBehavior [ RunTime:0.000589s ]
INFO: [ app_begin ] --END-- [ RunTime:0.000686s ]
INFO: [ view_parse ] --START--
INFO: [ template_filter ] --START--
INFO: Run Behavior\ContentReplaceBehavior [ RunTime:0.000134s ]
INFO: [ template_filter ] --END-- [ RunTime:0.000259s ]
NOTIC: [8] Use of undefined constant register - assumed 'register' C:\wamp\www\diuba\App\Runtime\Cache\Home\cadf8ee5853ee307883d6c8704e48fa4.php 第 105 行.
INFO: Run Behavior\ParseTemplateBehavior [ RunTime:0.010129s ]
INFO: [ view_parse ] --END-- [ RunTime:0.010226s ]
INFO: [ view_filter ] --START--
INFO: Run Behavior\WriteHtmlCacheBehavior [ RunTime:0.000489s ]
INFO: [ view_filter ] --END-- [ RunTime:0.000577s ]
INFO: [ app_end ] --START--
INFO: Run Behavior\ShowPageTraceBehavior [ RunTime:0.000854s ]
INFO: [ app_end ] --END-- [ RunTime:0.000959s ]

[ 2016-10-21T13:56:19+08:00 ] 127.0.0.1 /diuba/Home/Users/register.html
INFO: [ app_init ] --START--
INFO: Run Behavior\BuildLiteBehavior [ RunTime:0.000026s ]
INFO: [ app_init ] --END-- [ RunTime:0.001173s ]
INFO: [ app_begin ] --START--
INFO: Run Behavior\ReadHtmlCacheBehavior [ RunTime:0.000740s ]
INFO: [ app_begin ] --END-- [ RunTime:0.000843s ]
SQL: SHOW COLUMNS FROM `diuba_users` [ RunTime:0.0050s ]
NOTIC: [8] Undefined index: validate C:\wamp\www\diuba\ThinkPHP\Library\Think\Model.class.php 第 1185 行.
NOTIC: [8] Undefined index: auto C:\wamp\www\diuba\ThinkPHP\Library\Think\Model.class.php 第 1128 行.
NOTIC: [8] Undefined variable: pname C:\wamp\www\diuba\App\Home\Controller\UsersController.class.php 第 18 行.
NOTIC: [8] Undefined variable: users C:\wamp\www\diuba\App\Home\Controller\UsersController.class.php 第 19 行.

[ 2016-10-21T13:56:34+08:00 ] 127.0.0.1 /diuba/Home/Users/register.html
INFO: [ app_init ] --START--
INFO: Run Behavior\BuildLiteBehavior [ RunTime:0.000021s ]
INFO: [ app_init ] --END-- [ RunTime:0.000570s ]
INFO: [ app_begin ] --START--
INFO: Run Behavior\ReadHtmlCacheBehavior [ RunTime:0.000657s ]
INFO: [ app_begin ] --END-- [ RunTime:0.000751s ]
SQL: SHOW COLUMNS FROM `diuba_users` [ RunTime:0.0063s ]
NOTIC: [8] Undefined index: validate C:\wamp\www\diuba\ThinkPHP\Library\Think\Model.class.php 第 1185 行.
NOTIC: [8] Undefined index: auto C:\wamp\www\diuba\ThinkPHP\Library\Think\Model.class.php 第 1128 行.
NOTIC: [8] Undefined variable: pname C:\wamp\www\diuba\App\Home\Controller\UsersController.class.php 第 18 行.
SQL: INSERT INTO `diuba_users` (`telephone`,`aliasname`,`password`,`email`,`photo`) VALUES ('12312412312','12312412312','d41d8cd98f00b204e9800998ecf8427e','123123@qq.com',NULL) [ RunTime:0.0126s ]
INFO: [ view_parse ] --START--
INFO: [ template_filter ] --START--
INFO: Run Behavior\ContentReplaceBehavior [ RunTime:0.000061s ]
INFO: [ template_filter ] --END-- [ RunTime:0.000158s ]
INFO: Run Behavior\ParseTemplateBehavior [ RunTime:0.011867s ]
INFO: [ view_parse ] --END-- [ RunTime:0.011968s ]
INFO: [ view_filter ] --START--
INFO: Run Behavior\WriteHtmlCacheBehavior [ RunTime:0.000482s ]
INFO: [ view_filter ] --END-- [ RunTime:0.000562s ]
INFO: [ app_end ] --START--
INFO: Run Behavior\ShowPageTraceBehavior [ RunTime:0.000669s ]
INFO: [ app_end ] --END-- [ RunTime:0.000753s ]

[ 2016-10-21T13:56:35+08:00 ] 127.0.0.1 /diuba/Home/Users/login
INFO: [ app_init ] --START--
INFO: Run Behavior\BuildLiteBehavior [ RunTime:0.000020s ]
INFO: [ app_init ] --END-- [ RunTime:0.000483s ]
INFO: [ app_begin ] --START--
INFO: Run Behavior\ReadHtmlCacheBehavior [ RunTime:0.000573s ]
INFO: [ app_begin ] --END-- [ RunTime:0.000663s ]
INFO: [ view_parse ] --START--
INFO: [ template_filter ] --START--
INFO: Run Behavior\ContentReplaceBehavior [ RunTime:0.000091s ]
INFO: [ template_filter ] --END-- [ RunTime:0.000191s ]
INFO: Run Behavior\ParseTemplateBehavior [ RunTime:0.006185s ]
INFO: [ view_parse ] --END-- [ RunTime:0.006294s ]
INFO: [ view_filter ] --START--
INFO: Run Behavior\WriteHtmlCacheBehavior [ RunTime:0.000352s ]
INFO: [ view_filter ] --END-- [ RunTime:0.000429s ]
INFO: [ app_end ] --START--
INFO: Run Behavior\ShowPageTraceBehavior [ RunTime:0.000711s ]
INFO: [ app_end ] --END-- [ RunTime:0.000810s ]

[ 2016-10-21T13:56:42+08:00 ] 127.0.0.1 /diuba/Home/Users/login
INFO: [ app_init ] --START--
INFO: Run Behavior\BuildLiteBehavior [ RunTime:0.000021s ]
INFO: [ app_init ] --END-- [ RunTime:0.000459s ]
INFO: [ app_begin ] --START--
INFO: Run Behavior\ReadHtmlCacheBehavior [ RunTime:0.000539s ]
INFO: [ app_begin ] --END-- [ RunTime:0.000653s ]
INFO: [ view_parse ] --START--
INFO: [ template_filter ] --START--
INFO: Run Behavior\ContentReplaceBehavior [ RunTime:0.000096s ]
INFO: [ template_filter ] --END-- [ RunTime:0.000203s ]
INFO: Run Behavior\ParseTemplateBehavior [ RunTime:0.008328s ]
INFO: [ view_parse ] --END-- [ RunTime:0.008433s ]
INFO: [ view_filter ] --START--
INFO: Run Behavior\WriteHtmlCacheBehavior [ RunTime:0.000425s ]
INFO: [ view_filter ] --END-- [ RunTime:0.000508s ]
INFO: [ app_end ] --START--
INFO: Run Behavior\ShowPageTraceBehavior [ RunTime:0.000616s ]
INFO: [ app_end ] --END-- [ RunTime:0.000702s ]

[ 2016-10-21T13:56:44+08:00 ] 127.0.0.1 /diuba/Home/Users/reg.html
INFO: [ app_init ] --START--
INFO: Run Behavior\BuildLiteBehavior [ RunTime:0.000021s ]
INFO: [ app_init ] --END-- [ RunTime:0.000507s ]
INFO: [ app_begin ] --START--
INFO: Run Behavior\ReadHtmlCacheBehavior [ RunTime:0.000638s ]
INFO: [ app_begin ] --END-- [ RunTime:0.000759s ]
INFO: [ view_parse ] --START--
INFO: [ template_filter ] --START--
INFO: Run Behavior\ContentReplaceBehavior [ RunTime:0.000112s ]
INFO: [ template_filter ] --END-- [ RunTime:0.000205s ]
NOTIC: [8] Use of undefined constant register - assumed 'register' C:\wamp\www\diuba\App\Runtime\Cache\Home\cadf8ee5853ee307883d6c8704e48fa4.php 第 105 行.
INFO: Run Behavior\ParseTemplateBehavior [ RunTime:0.008183s ]
INFO: [ view_parse ] --END-- [ RunTime:0.008288s ]
INFO: [ view_filter ] --START--
INFO: Run Behavior\WriteHtmlCacheBehavior [ RunTime:0.000712s ]
INFO: [ view_filter ] --END-- [ RunTime:0.000853s ]
INFO: [ app_end ] --START--
INFO: Run Behavior\ShowPageTraceBehavior [ RunTime:0.000654s ]
INFO: [ app_end ] --END-- [ RunTime:0.000742s ]

[ 2016-10-21T13:56:52+08:00 ] 127.0.0.1 /diuba/Home/Users/register.html
INFO: [ app_init ] --START--
INFO: Run Behavior\BuildLiteBehavior [ RunTime:0.000020s ]
INFO: [ app_init ] --END-- [ RunTime:0.000492s ]
INFO: [ app_begin ] --START--
INFO: Run Behavior\ReadHtmlCacheBehavior [ RunTime:0.000569s ]
INFO: [ app_begin ] --END-- [ RunTime:0.000662s ]
SQL: SHOW COLUMNS FROM `diuba_users` [ RunTime:0.0057s ]
NOTIC: [8] Undefined index: validate C:\wamp\www\diuba\ThinkPHP\Library\Think\Model.class.php 第 1185 行.
NOTIC: [8] Undefined index: auto C:\wamp\www\diuba\ThinkPHP\Library\Think\Model.class.php 第 1128 行.
NOTIC: [8] Undefined variable: pname C:\wamp\www\diuba\App\Home\Controller\UsersController.class.php 第 17 行.
SQL: INSERT INTO `diuba_users` (`telephone`,`aliasname`,`password`,`email`,`photo`) VALUES ('12312412312','12312412312','d41d8cd98f00b204e9800998ecf8427e','123123@qq.com',NULL) [ RunTime:0.0092s ]
INFO: [ view_parse ] --START--
INFO: [ template_filter ] --START--
INFO: Run Behavior\ContentReplaceBehavior [ RunTime:0.000067s ]
INFO: [ template_filter ] --END-- [ RunTime:0.000169s ]
INFO: Run Behavior\ParseTemplateBehavior [ RunTime:0.006832s ]
INFO: [ view_parse ] --END-- [ RunTime:0.006970s ]
INFO: [ view_filter ] --START--
INFO: Run Behavior\WriteHtmlCacheBehavior [ RunTime:0.000428s ]
INFO: [ view_filter ] --END-- [ RunTime:0.000537s ]
INFO: [ app_end ] --START--
INFO: Run Behavior\ShowPageTraceBehavior [ RunTime:0.000605s ]
INFO: [ app_end ] --END-- [ RunTime:0.000687s ]

[ 2016-10-21T13:56:53+08:00 ] 127.0.0.1 /diuba/Home/Users/login
INFO: [ app_init ] --START--
INFO: Run Behavior\BuildLiteBehavior [ RunTime:0.000020s ]
INFO: [ app_init ] --END-- [ RunTime:0.000484s ]
INFO: [ app_begin ] --START--
INFO: Run Behavior\ReadHtmlCacheBehavior [ RunTime:0.000577s ]
INFO: [ app_begin ] --END-- [ RunTime:0.000667s ]
INFO: [ view_parse ] --START--
INFO: [ template_filter ] --START--
INFO: Run Behavior\ContentReplaceBehavior [ RunTime:0.000100s ]
INFO: [ template_filter ] --END-- [ RunTime:0.000200s ]
INFO: Run Behavior\ParseTemplateBehavior [ RunTime:0.006568s ]
INFO: [ view_parse ] --END-- [ RunTime:0.006676s ]
INFO: [ view_filter ] --START--
INFO: Run Behavior\WriteHtmlCacheBehavior [ RunTime:0.000429s ]
INFO: [ view_filter ] --END-- [ RunTime:0.000507s ]
INFO: [ app_end ] --START--
INFO: Run Behavior\ShowPageTraceBehavior [ RunTime:0.000603s ]
INFO: [ app_end ] --END-- [ RunTime:0.000687s ]

[ 2016-10-21T14:38:39+08:00 ] 127.0.0.1 /diuba/
INFO: [ app_init ] --START--
INFO: Run Behavior\BuildLiteBehavior [ RunTime:0.000040s ]
INFO: [ app_init ] --END-- [ RunTime:0.000819s ]
INFO: [ app_begin ] --START--
INFO: Run Behavior\ReadHtmlCacheBehavior [ RunTime:0.000848s ]
INFO: [ app_begin ] --END-- [ RunTime:0.000999s ]
NOTIC: [8] Undefined index: id C:\wamp\www\diuba\App\Home\Controller\IndexController.class.php 第 6 行.
SQL: SHOW COLUMNS FROM `diuba_lost` [ RunTime:0.0066s ]
SQL: SHOW COLUMNS FROM `diuba_find` [ RunTime:0.0064s ]
SQL: SELECT * FROM `diuba_lost` ORDER BY id   [ RunTime:0.0006s ]
SQL: SELECT * FROM `diuba_find` ORDER BY id   [ RunTime:0.0006s ]
SQL: SELECT * FROM `diuba_lost` WHERE ( isfinish=0 ) ORDER BY isfirst desc,id desc LIMIT 4   [ RunTime:0.0006s ]
SQL: SELECT * FROM `diuba_find` WHERE ( isfinish=0 ) ORDER BY id desc LIMIT 4   [ RunTime:0.0006s ]
INFO: [ view_parse ] --START--
INFO: [ template_filter ] --START--
INFO: Run Behavior\ContentReplaceBehavior [ RunTime:0.000130s ]
INFO: [ template_filter ] --END-- [ RunTime:0.000217s ]
NOTIC: [8] Undefined variable: findnum C:\wamp\www\diuba\App\Runtime\Cache\Home\00e52909bed743ea261af4b6823297ff.php 第 142 行.
NOTIC: [8] Undefined variable: lostnum C:\wamp\www\diuba\App\Runtime\Cache\Home\00e52909bed743ea261af4b6823297ff.php 第 143 行.
NOTIC: [8] Undefined variable: all C:\wamp\www\diuba\App\Runtime\Cache\Home\00e52909bed743ea261af4b6823297ff.php 第 144 行.
INFO: Run Behavior\ParseTemplateBehavior [ RunTime:0.011812s ]
INFO: [ view_parse ] --END-- [ RunTime:0.011905s ]
INFO: [ view_filter ] --START--
INFO: Run Behavior\WriteHtmlCacheBehavior [ RunTime:0.000507s ]
INFO: [ view_filter ] --END-- [ RunTime:0.000599s ]
INFO: [ app_end ] --START--
INFO: Run Behavior\ShowPageTraceBehavior [ RunTime:0.000726s ]
INFO: [ app_end ] --END-- [ RunTime:0.000829s ]

