[ 2016-11-25T13:47:38+08:00 ] ::1 /diuba/
INFO: [ app_init ] --START--
INFO: Run Behavior\BuildLiteBehavior [ RunTime:0.000016s ]
INFO: [ app_init ] --END-- [ RunTime:0.001906s ]
INFO: [ app_begin ] --START--
INFO: Run Behavior\ReadHtmlCacheBehavior [ RunTime:0.000940s ]
INFO: [ app_begin ] --END-- [ RunTime:0.000987s ]
INFO: [ view_parse ] --START--
INFO: [ template_filter ] --START--
INFO: Run Behavior\ContentReplaceBehavior [ RunTime:0.001487s ]
INFO: [ template_filter ] --END-- [ RunTime:0.001565s ]
NOTIC: [8] Undefined variable: findnum C:\xampp\htdocs\diuba\App\Runtime\Cache\Home\00e52909bed743ea261af4b6823297ff.php 第 142 行.
NOTIC: [8] Undefined variable: lostnum C:\xampp\htdocs\diuba\App\Runtime\Cache\Home\00e52909bed743ea261af4b6823297ff.php 第 143 行.
NOTIC: [8] Undefined variable: all C:\xampp\htdocs\diuba\App\Runtime\Cache\Home\00e52909bed743ea261af4b6823297ff.php 第 144 行.
NOTIC: [8] Undefined variable: lostlist C:\xampp\htdocs\diuba\App\Runtime\Cache\Home\00e52909bed743ea261af4b6823297ff.php 第 162 行.
NOTIC: [8] Undefined variable: findlist C:\xampp\htdocs\diuba\App\Runtime\Cache\Home\00e52909bed743ea261af4b6823297ff.php 第 190 行.
INFO: Run Behavior\ParseTemplateBehavior [ RunTime:0.020272s ]
INFO: [ view_parse ] --END-- [ RunTime:0.020322s ]
INFO: [ view_filter ] --START--
INFO: Run Behavior\WriteHtmlCacheBehavior [ RunTime:0.000940s ]
INFO: [ view_filter ] --END-- [ RunTime:0.000976s ]
INFO: [ app_end ] --START--
INFO: Run Behavior\ShowPageTraceBehavior [ RunTime:0.001084s ]
INFO: [ app_end ] --END-- [ RunTime:0.001160s ]

[ 2016-11-25T13:47:41+08:00 ] ::1 /diuba/Home/Users/reg.html
INFO: [ app_init ] --START--
INFO: Run Behavior\BuildLiteBehavior [ RunTime:0.000011s ]
INFO: [ app_init ] --END-- [ RunTime:0.000467s ]
INFO: [ app_begin ] --START--
INFO: Run Behavior\ReadHtmlCacheBehavior [ RunTime:0.000585s ]
INFO: [ app_begin ] --END-- [ RunTime:0.000623s ]
INFO: [ view_parse ] --START--
INFO: [ template_filter ] --START--
INFO: Run Behavior\ContentReplaceBehavior [ RunTime:0.000087s ]
INFO: [ template_filter ] --END-- [ RunTime:0.000130s ]
NOTIC: [8] Use of undefined constant register - assumed 'register' C:\xampp\htdocs\diuba\App\Runtime\Cache\Home\cadf8ee5853ee307883d6c8704e48fa4.php 第 105 行.
INFO: Run Behavior\ParseTemplateBehavior [ RunTime:0.008137s ]
INFO: [ view_parse ] --END-- [ RunTime:0.008178s ]
INFO: [ view_filter ] --START--
INFO: Run Behavior\WriteHtmlCacheBehavior [ RunTime:0.000458s ]
INFO: [ view_filter ] --END-- [ RunTime:0.000490s ]
INFO: [ app_end ] --START--
INFO: Run Behavior\ShowPageTraceBehavior [ RunTime:0.000586s ]
INFO: [ app_end ] --END-- [ RunTime:0.000634s ]

[ 2016-11-25T13:47:45+08:00 ] ::1 /diuba/Home/Index/login.html
INFO: [ app_init ] --START--
INFO: Run Behavior\BuildLiteBehavior [ RunTime:0.000011s ]
INFO: [ app_init ] --END-- [ RunTime:0.000438s ]
INFO: [ app_begin ] --START--
INFO: Run Behavior\ReadHtmlCacheBehavior [ RunTime:0.000500s ]
INFO: [ app_begin ] --END-- [ RunTime:0.000556s ]
INFO: [ view_parse ] --START--
INFO: [ template_filter ] --START--
INFO: Run Behavior\ContentReplaceBehavior [ RunTime:0.000084s ]
INFO: [ template_filter ] --END-- [ RunTime:0.000134s ]
NOTIC: [8] Use of undefined constant checkLogin - assumed 'checkLogin' C:\xampp\htdocs\diuba\App\Runtime\Cache\Home\b85c7d4521605c805b2409b4b881b8b6.php 第 90 行.
INFO: Run Behavior\ParseTemplateBehavior [ RunTime:0.007226s ]
INFO: [ view_parse ] --END-- [ RunTime:0.007295s ]
INFO: [ view_filter ] --START--
INFO: Run Behavior\WriteHtmlCacheBehavior [ RunTime:0.001277s ]
INFO: [ view_filter ] --END-- [ RunTime:0.001325s ]
INFO: [ app_end ] --START--
INFO: Run Behavior\ShowPageTraceBehavior [ RunTime:0.000618s ]
INFO: [ app_end ] --END-- [ RunTime:0.000675s ]

[ 2016-11-25T13:47:45+08:00 ] ::1 /diuba/Home/Index/verify.html
INFO: [ app_init ] --START--
INFO: Run Behavior\BuildLiteBehavior [ RunTime:0.000013s ]
INFO: [ app_init ] --END-- [ RunTime:0.000488s ]
INFO: [ app_begin ] --START--
INFO: Run Behavior\ReadHtmlCacheBehavior [ RunTime:0.000480s ]
INFO: [ app_begin ] --END-- [ RunTime:0.000527s ]
INFO: [ app_end ] --START--
INFO: Run Behavior\ShowPageTraceBehavior [ RunTime:0.000600s ]
INFO: [ app_end ] --END-- [ RunTime:0.000660s ]

[ 2016-11-25T13:47:57+08:00 ] ::1 /diuba/Home/Index/checkLogin.html
INFO: [ app_init ] --START--
INFO: Run Behavior\BuildLiteBehavior [ RunTime:0.000012s ]
INFO: [ app_init ] --END-- [ RunTime:0.000392s ]
INFO: [ app_begin ] --START--
INFO: Run Behavior\ReadHtmlCacheBehavior [ RunTime:0.000604s ]
INFO: [ app_begin ] --END-- [ RunTime:0.000659s ]
SQL: SHOW COLUMNS FROM `diuba_users` [ RunTime:0.0167s ]
SQL: SELECT * FROM `diuba_users` WHERE `telephone` = '18941137576' AND `password` = '202cb962ac59075b964b07152d234b70'  [ RunTime:0.0023s ]
INFO: [ view_parse ] --START--
INFO: [ template_filter ] --START--
INFO: Run Behavior\ContentReplaceBehavior [ RunTime:0.000030s ]
INFO: [ template_filter ] --END-- [ RunTime:0.000066s ]
INFO: Run Behavior\ParseTemplateBehavior [ RunTime:0.005362s ]
INFO: [ view_parse ] --END-- [ RunTime:0.005432s ]
INFO: [ view_filter ] --START--
INFO: Run Behavior\WriteHtmlCacheBehavior [ RunTime:0.000368s ]
INFO: [ view_filter ] --END-- [ RunTime:0.000397s ]

[ 2016-11-25T13:48:13+08:00 ] ::1 /diuba/Home/Index/verify.html
INFO: [ app_init ] --START--
INFO: Run Behavior\BuildLiteBehavior [ RunTime:0.000017s ]
INFO: [ app_init ] --END-- [ RunTime:0.000561s ]
INFO: [ app_begin ] --START--
INFO: Run Behavior\ReadHtmlCacheBehavior [ RunTime:0.000700s ]
INFO: [ app_begin ] --END-- [ RunTime:0.000779s ]
INFO: [ app_end ] --START--
INFO: Run Behavior\ShowPageTraceBehavior [ RunTime:0.000644s ]
INFO: [ app_end ] --END-- [ RunTime:0.000693s ]

[ 2016-11-25T13:48:18+08:00 ] ::1 /diuba/Home/Index/checkLogin.html
INFO: [ app_init ] --START--
INFO: Run Behavior\BuildLiteBehavior [ RunTime:0.000014s ]
INFO: [ app_init ] --END-- [ RunTime:0.000586s ]
INFO: [ app_begin ] --START--
INFO: Run Behavior\ReadHtmlCacheBehavior [ RunTime:0.000781s ]
INFO: [ app_begin ] --END-- [ RunTime:0.000835s ]
SQL: SHOW COLUMNS FROM `diuba_users` [ RunTime:0.0033s ]
SQL: SELECT * FROM `diuba_users` WHERE `telephone` = '18941137576' AND `password` = 'e10adc3949ba59abbe56e057f20f883e'  [ RunTime:0.0003s ]
INFO: [ view_parse ] --START--
INFO: [ template_filter ] --START--
INFO: Run Behavior\ContentReplaceBehavior [ RunTime:0.000046s ]
INFO: [ template_filter ] --END-- [ RunTime:0.000098s ]
INFO: Run Behavior\ParseTemplateBehavior [ RunTime:0.007446s ]
INFO: [ view_parse ] --END-- [ RunTime:0.007490s ]
INFO: [ view_filter ] --START--
INFO: Run Behavior\WriteHtmlCacheBehavior [ RunTime:0.000436s ]
INFO: [ view_filter ] --END-- [ RunTime:0.000465s ]

[ 2016-11-25T13:48:28+08:00 ] ::1 /diuba/Home/Index/checkLogin.html
INFO: [ app_init ] --START--
INFO: Run Behavior\BuildLiteBehavior [ RunTime:0.000011s ]
INFO: [ app_init ] --END-- [ RunTime:0.000458s ]
INFO: [ app_begin ] --START--
INFO: Run Behavior\ReadHtmlCacheBehavior [ RunTime:0.000497s ]
INFO: [ app_begin ] --END-- [ RunTime:0.000543s ]
SQL: SHOW COLUMNS FROM `diuba_users` [ RunTime:0.0032s ]
INFO: [ view_parse ] --START--
INFO: [ template_filter ] --START--
INFO: Run Behavior\ContentReplaceBehavior [ RunTime:0.000051s ]
INFO: [ template_filter ] --END-- [ RunTime:0.000127s ]
INFO: Run Behavior\ParseTemplateBehavior [ RunTime:0.005844s ]
INFO: [ view_parse ] --END-- [ RunTime:0.005908s ]
INFO: [ view_filter ] --START--
INFO: Run Behavior\WriteHtmlCacheBehavior [ RunTime:0.000392s ]
INFO: [ view_filter ] --END-- [ RunTime:0.000422s ]

[ 2016-11-25T13:48:38+08:00 ] ::1 /diuba/Home/Index/checkLogin.html
INFO: [ app_init ] --START--
INFO: Run Behavior\BuildLiteBehavior [ RunTime:0.000015s ]
INFO: [ app_init ] --END-- [ RunTime:0.000547s ]
INFO: [ app_begin ] --START--
INFO: Run Behavior\ReadHtmlCacheBehavior [ RunTime:0.000582s ]
INFO: [ app_begin ] --END-- [ RunTime:0.000628s ]
SQL: SHOW COLUMNS FROM `diuba_users` [ RunTime:0.0030s ]
INFO: [ view_parse ] --START--
INFO: [ template_filter ] --START--
INFO: Run Behavior\ContentReplaceBehavior [ RunTime:0.000030s ]
INFO: [ template_filter ] --END-- [ RunTime:0.000070s ]
INFO: Run Behavior\ParseTemplateBehavior [ RunTime:0.004689s ]
INFO: [ view_parse ] --END-- [ RunTime:0.004739s ]
INFO: [ view_filter ] --START--
INFO: Run Behavior\WriteHtmlCacheBehavior [ RunTime:0.000312s ]
INFO: [ view_filter ] --END-- [ RunTime:0.000341s ]

[ 2016-11-25T13:48:45+08:00 ] ::1 /diuba/Home/Index/verify.html
INFO: [ app_init ] --START--
INFO: Run Behavior\BuildLiteBehavior [ RunTime:0.000011s ]
INFO: [ app_init ] --END-- [ RunTime:0.000465s ]
INFO: [ app_begin ] --START--
INFO: Run Behavior\ReadHtmlCacheBehavior [ RunTime:0.000550s ]
INFO: [ app_begin ] --END-- [ RunTime:0.000591s ]
INFO: [ app_end ] --START--
INFO: Run Behavior\ShowPageTraceBehavior [ RunTime:0.000607s ]
INFO: [ app_end ] --END-- [ RunTime:0.000657s ]

[ 2016-11-25T13:48:51+08:00 ] ::1 /diuba/Home/Index/checkLogin.html
INFO: [ app_init ] --START--
INFO: Run Behavior\BuildLiteBehavior [ RunTime:0.000012s ]
INFO: [ app_init ] --END-- [ RunTime:0.000452s ]
INFO: [ app_begin ] --START--
INFO: Run Behavior\ReadHtmlCacheBehavior [ RunTime:0.000548s ]
INFO: [ app_begin ] --END-- [ RunTime:0.000586s ]
SQL: SHOW COLUMNS FROM `diuba_users` [ RunTime:0.0048s ]
SQL: SELECT * FROM `diuba_users` WHERE `telephone` = '18941137576' AND `password` = 'e10adc3949ba59abbe56e057f20f883e'  [ RunTime:0.0003s ]
INFO: [ view_parse ] --START--
INFO: [ template_filter ] --START--
INFO: Run Behavior\ContentReplaceBehavior [ RunTime:0.000028s ]
INFO: [ template_filter ] --END-- [ RunTime:0.000062s ]
INFO: Run Behavior\ParseTemplateBehavior [ RunTime:0.004750s ]
INFO: [ view_parse ] --END-- [ RunTime:0.004790s ]
INFO: [ view_filter ] --START--
INFO: Run Behavior\WriteHtmlCacheBehavior [ RunTime:0.000360s ]
INFO: [ view_filter ] --END-- [ RunTime:0.000390s ]

[ 2016-11-25T13:49:34+08:00 ] ::1 /diuba/Home/Index/verify.html
INFO: [ app_init ] --START--
INFO: Run Behavior\BuildLiteBehavior [ RunTime:0.000017s ]
INFO: [ app_init ] --END-- [ RunTime:0.000685s ]
INFO: [ app_begin ] --START--
INFO: Run Behavior\ReadHtmlCacheBehavior [ RunTime:0.001148s ]
INFO: [ app_begin ] --END-- [ RunTime:0.001189s ]
INFO: [ app_end ] --START--
INFO: Run Behavior\ShowPageTraceBehavior [ RunTime:0.001262s ]
INFO: [ app_end ] --END-- [ RunTime:0.001317s ]

[ 2016-11-25T13:49:40+08:00 ] ::1 /diuba/Home/Index/checkLogin.html
INFO: [ app_init ] --START--
INFO: Run Behavior\BuildLiteBehavior [ RunTime:0.000013s ]
INFO: [ app_init ] --END-- [ RunTime:0.000624s ]
INFO: [ app_begin ] --START--
INFO: Run Behavior\ReadHtmlCacheBehavior [ RunTime:0.002350s ]
INFO: [ app_begin ] --END-- [ RunTime:0.002438s ]
SQL: SHOW COLUMNS FROM `diuba_users` [ RunTime:0.0039s ]
SQL: SELECT * FROM `diuba_users` WHERE `telephone` = '18941137576' AND `password` = 'e10adc3949ba59abbe56e057f20f883e'  [ RunTime:0.0005s ]
INFO: [ view_parse ] --START--
INFO: [ template_filter ] --START--
INFO: Run Behavior\ContentReplaceBehavior [ RunTime:0.000040s ]
INFO: [ template_filter ] --END-- [ RunTime:0.000094s ]
INFO: Run Behavior\ParseTemplateBehavior [ RunTime:0.007871s ]
INFO: [ view_parse ] --END-- [ RunTime:0.007964s ]
INFO: [ view_filter ] --START--
INFO: Run Behavior\WriteHtmlCacheBehavior [ RunTime:0.001005s ]
INFO: [ view_filter ] --END-- [ RunTime:0.001035s ]

[ 2016-11-25T13:49:45+08:00 ] ::1 /diuba/Home/Index/verify.html
INFO: [ app_init ] --START--
INFO: Run Behavior\BuildLiteBehavior [ RunTime:0.000010s ]
INFO: [ app_init ] --END-- [ RunTime:0.000499s ]
INFO: [ app_begin ] --START--
INFO: Run Behavior\ReadHtmlCacheBehavior [ RunTime:0.000961s ]
INFO: [ app_begin ] --END-- [ RunTime:0.001000s ]
INFO: [ app_end ] --START--
INFO: Run Behavior\ShowPageTraceBehavior [ RunTime:0.000880s ]
INFO: [ app_end ] --END-- [ RunTime:0.000934s ]

[ 2016-11-25T13:49:52+08:00 ] ::1 /diuba/Home/Index/checkLogin.html
INFO: [ app_init ] --START--
INFO: Run Behavior\BuildLiteBehavior [ RunTime:0.000010s ]
INFO: [ app_init ] --END-- [ RunTime:0.000586s ]
INFO: [ app_begin ] --START--
INFO: Run Behavior\ReadHtmlCacheBehavior [ RunTime:0.001839s ]
INFO: [ app_begin ] --END-- [ RunTime:0.001919s ]
SQL: SHOW COLUMNS FROM `diuba_users` [ RunTime:0.0042s ]
INFO: [ view_parse ] --START--
INFO: [ template_filter ] --START--
INFO: Run Behavior\ContentReplaceBehavior [ RunTime:0.000031s ]
INFO: [ template_filter ] --END-- [ RunTime:0.000073s ]
INFO: Run Behavior\ParseTemplateBehavior [ RunTime:0.008238s ]
INFO: [ view_parse ] --END-- [ RunTime:0.008309s ]
INFO: [ view_filter ] --START--
INFO: Run Behavior\WriteHtmlCacheBehavior [ RunTime:0.000953s ]
INFO: [ view_filter ] --END-- [ RunTime:0.000982s ]

[ 2016-11-25T13:49:57+08:00 ] ::1 /diuba/Home/Index/verify.html
INFO: [ app_init ] --START--
INFO: Run Behavior\BuildLiteBehavior [ RunTime:0.000010s ]
INFO: [ app_init ] --END-- [ RunTime:0.000460s ]
INFO: [ app_begin ] --START--
INFO: Run Behavior\ReadHtmlCacheBehavior [ RunTime:0.000743s ]
INFO: [ app_begin ] --END-- [ RunTime:0.000794s ]
INFO: [ app_end ] --START--
INFO: Run Behavior\ShowPageTraceBehavior [ RunTime:0.001405s ]
INFO: [ app_end ] --END-- [ RunTime:0.001491s ]

[ 2016-11-25T13:50:02+08:00 ] ::1 /diuba/Home/Index/checkLogin.html
INFO: [ app_init ] --START--
INFO: Run Behavior\BuildLiteBehavior [ RunTime:0.000010s ]
INFO: [ app_init ] --END-- [ RunTime:0.000421s ]
INFO: [ app_begin ] --START--
INFO: Run Behavior\ReadHtmlCacheBehavior [ RunTime:0.000695s ]
INFO: [ app_begin ] --END-- [ RunTime:0.000734s ]
SQL: SHOW COLUMNS FROM `diuba_users` [ RunTime:0.0042s ]
SQL: SELECT * FROM `diuba_users` WHERE `telephone` = '18941137576' AND `password` = 'e10adc3949ba59abbe56e057f20f883e'  [ RunTime:0.0003s ]
INFO: [ view_parse ] --START--
INFO: [ template_filter ] --START--
INFO: Run Behavior\ContentReplaceBehavior [ RunTime:0.000030s ]
INFO: [ template_filter ] --END-- [ RunTime:0.000063s ]
INFO: Run Behavior\ParseTemplateBehavior [ RunTime:0.005560s ]
INFO: [ view_parse ] --END-- [ RunTime:0.005600s ]
INFO: [ view_filter ] --START--
INFO: Run Behavior\WriteHtmlCacheBehavior [ RunTime:0.000599s ]
INFO: [ view_filter ] --END-- [ RunTime:0.000628s ]

[ 2016-11-25T13:52:13+08:00 ] ::1 /diuba/Home/Index/verify.html
INFO: [ app_init ] --START--
INFO: Run Behavior\BuildLiteBehavior [ RunTime:0.000011s ]
INFO: [ app_init ] --END-- [ RunTime:0.000553s ]
INFO: [ app_begin ] --START--
INFO: Run Behavior\ReadHtmlCacheBehavior [ RunTime:0.000887s ]
INFO: [ app_begin ] --END-- [ RunTime:0.000938s ]
INFO: [ app_end ] --START--
INFO: Run Behavior\ShowPageTraceBehavior [ RunTime:0.001146s ]
INFO: [ app_end ] --END-- [ RunTime:0.001223s ]

[ 2016-11-25T13:52:19+08:00 ] ::1 /diuba/Home/Index/checkLogin.html
INFO: [ app_init ] --START--
INFO: Run Behavior\BuildLiteBehavior [ RunTime:0.000012s ]
INFO: [ app_init ] --END-- [ RunTime:0.000448s ]
INFO: [ app_begin ] --START--
INFO: Run Behavior\ReadHtmlCacheBehavior [ RunTime:0.000837s ]
INFO: [ app_begin ] --END-- [ RunTime:0.000909s ]
SQL: SHOW COLUMNS FROM `diuba_users` [ RunTime:0.0043s ]
SQL: SELECT * FROM `diuba_users` WHERE `telephone` = '18941137576' AND `password` = '202cb962ac59075b964b07152d234b70'  [ RunTime:0.0005s ]

[ 2016-11-25T13:52:19+08:00 ] ::1 /diuba/Home/Goods/goods.html
INFO: [ app_init ] --START--
INFO: Run Behavior\BuildLiteBehavior [ RunTime:0.000011s ]
INFO: [ app_init ] --END-- [ RunTime:0.000435s ]
INFO: [ app_begin ] --START--
INFO: Run Behavior\ReadHtmlCacheBehavior [ RunTime:0.000708s ]
INFO: [ app_begin ] --END-- [ RunTime:0.000751s ]
SQL: SHOW COLUMNS FROM `diuba_users` [ RunTime:0.0033s ]
SQL: SELECT * FROM `diuba_users` WHERE `telephone` = '18941137576' LIMIT 1   [ RunTime:0.0003s ]
SQL: SHOW COLUMNS FROM `diuba_goods` [ RunTime:0.0046s ]
SQL: SELECT COUNT(*) AS tp_count FROM `diuba_goods` LIMIT 1   [ RunTime:0.0004s ]
NOTIC: [8] Undefined variable: pageSize C:\xampp\htdocs\diuba\App\Home\Controller\GoodsController.class.php 第 19 行.
NOTIC: [8] Undefined variable: records C:\xampp\htdocs\diuba\App\Home\Controller\GoodsController.class.php 第 19 行.
NOTIC: [2] Division by zero C:\xampp\htdocs\diuba\App\Home\Controller\GoodsController.class.php 第 19 行.
SQL: SELECT * FROM `diuba_goods` ORDER BY id desc LIMIT 0,1   [ RunTime:0.0005s ]
INFO: [ view_parse ] --START--
INFO: [ template_filter ] --START--
INFO: Run Behavior\ContentReplaceBehavior [ RunTime:0.000167s ]
INFO: [ template_filter ] --END-- [ RunTime:0.000257s ]
NOTIC: [8] Use of undefined constant goodsadd - assumed 'goodsadd' C:\xampp\htdocs\diuba\App\Runtime\Cache\Home\b6ee958afc6bab35b4ef7aed02f4caf6.php 第 168 行.
NOTIC: [8] Use of undefined constant printQrcode - assumed 'printQrcode' C:\xampp\htdocs\diuba\App\Runtime\Cache\Home\b6ee958afc6bab35b4ef7aed02f4caf6.php 第 185 行.
NOTIC: [8] Undefined index: username C:\xampp\htdocs\diuba\App\Runtime\Cache\Home\b6ee958afc6bab35b4ef7aed02f4caf6.php 第 216 行.
INFO: Run Behavior\ParseTemplateBehavior [ RunTime:0.013406s ]
INFO: [ view_parse ] --END-- [ RunTime:0.013467s ]
INFO: [ view_filter ] --START--
INFO: Run Behavior\WriteHtmlCacheBehavior [ RunTime:0.000638s ]
INFO: [ view_filter ] --END-- [ RunTime:0.000667s ]
INFO: [ app_end ] --START--
INFO: Run Behavior\ShowPageTraceBehavior [ RunTime:0.000792s ]
INFO: [ app_end ] --END-- [ RunTime:0.000837s ]

[ 2016-11-25T13:52:24+08:00 ] ::1 /diuba/Home/Goods/goods/p/2.html
INFO: [ app_init ] --START--
INFO: Run Behavior\BuildLiteBehavior [ RunTime:0.000010s ]
INFO: [ app_init ] --END-- [ RunTime:0.000527s ]
INFO: [ app_begin ] --START--
INFO: Run Behavior\ReadHtmlCacheBehavior [ RunTime:0.000677s ]
INFO: [ app_begin ] --END-- [ RunTime:0.000715s ]
SQL: SHOW COLUMNS FROM `diuba_users` [ RunTime:0.0030s ]
SQL: SELECT * FROM `diuba_users` WHERE `telephone` = '18941137576' LIMIT 1   [ RunTime:0.0003s ]
SQL: SHOW COLUMNS FROM `diuba_goods` [ RunTime:0.0029s ]
SQL: SELECT COUNT(*) AS tp_count FROM `diuba_goods` LIMIT 1   [ RunTime:0.0002s ]
NOTIC: [8] Undefined variable: pageSize C:\xampp\htdocs\diuba\App\Home\Controller\GoodsController.class.php 第 19 行.
NOTIC: [8] Undefined variable: records C:\xampp\htdocs\diuba\App\Home\Controller\GoodsController.class.php 第 19 行.
NOTIC: [2] Division by zero C:\xampp\htdocs\diuba\App\Home\Controller\GoodsController.class.php 第 19 行.
SQL: SELECT * FROM `diuba_goods` ORDER BY id desc LIMIT 1,1   [ RunTime:0.0002s ]
INFO: [ view_parse ] --START--
INFO: [ template_filter ] --START--
INFO: Run Behavior\ContentReplaceBehavior [ RunTime:0.000104s ]
INFO: [ template_filter ] --END-- [ RunTime:0.000143s ]
NOTIC: [8] Use of undefined constant goodsadd - assumed 'goodsadd' C:\xampp\htdocs\diuba\App\Runtime\Cache\Home\b6ee958afc6bab35b4ef7aed02f4caf6.php 第 168 行.
NOTIC: [8] Use of undefined constant printQrcode - assumed 'printQrcode' C:\xampp\htdocs\diuba\App\Runtime\Cache\Home\b6ee958afc6bab35b4ef7aed02f4caf6.php 第 185 行.
NOTIC: [8] Undefined index: username C:\xampp\htdocs\diuba\App\Runtime\Cache\Home\b6ee958afc6bab35b4ef7aed02f4caf6.php 第 216 行.
INFO: Run Behavior\ParseTemplateBehavior [ RunTime:0.010690s ]
INFO: [ view_parse ] --END-- [ RunTime:0.010726s ]
INFO: [ view_filter ] --START--
INFO: Run Behavior\WriteHtmlCacheBehavior [ RunTime:0.000580s ]
INFO: [ view_filter ] --END-- [ RunTime:0.000609s ]
INFO: [ app_end ] --START--
INFO: Run Behavior\ShowPageTraceBehavior [ RunTime:0.000870s ]
INFO: [ app_end ] --END-- [ RunTime:0.000921s ]

[ 2016-11-25T13:52:26+08:00 ] ::1 /diuba/Home/Goods/goods/p/3.html
INFO: [ app_init ] --START--
INFO: Run Behavior\BuildLiteBehavior [ RunTime:0.000011s ]
INFO: [ app_init ] --END-- [ RunTime:0.000442s ]
INFO: [ app_begin ] --START--
INFO: Run Behavior\ReadHtmlCacheBehavior [ RunTime:0.000707s ]
INFO: [ app_begin ] --END-- [ RunTime:0.000753s ]
SQL: SHOW COLUMNS FROM `diuba_users` [ RunTime:0.0028s ]
SQL: SELECT * FROM `diuba_users` WHERE `telephone` = '18941137576' LIMIT 1   [ RunTime:0.0003s ]
SQL: SHOW COLUMNS FROM `diuba_goods` [ RunTime:0.0027s ]
SQL: SELECT COUNT(*) AS tp_count FROM `diuba_goods` LIMIT 1   [ RunTime:0.0003s ]
NOTIC: [8] Undefined variable: pageSize C:\xampp\htdocs\diuba\App\Home\Controller\GoodsController.class.php 第 19 行.
NOTIC: [8] Undefined variable: records C:\xampp\htdocs\diuba\App\Home\Controller\GoodsController.class.php 第 19 行.
NOTIC: [2] Division by zero C:\xampp\htdocs\diuba\App\Home\Controller\GoodsController.class.php 第 19 行.
SQL: SELECT * FROM `diuba_goods` ORDER BY id desc LIMIT 2,1   [ RunTime:0.0004s ]
INFO: [ view_parse ] --START--
INFO: [ template_filter ] --START--
INFO: Run Behavior\ContentReplaceBehavior [ RunTime:0.000107s ]
INFO: [ template_filter ] --END-- [ RunTime:0.000148s ]
NOTIC: [8] Use of undefined constant goodsadd - assumed 'goodsadd' C:\xampp\htdocs\diuba\App\Runtime\Cache\Home\b6ee958afc6bab35b4ef7aed02f4caf6.php 第 168 行.
NOTIC: [8] Use of undefined constant printQrcode - assumed 'printQrcode' C:\xampp\htdocs\diuba\App\Runtime\Cache\Home\b6ee958afc6bab35b4ef7aed02f4caf6.php 第 185 行.
NOTIC: [8] Undefined index: username C:\xampp\htdocs\diuba\App\Runtime\Cache\Home\b6ee958afc6bab35b4ef7aed02f4caf6.php 第 216 行.
INFO: Run Behavior\ParseTemplateBehavior [ RunTime:0.011504s ]
INFO: [ view_parse ] --END-- [ RunTime:0.011565s ]
INFO: [ view_filter ] --START--
INFO: Run Behavior\WriteHtmlCacheBehavior [ RunTime:0.000615s ]
INFO: [ view_filter ] --END-- [ RunTime:0.000645s ]
INFO: [ app_end ] --START--
INFO: Run Behavior\ShowPageTraceBehavior [ RunTime:0.000873s ]
INFO: [ app_end ] --END-- [ RunTime:0.000922s ]

[ 2016-11-25T13:52:28+08:00 ] ::1 /diuba/Home/Goods/goods/p/2.html
INFO: [ app_init ] --START--
INFO: Run Behavior\BuildLiteBehavior [ RunTime:0.000010s ]
INFO: [ app_init ] --END-- [ RunTime:0.000538s ]
INFO: [ app_begin ] --START--
INFO: Run Behavior\ReadHtmlCacheBehavior [ RunTime:0.000771s ]
INFO: [ app_begin ] --END-- [ RunTime:0.000814s ]
SQL: SHOW COLUMNS FROM `diuba_users` [ RunTime:0.0031s ]
SQL: SELECT * FROM `diuba_users` WHERE `telephone` = '18941137576' LIMIT 1   [ RunTime:0.0003s ]
SQL: SHOW COLUMNS FROM `diuba_goods` [ RunTime:0.0030s ]
SQL: SELECT COUNT(*) AS tp_count FROM `diuba_goods` LIMIT 1   [ RunTime:0.0002s ]
NOTIC: [8] Undefined variable: pageSize C:\xampp\htdocs\diuba\App\Home\Controller\GoodsController.class.php 第 19 行.
NOTIC: [8] Undefined variable: records C:\xampp\htdocs\diuba\App\Home\Controller\GoodsController.class.php 第 19 行.
NOTIC: [2] Division by zero C:\xampp\htdocs\diuba\App\Home\Controller\GoodsController.class.php 第 19 行.
SQL: SELECT * FROM `diuba_goods` ORDER BY id desc LIMIT 1,1   [ RunTime:0.0003s ]
INFO: [ view_parse ] --START--
INFO: [ template_filter ] --START--
INFO: Run Behavior\ContentReplaceBehavior [ RunTime:0.000128s ]
INFO: [ template_filter ] --END-- [ RunTime:0.000165s ]
NOTIC: [8] Use of undefined constant goodsadd - assumed 'goodsadd' C:\xampp\htdocs\diuba\App\Runtime\Cache\Home\b6ee958afc6bab35b4ef7aed02f4caf6.php 第 168 行.
NOTIC: [8] Use of undefined constant printQrcode - assumed 'printQrcode' C:\xampp\htdocs\diuba\App\Runtime\Cache\Home\b6ee958afc6bab35b4ef7aed02f4caf6.php 第 185 行.
NOTIC: [8] Undefined index: username C:\xampp\htdocs\diuba\App\Runtime\Cache\Home\b6ee958afc6bab35b4ef7aed02f4caf6.php 第 216 行.
INFO: Run Behavior\ParseTemplateBehavior [ RunTime:0.009922s ]
INFO: [ view_parse ] --END-- [ RunTime:0.009959s ]
INFO: [ view_filter ] --START--
INFO: Run Behavior\WriteHtmlCacheBehavior [ RunTime:0.000634s ]
INFO: [ view_filter ] --END-- [ RunTime:0.000664s ]
INFO: [ app_end ] --START--
INFO: Run Behavior\ShowPageTraceBehavior [ RunTime:0.000838s ]
INFO: [ app_end ] --END-- [ RunTime:0.000884s ]

[ 2016-11-25T13:52:33+08:00 ] ::1 /diuba/Home/Goods/goods/p/1.html
INFO: [ app_init ] --START--
INFO: Run Behavior\BuildLiteBehavior [ RunTime:0.000009s ]
INFO: [ app_init ] --END-- [ RunTime:0.000516s ]
INFO: [ app_begin ] --START--
INFO: Run Behavior\ReadHtmlCacheBehavior [ RunTime:0.001206s ]
INFO: [ app_begin ] --END-- [ RunTime:0.001415s ]
SQL: SHOW COLUMNS FROM `diuba_users` [ RunTime:0.0034s ]
SQL: SELECT * FROM `diuba_users` WHERE `telephone` = '18941137576' LIMIT 1   [ RunTime:0.0005s ]
SQL: SHOW COLUMNS FROM `diuba_goods` [ RunTime:0.0036s ]
SQL: SELECT COUNT(*) AS tp_count FROM `diuba_goods` LIMIT 1   [ RunTime:0.0002s ]
NOTIC: [8] Undefined variable: pageSize C:\xampp\htdocs\diuba\App\Home\Controller\GoodsController.class.php 第 19 行.
NOTIC: [8] Undefined variable: records C:\xampp\htdocs\diuba\App\Home\Controller\GoodsController.class.php 第 19 行.
NOTIC: [2] Division by zero C:\xampp\htdocs\diuba\App\Home\Controller\GoodsController.class.php 第 19 行.
SQL: SELECT * FROM `diuba_goods` ORDER BY id desc LIMIT 0,1   [ RunTime:0.0002s ]
INFO: [ view_parse ] --START--
INFO: [ template_filter ] --START--
INFO: Run Behavior\ContentReplaceBehavior [ RunTime:0.000108s ]
INFO: [ template_filter ] --END-- [ RunTime:0.000143s ]
NOTIC: [8] Use of undefined constant goodsadd - assumed 'goodsadd' C:\xampp\htdocs\diuba\App\Runtime\Cache\Home\b6ee958afc6bab35b4ef7aed02f4caf6.php 第 168 行.
NOTIC: [8] Use of undefined constant printQrcode - assumed 'printQrcode' C:\xampp\htdocs\diuba\App\Runtime\Cache\Home\b6ee958afc6bab35b4ef7aed02f4caf6.php 第 185 行.
NOTIC: [8] Undefined index: username C:\xampp\htdocs\diuba\App\Runtime\Cache\Home\b6ee958afc6bab35b4ef7aed02f4caf6.php 第 216 行.
INFO: Run Behavior\ParseTemplateBehavior [ RunTime:0.010016s ]
INFO: [ view_parse ] --END-- [ RunTime:0.010066s ]
INFO: [ view_filter ] --START--
INFO: Run Behavior\WriteHtmlCacheBehavior [ RunTime:0.000594s ]
INFO: [ view_filter ] --END-- [ RunTime:0.000624s ]
INFO: [ app_end ] --START--
INFO: Run Behavior\ShowPageTraceBehavior [ RunTime:0.000842s ]
INFO: [ app_end ] --END-- [ RunTime:0.000882s ]

[ 2016-11-25T13:52:35+08:00 ] ::1 /diuba/Home/Goods/goods/p/2.html
INFO: [ app_init ] --START--
INFO: Run Behavior\BuildLiteBehavior [ RunTime:0.000010s ]
INFO: [ app_init ] --END-- [ RunTime:0.000497s ]
INFO: [ app_begin ] --START--
INFO: Run Behavior\ReadHtmlCacheBehavior [ RunTime:0.000744s ]
INFO: [ app_begin ] --END-- [ RunTime:0.000785s ]
SQL: SHOW COLUMNS FROM `diuba_users` [ RunTime:0.0028s ]
SQL: SELECT * FROM `diuba_users` WHERE `telephone` = '18941137576' LIMIT 1   [ RunTime:0.0003s ]
SQL: SHOW COLUMNS FROM `diuba_goods` [ RunTime:0.0036s ]
SQL: SELECT COUNT(*) AS tp_count FROM `diuba_goods` LIMIT 1   [ RunTime:0.0004s ]
NOTIC: [8] Undefined variable: pageSize C:\xampp\htdocs\diuba\App\Home\Controller\GoodsController.class.php 第 19 行.
NOTIC: [8] Undefined variable: records C:\xampp\htdocs\diuba\App\Home\Controller\GoodsController.class.php 第 19 行.
NOTIC: [2] Division by zero C:\xampp\htdocs\diuba\App\Home\Controller\GoodsController.class.php 第 19 行.
SQL: SELECT * FROM `diuba_goods` ORDER BY id desc LIMIT 1,1   [ RunTime:0.0003s ]
INFO: [ view_parse ] --START--
INFO: [ template_filter ] --START--
INFO: Run Behavior\ContentReplaceBehavior [ RunTime:0.000168s ]
INFO: [ template_filter ] --END-- [ RunTime:0.000224s ]
NOTIC: [8] Use of undefined constant goodsadd - assumed 'goodsadd' C:\xampp\htdocs\diuba\App\Runtime\Cache\Home\b6ee958afc6bab35b4ef7aed02f4caf6.php 第 168 行.
NOTIC: [8] Use of undefined constant printQrcode - assumed 'printQrcode' C:\xampp\htdocs\diuba\App\Runtime\Cache\Home\b6ee958afc6bab35b4ef7aed02f4caf6.php 第 185 行.
NOTIC: [8] Undefined index: username C:\xampp\htdocs\diuba\App\Runtime\Cache\Home\b6ee958afc6bab35b4ef7aed02f4caf6.php 第 216 行.
INFO: Run Behavior\ParseTemplateBehavior [ RunTime:0.009924s ]
INFO: [ view_parse ] --END-- [ RunTime:0.009958s ]
INFO: [ view_filter ] --START--
INFO: Run Behavior\WriteHtmlCacheBehavior [ RunTime:0.000617s ]
INFO: [ view_filter ] --END-- [ RunTime:0.000645s ]
INFO: [ app_end ] --START--
INFO: Run Behavior\ShowPageTraceBehavior [ RunTime:0.000842s ]
INFO: [ app_end ] --END-- [ RunTime:0.000909s ]

[ 2016-11-25T13:52:37+08:00 ] ::1 /diuba/Home/Users/userinfo.html
INFO: [ app_init ] --START--
INFO: Run Behavior\BuildLiteBehavior [ RunTime:0.000012s ]
INFO: [ app_init ] --END-- [ RunTime:0.000433s ]
INFO: [ app_begin ] --START--
INFO: Run Behavior\ReadHtmlCacheBehavior [ RunTime:0.000878s ]
INFO: [ app_begin ] --END-- [ RunTime:0.000932s ]
SQL: SHOW COLUMNS FROM `diuba_users` [ RunTime:0.0028s ]
SQL: SELECT * FROM `diuba_users` WHERE `telephone` = '18941137576' LIMIT 1   [ RunTime:0.0003s ]
SQL: SHOW COLUMNS FROM `diuba_find` [ RunTime:0.0028s ]
SQL: SELECT * FROM `diuba_find` ORDER BY id desc  [ RunTime:0.0003s ]
SQL: SELECT * FROM `diuba_find` ORDER BY id desc  [ RunTime:0.0002s ]
SQL: SHOW COLUMNS FROM `diuba_lost` [ RunTime:0.0030s ]
SQL: SELECT * FROM `diuba_lost` ORDER BY id desc  [ RunTime:0.0003s ]
SQL: SELECT COUNT(*) AS tp_count FROM `diuba_find` LIMIT 1   [ RunTime:0.0002s ]
NOTIC: [8] Undefined variable: pageSize C:\xampp\htdocs\diuba\App\Home\Controller\UsersController.class.php 第 56 行.
NOTIC: [8] Undefined variable: records C:\xampp\htdocs\diuba\App\Home\Controller\UsersController.class.php 第 56 行.
NOTIC: [2] Division by zero C:\xampp\htdocs\diuba\App\Home\Controller\UsersController.class.php 第 56 行.
SQL: SELECT * FROM `diuba_find` ORDER BY id desc LIMIT 0,1   [ RunTime:0.0004s ]
SQL: SELECT COUNT(*) AS tp_count FROM `diuba_lost` LIMIT 1   [ RunTime:0.0002s ]
NOTIC: [8] Undefined variable: pageSize C:\xampp\htdocs\diuba\App\Home\Controller\UsersController.class.php 第 65 行.
NOTIC: [8] Undefined variable: records C:\xampp\htdocs\diuba\App\Home\Controller\UsersController.class.php 第 65 行.
NOTIC: [2] Division by zero C:\xampp\htdocs\diuba\App\Home\Controller\UsersController.class.php 第 65 行.
SQL: SELECT * FROM `diuba_lost` ORDER BY id desc LIMIT 0,1   [ RunTime:0.0002s ]
INFO: [ view_parse ] --START--
INFO: [ template_filter ] --START--
INFO: Run Behavior\ContentReplaceBehavior [ RunTime:0.000191s ]
INFO: [ template_filter ] --END-- [ RunTime:0.000238s ]
INFO: Run Behavior\ParseTemplateBehavior [ RunTime:0.012503s ]
INFO: [ view_parse ] --END-- [ RunTime:0.012554s ]
INFO: [ view_filter ] --START--
INFO: Run Behavior\WriteHtmlCacheBehavior [ RunTime:0.000571s ]
INFO: [ view_filter ] --END-- [ RunTime:0.000613s ]
INFO: [ app_end ] --START--
INFO: Run Behavior\ShowPageTraceBehavior [ RunTime:0.002182s ]
INFO: [ app_end ] --END-- [ RunTime:0.002316s ]

[ 2016-11-25T13:52:41+08:00 ] ::1 /diuba/Home/Goods/release.html
INFO: [ app_init ] --START--
INFO: Run Behavior\BuildLiteBehavior [ RunTime:0.000010s ]
INFO: [ app_init ] --END-- [ RunTime:0.000472s ]
INFO: [ app_begin ] --START--
INFO: Run Behavior\ReadHtmlCacheBehavior [ RunTime:0.001412s ]
INFO: [ app_begin ] --END-- [ RunTime:0.001480s ]
ERR: 非法操作:release

[ 2016-11-25T13:52:56+08:00 ] ::1 /diuba/Home/Goods/release.html
INFO: [ app_init ] --START--
INFO: Run Behavior\BuildLiteBehavior [ RunTime:0.000010s ]
INFO: [ app_init ] --END-- [ RunTime:0.000503s ]
INFO: [ app_begin ] --START--
INFO: Run Behavior\ReadHtmlCacheBehavior [ RunTime:0.000743s ]
INFO: [ app_begin ] --END-- [ RunTime:0.000782s ]
ERR: 非法操作:release

[ 2016-11-25T13:54:26+08:00 ] ::1 /diuba/Home/Users/editUser.html
INFO: [ app_init ] --START--
INFO: Run Behavior\BuildLiteBehavior [ RunTime:0.000014s ]
INFO: [ app_init ] --END-- [ RunTime:0.000572s ]
INFO: [ app_begin ] --START--
INFO: Run Behavior\ReadHtmlCacheBehavior [ RunTime:0.000802s ]
INFO: [ app_begin ] --END-- [ RunTime:0.000867s ]
SQL: SHOW COLUMNS FROM `diuba_users` [ RunTime:0.0029s ]
SQL: SELECT * FROM `diuba_users` WHERE `telephone` = '18941137576' LIMIT 1   [ RunTime:0.0003s ]
INFO: [ view_parse ] --START--
INFO: [ template_filter ] --START--
INFO: Run Behavior\ContentReplaceBehavior [ RunTime:0.000809s ]
INFO: [ template_filter ] --END-- [ RunTime:0.001059s ]
NOTIC: [8] Use of undefined constant doUpdate - assumed 'doUpdate' C:\xampp\htdocs\diuba\App\Runtime\Cache\Home\e37c66a69241dc701ab9d2c9f3aa8105.php 第 106 行.
INFO: Run Behavior\ParseTemplateBehavior [ RunTime:0.011652s ]
INFO: [ view_parse ] --END-- [ RunTime:0.011697s ]
INFO: [ view_filter ] --START--
INFO: Run Behavior\WriteHtmlCacheBehavior [ RunTime:0.000891s ]
INFO: [ view_filter ] --END-- [ RunTime:0.000964s ]
INFO: [ app_end ] --START--
INFO: Run Behavior\ShowPageTraceBehavior [ RunTime:0.000983s ]
INFO: [ app_end ] --END-- [ RunTime:0.001043s ]

[ 2016-11-25T13:54:29+08:00 ] ::1 /diuba/Home/Goods/lost_query.html
INFO: [ app_init ] --START--
INFO: Run Behavior\BuildLiteBehavior [ RunTime:0.000013s ]
INFO: [ app_init ] --END-- [ RunTime:0.000420s ]
INFO: [ app_begin ] --START--
INFO: Run Behavior\ReadHtmlCacheBehavior [ RunTime:0.000725s ]
INFO: [ app_begin ] --END-- [ RunTime:0.000771s ]
ERR: 非法操作:lost_query

[ 2016-11-25T13:54:33+08:00 ] ::1 /diuba/Home/Users/editUser.html
INFO: [ app_init ] --START--
INFO: Run Behavior\BuildLiteBehavior [ RunTime:0.000034s ]
INFO: [ app_init ] --END-- [ RunTime:0.000547s ]
INFO: [ app_begin ] --START--
INFO: Run Behavior\ReadHtmlCacheBehavior [ RunTime:0.000710s ]
INFO: [ app_begin ] --END-- [ RunTime:0.000754s ]
SQL: SHOW COLUMNS FROM `diuba_users` [ RunTime:0.0034s ]
SQL: SELECT * FROM `diuba_users` WHERE `telephone` = '18941137576' LIMIT 1   [ RunTime:0.0003s ]
INFO: [ view_parse ] --START--
INFO: [ template_filter ] --START--
INFO: Run Behavior\ContentReplaceBehavior [ RunTime:0.000092s ]
INFO: [ template_filter ] --END-- [ RunTime:0.000137s ]
NOTIC: [8] Use of undefined constant doUpdate - assumed 'doUpdate' C:\xampp\htdocs\diuba\App\Runtime\Cache\Home\e37c66a69241dc701ab9d2c9f3aa8105.php 第 106 行.
INFO: Run Behavior\ParseTemplateBehavior [ RunTime:0.011234s ]
INFO: [ view_parse ] --END-- [ RunTime:0.011272s ]
INFO: [ view_filter ] --START--
INFO: Run Behavior\WriteHtmlCacheBehavior [ RunTime:0.000572s ]
INFO: [ view_filter ] --END-- [ RunTime:0.000606s ]
INFO: [ app_end ] --START--
INFO: Run Behavior\ShowPageTraceBehavior [ RunTime:0.001050s ]
INFO: [ app_end ] --END-- [ RunTime:0.001106s ]

[ 2016-11-25T13:54:37+08:00 ] ::1 /diuba/Home/Users/userinfo/p/2.html
INFO: [ app_init ] --START--
INFO: Run Behavior\BuildLiteBehavior [ RunTime:0.000011s ]
INFO: [ app_init ] --END-- [ RunTime:0.000482s ]
INFO: [ app_begin ] --START--
INFO: Run Behavior\ReadHtmlCacheBehavior [ RunTime:0.000686s ]
INFO: [ app_begin ] --END-- [ RunTime:0.000739s ]
SQL: SHOW COLUMNS FROM `diuba_users` [ RunTime:0.0029s ]
SQL: SELECT * FROM `diuba_users` WHERE `telephone` = '18941137576' LIMIT 1   [ RunTime:0.0003s ]
SQL: SHOW COLUMNS FROM `diuba_find` [ RunTime:0.0029s ]
SQL: SELECT * FROM `diuba_find` ORDER BY id desc  [ RunTime:0.0003s ]
SQL: SELECT * FROM `diuba_find` ORDER BY id desc  [ RunTime:0.0002s ]
SQL: SHOW COLUMNS FROM `diuba_lost` [ RunTime:0.0028s ]
SQL: SELECT * FROM `diuba_lost` ORDER BY id desc  [ RunTime:0.0003s ]
SQL: SELECT COUNT(*) AS tp_count FROM `diuba_find` LIMIT 1   [ RunTime:0.0002s ]
NOTIC: [8] Undefined variable: pageSize C:\xampp\htdocs\diuba\App\Home\Controller\UsersController.class.php 第 56 行.
NOTIC: [8] Undefined variable: records C:\xampp\htdocs\diuba\App\Home\Controller\UsersController.class.php 第 56 行.
NOTIC: [2] Division by zero C:\xampp\htdocs\diuba\App\Home\Controller\UsersController.class.php 第 56 行.
SQL: SELECT * FROM `diuba_find` ORDER BY id desc LIMIT 1,1   [ RunTime:0.0003s ]
SQL: SELECT COUNT(*) AS tp_count FROM `diuba_lost` LIMIT 1   [ RunTime:0.0002s ]
NOTIC: [8] Undefined variable: pageSize C:\xampp\htdocs\diuba\App\Home\Controller\UsersController.class.php 第 65 行.
NOTIC: [8] Undefined variable: records C:\xampp\htdocs\diuba\App\Home\Controller\UsersController.class.php 第 65 行.
NOTIC: [2] Division by zero C:\xampp\htdocs\diuba\App\Home\Controller\UsersController.class.php 第 65 行.
SQL: SELECT * FROM `diuba_lost` ORDER BY id desc LIMIT 1,1   [ RunTime:0.0003s ]
INFO: [ view_parse ] --START--
INFO: [ template_filter ] --START--
INFO: Run Behavior\ContentReplaceBehavior [ RunTime:0.000171s ]
INFO: [ template_filter ] --END-- [ RunTime:0.000213s ]
INFO: Run Behavior\ParseTemplateBehavior [ RunTime:0.011963s ]
INFO: [ view_parse ] --END-- [ RunTime:0.012015s ]
INFO: [ view_filter ] --START--
INFO: Run Behavior\WriteHtmlCacheBehavior [ RunTime:0.000585s ]
INFO: [ view_filter ] --END-- [ RunTime:0.000617s ]
INFO: [ app_end ] --START--
INFO: Run Behavior\ShowPageTraceBehavior [ RunTime:0.001048s ]
INFO: [ app_end ] --END-- [ RunTime:0.001102s ]

[ 2016-11-25T13:55:08+08:00 ] ::1 /diuba/Home/Goods/lost_query.html
INFO: [ app_init ] --START--
INFO: Run Behavior\BuildLiteBehavior [ RunTime:0.000011s ]
INFO: [ app_init ] --END-- [ RunTime:0.000504s ]
INFO: [ app_begin ] --START--
INFO: Run Behavior\ReadHtmlCacheBehavior [ RunTime:0.000696s ]
INFO: [ app_begin ] --END-- [ RunTime:0.000735s ]
ERR: 非法操作:lost_query

[ 2016-11-25T13:55:25+08:00 ] ::1 /diuba/Home/Users/userinfo/p/1.html
INFO: [ app_init ] --START--
INFO: Run Behavior\BuildLiteBehavior [ RunTime:0.000010s ]
INFO: [ app_init ] --END-- [ RunTime:0.000503s ]
INFO: [ app_begin ] --START--
INFO: Run Behavior\ReadHtmlCacheBehavior [ RunTime:0.000731s ]
INFO: [ app_begin ] --END-- [ RunTime:0.000769s ]
SQL: SHOW COLUMNS FROM `diuba_users` [ RunTime:0.0029s ]
SQL: SELECT * FROM `diuba_users` WHERE `telephone` = '18941137576' LIMIT 1   [ RunTime:0.0003s ]
SQL: SHOW COLUMNS FROM `diuba_find` [ RunTime:0.0028s ]
SQL: SELECT * FROM `diuba_find` ORDER BY id desc  [ RunTime:0.0003s ]
SQL: SELECT * FROM `diuba_find` ORDER BY id desc  [ RunTime:0.0002s ]
SQL: SHOW COLUMNS FROM `diuba_lost` [ RunTime:0.0031s ]
SQL: SELECT * FROM `diuba_lost` ORDER BY id desc  [ RunTime:0.0003s ]
SQL: SELECT COUNT(*) AS tp_count FROM `diuba_find` LIMIT 1   [ RunTime:0.0002s ]
NOTIC: [8] Undefined variable: pageSize C:\xampp\htdocs\diuba\App\Home\Controller\UsersController.class.php 第 56 行.
NOTIC: [8] Undefined variable: records C:\xampp\htdocs\diuba\App\Home\Controller\UsersController.class.php 第 56 行.
NOTIC: [2] Division by zero C:\xampp\htdocs\diuba\App\Home\Controller\UsersController.class.php 第 56 行.
SQL: SELECT * FROM `diuba_find` ORDER BY id desc LIMIT 0,1   [ RunTime:0.0003s ]
SQL: SELECT COUNT(*) AS tp_count FROM `diuba_lost` LIMIT 1   [ RunTime:0.0002s ]
NOTIC: [8] Undefined variable: pageSize C:\xampp\htdocs\diuba\App\Home\Controller\UsersController.class.php 第 65 行.
NOTIC: [8] Undefined variable: records C:\xampp\htdocs\diuba\App\Home\Controller\UsersController.class.php 第 65 行.
NOTIC: [2] Division by zero C:\xampp\htdocs\diuba\App\Home\Controller\UsersController.class.php 第 65 行.
SQL: SELECT * FROM `diuba_lost` ORDER BY id desc LIMIT 0,1   [ RunTime:0.0002s ]
INFO: [ view_parse ] --START--
INFO: [ template_filter ] --START--
INFO: Run Behavior\ContentReplaceBehavior [ RunTime:0.000195s ]
INFO: [ template_filter ] --END-- [ RunTime:0.000231s ]
INFO: Run Behavior\ParseTemplateBehavior [ RunTime:0.010960s ]
INFO: [ view_parse ] --END-- [ RunTime:0.011001s ]
INFO: [ view_filter ] --START--
INFO: Run Behavior\WriteHtmlCacheBehavior [ RunTime:0.000583s ]
INFO: [ view_filter ] --END-- [ RunTime:0.000613s ]
INFO: [ app_end ] --START--
INFO: Run Behavior\ShowPageTraceBehavior [ RunTime:0.000928s ]
INFO: [ app_end ] --END-- [ RunTime:0.000971s ]

[ 2016-11-25T13:55:27+08:00 ] ::1 /diuba/Home/Users/userinfo/p/2.html
INFO: [ app_init ] --START--
INFO: Run Behavior\BuildLiteBehavior [ RunTime:0.000030s ]
INFO: [ app_init ] --END-- [ RunTime:0.000589s ]
INFO: [ app_begin ] --START--
INFO: Run Behavior\ReadHtmlCacheBehavior [ RunTime:0.000734s ]
INFO: [ app_begin ] --END-- [ RunTime:0.000777s ]
SQL: SHOW COLUMNS FROM `diuba_users` [ RunTime:0.0031s ]
SQL: SELECT * FROM `diuba_users` WHERE `telephone` = '18941137576' LIMIT 1   [ RunTime:0.0004s ]
SQL: SHOW COLUMNS FROM `diuba_find` [ RunTime:0.0043s ]
SQL: SELECT * FROM `diuba_find` ORDER BY id desc  [ RunTime:0.0003s ]
SQL: SELECT * FROM `diuba_find` ORDER BY id desc  [ RunTime:0.0003s ]
SQL: SHOW COLUMNS FROM `diuba_lost` [ RunTime:0.0032s ]
SQL: SELECT * FROM `diuba_lost` ORDER BY id desc  [ RunTime:0.0003s ]
SQL: SELECT COUNT(*) AS tp_count FROM `diuba_find` LIMIT 1   [ RunTime:0.0002s ]
NOTIC: [8] Undefined variable: pageSize C:\xampp\htdocs\diuba\App\Home\Controller\UsersController.class.php 第 56 行.
NOTIC: [8] Undefined variable: records C:\xampp\htdocs\diuba\App\Home\Controller\UsersController.class.php 第 56 行.
NOTIC: [2] Division by zero C:\xampp\htdocs\diuba\App\Home\Controller\UsersController.class.php 第 56 行.
SQL: SELECT * FROM `diuba_find` ORDER BY id desc LIMIT 1,1   [ RunTime:0.0003s ]
SQL: SELECT COUNT(*) AS tp_count FROM `diuba_lost` LIMIT 1   [ RunTime:0.0002s ]
NOTIC: [8] Undefined variable: pageSize C:\xampp\htdocs\diuba\App\Home\Controller\UsersController.class.php 第 65 行.
NOTIC: [8] Undefined variable: records C:\xampp\htdocs\diuba\App\Home\Controller\UsersController.class.php 第 65 行.
NOTIC: [2] Division by zero C:\xampp\htdocs\diuba\App\Home\Controller\UsersController.class.php 第 65 行.
SQL: SELECT * FROM `diuba_lost` ORDER BY id desc LIMIT 1,1   [ RunTime:0.0002s ]
INFO: [ view_parse ] --START--
INFO: [ template_filter ] --START--
INFO: Run Behavior\ContentReplaceBehavior [ RunTime:0.000171s ]
INFO: [ template_filter ] --END-- [ RunTime:0.000209s ]
INFO: Run Behavior\ParseTemplateBehavior [ RunTime:0.011538s ]
INFO: [ view_parse ] --END-- [ RunTime:0.011584s ]
INFO: [ view_filter ] --START--
INFO: Run Behavior\WriteHtmlCacheBehavior [ RunTime:0.000611s ]
INFO: [ view_filter ] --END-- [ RunTime:0.000642s ]
INFO: [ app_end ] --START--
INFO: Run Behavior\ShowPageTraceBehavior [ RunTime:0.000917s ]
INFO: [ app_end ] --END-- [ RunTime:0.000958s ]

[ 2016-11-25T13:55:37+08:00 ] ::1 /diuba/Home/Index/index.html
INFO: [ app_init ] --START--
INFO: Run Behavior\BuildLiteBehavior [ RunTime:0.000011s ]
INFO: [ app_init ] --END-- [ RunTime:0.000505s ]
INFO: [ app_begin ] --START--
INFO: Run Behavior\ReadHtmlCacheBehavior [ RunTime:0.000783s ]
INFO: [ app_begin ] --END-- [ RunTime:0.000831s ]
INFO: [ view_parse ] --START--
INFO: [ template_filter ] --START--
INFO: Run Behavior\ContentReplaceBehavior [ RunTime:0.000106s ]
INFO: [ template_filter ] --END-- [ RunTime:0.000153s ]
NOTIC: [8] Undefined variable: findnum C:\xampp\htdocs\diuba\App\Runtime\Cache\Home\00e52909bed743ea261af4b6823297ff.php 第 142 行.
NOTIC: [8] Undefined variable: lostnum C:\xampp\htdocs\diuba\App\Runtime\Cache\Home\00e52909bed743ea261af4b6823297ff.php 第 143 行.
NOTIC: [8] Undefined variable: all C:\xampp\htdocs\diuba\App\Runtime\Cache\Home\00e52909bed743ea261af4b6823297ff.php 第 144 行.
NOTIC: [8] Undefined variable: lostlist C:\xampp\htdocs\diuba\App\Runtime\Cache\Home\00e52909bed743ea261af4b6823297ff.php 第 162 行.
NOTIC: [8] Undefined variable: findlist C:\xampp\htdocs\diuba\App\Runtime\Cache\Home\00e52909bed743ea261af4b6823297ff.php 第 190 行.
INFO: Run Behavior\ParseTemplateBehavior [ RunTime:0.010344s ]
INFO: [ view_parse ] --END-- [ RunTime:0.010382s ]
INFO: [ view_filter ] --START--
INFO: Run Behavior\WriteHtmlCacheBehavior [ RunTime:0.000678s ]
INFO: [ view_filter ] --END-- [ RunTime:0.000712s ]
INFO: [ app_end ] --START--
INFO: Run Behavior\ShowPageTraceBehavior [ RunTime:0.000825s ]
INFO: [ app_end ] --END-- [ RunTime:0.000867s ]

[ 2016-11-25T13:55:41+08:00 ] ::1 /diuba/Home/Index/login.html
INFO: [ app_init ] --START--
INFO: Run Behavior\BuildLiteBehavior [ RunTime:0.000011s ]
INFO: [ app_init ] --END-- [ RunTime:0.000479s ]
INFO: [ app_begin ] --START--
INFO: Run Behavior\ReadHtmlCacheBehavior [ RunTime:0.000762s ]
INFO: [ app_begin ] --END-- [ RunTime:0.000799s ]
INFO: [ view_parse ] --START--
INFO: [ template_filter ] --START--
INFO: Run Behavior\ContentReplaceBehavior [ RunTime:0.000085s ]
INFO: [ template_filter ] --END-- [ RunTime:0.000134s ]
NOTIC: [8] Use of undefined constant checkLogin - assumed 'checkLogin' C:\xampp\htdocs\diuba\App\Runtime\Cache\Home\b85c7d4521605c805b2409b4b881b8b6.php 第 90 行.
INFO: Run Behavior\ParseTemplateBehavior [ RunTime:0.008479s ]
INFO: [ view_parse ] --END-- [ RunTime:0.008528s ]
INFO: [ view_filter ] --START--
INFO: Run Behavior\WriteHtmlCacheBehavior [ RunTime:0.001275s ]
INFO: [ view_filter ] --END-- [ RunTime:0.001316s ]
INFO: [ app_end ] --START--
INFO: Run Behavior\ShowPageTraceBehavior [ RunTime:0.000940s ]
INFO: [ app_end ] --END-- [ RunTime:0.000994s ]

[ 2016-11-25T13:55:41+08:00 ] ::1 /diuba/Home/Index/verify.html
INFO: [ app_init ] --START--
INFO: Run Behavior\BuildLiteBehavior [ RunTime:0.000011s ]
INFO: [ app_init ] --END-- [ RunTime:0.000437s ]
INFO: [ app_begin ] --START--
INFO: Run Behavior\ReadHtmlCacheBehavior [ RunTime:0.000904s ]
INFO: [ app_begin ] --END-- [ RunTime:0.000951s ]
INFO: [ app_end ] --START--
INFO: Run Behavior\ShowPageTraceBehavior [ RunTime:0.000791s ]
INFO: [ app_end ] --END-- [ RunTime:0.000847s ]

[ 2016-11-25T13:55:49+08:00 ] ::1 /diuba/Home/Goods/goods.html
INFO: [ app_init ] --START--
INFO: Run Behavior\BuildLiteBehavior [ RunTime:0.000009s ]
INFO: [ app_init ] --END-- [ RunTime:0.000433s ]
INFO: [ app_begin ] --START--
INFO: Run Behavior\ReadHtmlCacheBehavior [ RunTime:0.000668s ]
INFO: [ app_begin ] --END-- [ RunTime:0.000707s ]
SQL: SHOW COLUMNS FROM `diuba_users` [ RunTime:0.0032s ]
SQL: SELECT * FROM `diuba_users` WHERE `telephone` = '18941137576' LIMIT 1   [ RunTime:0.0003s ]
SQL: SHOW COLUMNS FROM `diuba_goods` [ RunTime:0.0028s ]
SQL: SELECT COUNT(*) AS tp_count FROM `diuba_goods` LIMIT 1   [ RunTime:0.0002s ]
NOTIC: [8] Undefined variable: pageSize C:\xampp\htdocs\diuba\App\Home\Controller\GoodsController.class.php 第 19 行.
NOTIC: [8] Undefined variable: records C:\xampp\htdocs\diuba\App\Home\Controller\GoodsController.class.php 第 19 行.
NOTIC: [2] Division by zero C:\xampp\htdocs\diuba\App\Home\Controller\GoodsController.class.php 第 19 行.
SQL: SELECT * FROM `diuba_goods` ORDER BY id desc LIMIT 0,1   [ RunTime:0.0002s ]
INFO: [ view_parse ] --START--
INFO: [ template_filter ] --START--
INFO: Run Behavior\ContentReplaceBehavior [ RunTime:0.000108s ]
INFO: [ template_filter ] --END-- [ RunTime:0.000148s ]
NOTIC: [8] Use of undefined constant goodsadd - assumed 'goodsadd' C:\xampp\htdocs\diuba\App\Runtime\Cache\Home\b6ee958afc6bab35b4ef7aed02f4caf6.php 第 168 行.
NOTIC: [8] Use of undefined constant printQrcode - assumed 'printQrcode' C:\xampp\htdocs\diuba\App\Runtime\Cache\Home\b6ee958afc6bab35b4ef7aed02f4caf6.php 第 185 行.
NOTIC: [8] Undefined index: username C:\xampp\htdocs\diuba\App\Runtime\Cache\Home\b6ee958afc6bab35b4ef7aed02f4caf6.php 第 216 行.
INFO: Run Behavior\ParseTemplateBehavior [ RunTime:0.011127s ]
INFO: [ view_parse ] --END-- [ RunTime:0.011166s ]
INFO: [ view_filter ] --START--
INFO: Run Behavior\WriteHtmlCacheBehavior [ RunTime:0.000598s ]
INFO: [ view_filter ] --END-- [ RunTime:0.000627s ]
INFO: [ app_end ] --START--
INFO: Run Behavior\ShowPageTraceBehavior [ RunTime:0.000948s ]
INFO: [ app_end ] --END-- [ RunTime:0.001013s ]

[ 2016-11-25T13:56:00+08:00 ] ::1 /diuba/Home/Goods/goods/p/2.html
INFO: [ app_init ] --START--
INFO: Run Behavior\BuildLiteBehavior [ RunTime:0.000013s ]
INFO: [ app_init ] --END-- [ RunTime:0.000509s ]
INFO: [ app_begin ] --START--
INFO: Run Behavior\ReadHtmlCacheBehavior [ RunTime:0.000680s ]
INFO: [ app_begin ] --END-- [ RunTime:0.000726s ]
SQL: SHOW COLUMNS FROM `diuba_users` [ RunTime:0.0032s ]
SQL: SELECT * FROM `diuba_users` WHERE `telephone` = '18941137576' LIMIT 1   [ RunTime:0.0003s ]
SQL: SHOW COLUMNS FROM `diuba_goods` [ RunTime:0.0037s ]
SQL: SELECT COUNT(*) AS tp_count FROM `diuba_goods` LIMIT 1   [ RunTime:0.0002s ]
NOTIC: [8] Undefined variable: pageSize C:\xampp\htdocs\diuba\App\Home\Controller\GoodsController.class.php 第 19 行.
NOTIC: [8] Undefined variable: records C:\xampp\htdocs\diuba\App\Home\Controller\GoodsController.class.php 第 19 行.
NOTIC: [2] Division by zero C:\xampp\htdocs\diuba\App\Home\Controller\GoodsController.class.php 第 19 行.
SQL: SELECT * FROM `diuba_goods` ORDER BY id desc LIMIT 1,1   [ RunTime:0.0002s ]
INFO: [ view_parse ] --START--
INFO: [ template_filter ] --START--
INFO: Run Behavior\ContentReplaceBehavior [ RunTime:0.000104s ]
INFO: [ template_filter ] --END-- [ RunTime:0.000142s ]
NOTIC: [8] Use of undefined constant goodsadd - assumed 'goodsadd' C:\xampp\htdocs\diuba\App\Runtime\Cache\Home\b6ee958afc6bab35b4ef7aed02f4caf6.php 第 168 行.
NOTIC: [8] Use of undefined constant printQrcode - assumed 'printQrcode' C:\xampp\htdocs\diuba\App\Runtime\Cache\Home\b6ee958afc6bab35b4ef7aed02f4caf6.php 第 185 行.
NOTIC: [8] Undefined index: username C:\xampp\htdocs\diuba\App\Runtime\Cache\Home\b6ee958afc6bab35b4ef7aed02f4caf6.php 第 216 行.
INFO: Run Behavior\ParseTemplateBehavior [ RunTime:0.009729s ]
INFO: [ view_parse ] --END-- [ RunTime:0.009765s ]
INFO: [ view_filter ] --START--
INFO: Run Behavior\WriteHtmlCacheBehavior [ RunTime:0.000514s ]
INFO: [ view_filter ] --END-- [ RunTime:0.000544s ]
INFO: [ app_end ] --START--
INFO: Run Behavior\ShowPageTraceBehavior [ RunTime:0.001126s ]
INFO: [ app_end ] --END-- [ RunTime:0.001195s ]

[ 2016-11-25T13:56:02+08:00 ] ::1 /diuba/Home/Goods/goods/p/3.html
INFO: [ app_init ] --START--
INFO: Run Behavior\BuildLiteBehavior [ RunTime:0.000011s ]
INFO: [ app_init ] --END-- [ RunTime:0.000473s ]
INFO: [ app_begin ] --START--
INFO: Run Behavior\ReadHtmlCacheBehavior [ RunTime:0.000713s ]
INFO: [ app_begin ] --END-- [ RunTime:0.000751s ]
SQL: SHOW COLUMNS FROM `diuba_users` [ RunTime:0.0028s ]
SQL: SELECT * FROM `diuba_users` WHERE `telephone` = '18941137576' LIMIT 1   [ RunTime:0.0003s ]
SQL: SHOW COLUMNS FROM `diuba_goods` [ RunTime:0.0030s ]
SQL: SELECT COUNT(*) AS tp_count FROM `diuba_goods` LIMIT 1   [ RunTime:0.0002s ]
NOTIC: [8] Undefined variable: pageSize C:\xampp\htdocs\diuba\App\Home\Controller\GoodsController.class.php 第 19 行.
NOTIC: [8] Undefined variable: records C:\xampp\htdocs\diuba\App\Home\Controller\GoodsController.class.php 第 19 行.
NOTIC: [2] Division by zero C:\xampp\htdocs\diuba\App\Home\Controller\GoodsController.class.php 第 19 行.
SQL: SELECT * FROM `diuba_goods` ORDER BY id desc LIMIT 2,1   [ RunTime:0.0002s ]
INFO: [ view_parse ] --START--
INFO: [ template_filter ] --START--
INFO: Run Behavior\ContentReplaceBehavior [ RunTime:0.000114s ]
INFO: [ template_filter ] --END-- [ RunTime:0.000168s ]
NOTIC: [8] Use of undefined constant goodsadd - assumed 'goodsadd' C:\xampp\htdocs\diuba\App\Runtime\Cache\Home\b6ee958afc6bab35b4ef7aed02f4caf6.php 第 168 行.
NOTIC: [8] Use of undefined constant printQrcode - assumed 'printQrcode' C:\xampp\htdocs\diuba\App\Runtime\Cache\Home\b6ee958afc6bab35b4ef7aed02f4caf6.php 第 185 行.
NOTIC: [8] Undefined index: username C:\xampp\htdocs\diuba\App\Runtime\Cache\Home\b6ee958afc6bab35b4ef7aed02f4caf6.php 第 216 行.
INFO: Run Behavior\ParseTemplateBehavior [ RunTime:0.010207s ]
INFO: [ view_parse ] --END-- [ RunTime:0.010242s ]
INFO: [ view_filter ] --START--
INFO: Run Behavior\WriteHtmlCacheBehavior [ RunTime:0.000553s ]
INFO: [ view_filter ] --END-- [ RunTime:0.000583s ]
INFO: [ app_end ] --START--
INFO: Run Behavior\ShowPageTraceBehavior [ RunTime:0.000779s ]
INFO: [ app_end ] --END-- [ RunTime:0.000837s ]

[ 2016-11-25T13:56:14+08:00 ] ::1 /diuba/Home/Users/userinfo.html
INFO: [ app_init ] --START--
INFO: Run Behavior\BuildLiteBehavior [ RunTime:0.000010s ]
INFO: [ app_init ] --END-- [ RunTime:0.000460s ]
INFO: [ app_begin ] --START--
INFO: Run Behavior\ReadHtmlCacheBehavior [ RunTime:0.000728s ]
INFO: [ app_begin ] --END-- [ RunTime:0.000768s ]
SQL: SHOW COLUMNS FROM `diuba_users` [ RunTime:0.0028s ]
SQL: SELECT * FROM `diuba_users` WHERE `telephone` = '18941137576' LIMIT 1   [ RunTime:0.0003s ]
SQL: SHOW COLUMNS FROM `diuba_find` [ RunTime:0.0033s ]
SQL: SELECT * FROM `diuba_find` ORDER BY id desc  [ RunTime:0.0003s ]
SQL: SELECT * FROM `diuba_find` ORDER BY id desc  [ RunTime:0.0002s ]
SQL: SHOW COLUMNS FROM `diuba_lost` [ RunTime:0.0030s ]
SQL: SELECT * FROM `diuba_lost` ORDER BY id desc  [ RunTime:0.0003s ]
SQL: SELECT COUNT(*) AS tp_count FROM `diuba_find` LIMIT 1   [ RunTime:0.0002s ]
NOTIC: [8] Undefined variable: pageSize C:\xampp\htdocs\diuba\App\Home\Controller\UsersController.class.php 第 56 行.
NOTIC: [8] Undefined variable: records C:\xampp\htdocs\diuba\App\Home\Controller\UsersController.class.php 第 56 行.
NOTIC: [2] Division by zero C:\xampp\htdocs\diuba\App\Home\Controller\UsersController.class.php 第 56 行.
SQL: SELECT * FROM `diuba_find` ORDER BY id desc LIMIT 0,1   [ RunTime:0.0003s ]
SQL: SELECT COUNT(*) AS tp_count FROM `diuba_lost` LIMIT 1   [ RunTime:0.0002s ]
NOTIC: [8] Undefined variable: pageSize C:\xampp\htdocs\diuba\App\Home\Controller\UsersController.class.php 第 65 行.
NOTIC: [8] Undefined variable: records C:\xampp\htdocs\diuba\App\Home\Controller\UsersController.class.php 第 65 行.
NOTIC: [2] Division by zero C:\xampp\htdocs\diuba\App\Home\Controller\UsersController.class.php 第 65 行.
SQL: SELECT * FROM `diuba_lost` ORDER BY id desc LIMIT 0,1   [ RunTime:0.0003s ]
INFO: [ view_parse ] --START--
INFO: [ template_filter ] --START--
INFO: Run Behavior\ContentReplaceBehavior [ RunTime:0.000170s ]
INFO: [ template_filter ] --END-- [ RunTime:0.000211s ]
INFO: Run Behavior\ParseTemplateBehavior [ RunTime:0.011506s ]
INFO: [ view_parse ] --END-- [ RunTime:0.011578s ]
INFO: [ view_filter ] --START--
INFO: Run Behavior\WriteHtmlCacheBehavior [ RunTime:0.000595s ]
INFO: [ view_filter ] --END-- [ RunTime:0.000631s ]
INFO: [ app_end ] --START--
INFO: Run Behavior\ShowPageTraceBehavior [ RunTime:0.000759s ]
INFO: [ app_end ] --END-- [ RunTime:0.000800s ]

[ 2016-11-25T13:57:14+08:00 ] ::1 /diuba/Home/Goods/lost_query.html
INFO: [ app_init ] --START--
INFO: Run Behavior\BuildLiteBehavior [ RunTime:0.000010s ]
INFO: [ app_init ] --END-- [ RunTime:0.000452s ]
INFO: [ app_begin ] --START--
INFO: Run Behavior\ReadHtmlCacheBehavior [ RunTime:0.000719s ]
INFO: [ app_begin ] --END-- [ RunTime:0.000757s ]
ERR: 非法操作:lost_query

[ 2016-11-25T14:32:19+08:00 ] ::1 /diuba/
INFO: [ app_init ] --START--
INFO: Run Behavior\BuildLiteBehavior [ RunTime:0.000009s ]
INFO: [ app_init ] --END-- [ RunTime:0.000496s ]
INFO: [ app_begin ] --START--
INFO: Run Behavior\ReadHtmlCacheBehavior [ RunTime:0.000745s ]
INFO: [ app_begin ] --END-- [ RunTime:0.000782s ]
INFO: [ view_parse ] --START--
INFO: [ template_filter ] --START--
INFO: Run Behavior\ContentReplaceBehavior [ RunTime:0.000103s ]
INFO: [ template_filter ] --END-- [ RunTime:0.000145s ]
NOTIC: [8] Undefined variable: findnum C:\xampp\htdocs\diuba\App\Runtime\Cache\Home\00e52909bed743ea261af4b6823297ff.php 第 142 行.
NOTIC: [8] Undefined variable: lostnum C:\xampp\htdocs\diuba\App\Runtime\Cache\Home\00e52909bed743ea261af4b6823297ff.php 第 143 行.
NOTIC: [8] Undefined variable: all C:\xampp\htdocs\diuba\App\Runtime\Cache\Home\00e52909bed743ea261af4b6823297ff.php 第 144 行.
NOTIC: [8] Undefined variable: lostlist C:\xampp\htdocs\diuba\App\Runtime\Cache\Home\00e52909bed743ea261af4b6823297ff.php 第 162 行.
NOTIC: [8] Undefined variable: findlist C:\xampp\htdocs\diuba\App\Runtime\Cache\Home\00e52909bed743ea261af4b6823297ff.php 第 190 行.
INFO: Run Behavior\ParseTemplateBehavior [ RunTime:0.011445s ]
INFO: [ view_parse ] --END-- [ RunTime:0.011478s ]
INFO: [ view_filter ] --START--
INFO: Run Behavior\WriteHtmlCacheBehavior [ RunTime:0.000540s ]
INFO: [ view_filter ] --END-- [ RunTime:0.000570s ]
INFO: [ app_end ] --START--
INFO: Run Behavior\ShowPageTraceBehavior [ RunTime:0.000914s ]
INFO: [ app_end ] --END-- [ RunTime:0.000982s ]

